#
# A fatal error has been detected by the Java Runtime Environment:
#
#  SIGSEGV (0xb) at pc=0x00007fabe12001bd, pid=3615, tid=140376200677120
#
# JRE version: OpenJDK Runtime Environment (7.0_91-b02) (build 1.7.0_91-b02)
# Java VM: OpenJDK 64-Bit Server VM (24.91-b01 mixed mode linux-amd64 compressed oops)
# Derivative: IcedTea 2.6.3
# Distribution: Ubuntu 14.04 LTS, package 7u91-2.6.3-0ubuntu0.14.04.1
# Problematic frame:
# C  [libc.so.6+0x981bd]
#
# Failed to write core dump. Core dumps have been disabled. To enable core dumping, try "ulimit -c unlimited" before starting Java again
#
# If you would like to submit a bug report, please include
# instructions on how to reproduce the bug and visit:
#   http://icedtea.classpath.org/bugzilla
# The crash happened outside the Java Virtual Machine in native code.
# See problematic frame for where to report the bug.
#

---------------  T H R E A D  ---------------

Current thread (0x00007fabd800a000):  JavaThread "main" [_thread_in_native, id=3619, stack(0x00007fabe1838000,0x00007fabe1939000)]

siginfo:si_signo=SIGSEGV: si_errno=0, si_code=1 (SEGV_MAPERR), si_addr=0x0000000000000000

Registers:
RAX=0xffff805423ffbff4, RBX=0x0000000000000000, RCX=0x0000000000000018, RDX=0x000000000000000c
RSP=0x00007fabe19372e8, RBP=0x0000000000000023, RSI=0x0000000000000000, RDI=0x00007fabdc004000
R8 =0x00007fabdc043eb0, R9 =0x0000000000000024, R10=0x0000000000000000, R11=0x0000000000000246
R12=0x000000000000000c, R13=0x0000000000000060, R14=0x00007fabdc043ea8, R15=0x000000000000000c
RIP=0x00007fabe12001bd, EFLAGS=0x0000000000010202, CSGSFS=0x0000000000000033, ERR=0x0000000000000004
  TRAPNO=0x000000000000000e

Top of Stack: (sp=0x00007fabe19372e8)
0x00007fabe19372e8:   00007fab9b524a0e 00007fabd500ecd8
0x00007fabe19372f8:   00000024dc020038 00007fabd8662120
0x00007fabe1937308:   00007fabdc043eb0 00007fabdc020038
0x00007fabe1937318:   00007fabe1937370 00007fabdc043da8
0x00007fabe1937328:   0000000000000000 0000000000000000
0x00007fabe1937338:   00007fab9b5252f4 00007fabd500ecd8
0x00007fabe1937348:   00007fab00000001 0000002300000000
0x00007fabe1937358:   0000000000000000 00007fabd8661f00
0x00007fabe1937368:   0000002300000001 00007fabdc043da8
0x00007fabe1937378:   00007fabe1937480 0000000000000003
0x00007fabe1937388:   0000000100000001 00007fabe1937400
0x00007fabe1937398:   0000000000000001 00007fabd8661f00
0x00007fabe19373a8:   0000000000000000 0000000000000000
0x00007fabe19373b8:   0000000000000001 00007fabdc020038
0x00007fabe19373c8:   00007fab9b5cc80c 0000000800000000
0x00007fabe19373d8:   0000000700000000 0000000700000001
0x00007fabe19373e8:   0000000000000320 00007fab00000258
0x00007fabe19373f8:   00007fab00000001 0000000000000000
0x00007fabe1937408:   00007fab00000000 000000019b995ce8
0x00007fabe1937418:   00007fab00000001 0000000100000000
0x00007fabe1937428:   00007fabd8655670 00007fabdc020038
0x00007fabe1937438:   00007fabd8655670 0000000000000001
0x00007fabe1937448:   0000000000000320 0000000000000258
0x00007fabe1937458:   00007fabd8661f00 00007fabdc020038
0x00007fabe1937468:   00007fab9b586d7c 00007fab00000001
0x00007fabe1937478:   00007fab00000001 0000000000000320
0x00007fabe1937488:   00007fabdc020038 00007fabdc045138
0x00007fabe1937498:   0000000000000036 0000000000000078
0x00007fabe19374a8:   00007fabe1937600 00007fab9b995ce8
0x00007fabe19374b8:   00007fab9b5cdc8c 0000032000000000
0x00007fabe19374c8:   00007fabdc020038 00007fabdc045138
0x00007fabe19374d8:   0000000000000036 00007fab9b995ce8 

Instructions: (pc=0x00007fabe12001bd)
0x00007fabe120019d:   b7 44 16 fe 66 89 44 17 fe e9 63 fe ff ff 48 8d
0x00007fabe12001ad:   42 ff 90 0f b6 14 06 88 14 07 48 83 e8 01 eb f3
0x00007fabe12001bd:   48 8b 06 48 89 07 48 8b 44 16 f8 48 89 44 17 f8
0x00007fabe12001cd:   e9 3c fe ff ff 31 c0 eb 90 8b 06 89 07 8b 44 16 

Register to memory mapping:

RAX=0xffff805423ffbff4 is an unknown value
RBX=0x0000000000000000 is an unknown value
RCX=0x0000000000000018 is an unknown value
RDX=0x000000000000000c is an unknown value
RSP=0x00007fabe19372e8 is pointing into the stack for thread: 0x00007fabd800a000
RBP=0x0000000000000023 is an unknown value
RSI=0x0000000000000000 is an unknown value
RDI=0x00007fabdc004000 is an unknown value
R8 =0x00007fabdc043eb0 is an unknown value
R9 =0x0000000000000024 is an unknown value
R10=0x0000000000000000 is an unknown value
R11=0x0000000000000246 is an unknown value
R12=0x000000000000000c is an unknown value
R13=0x0000000000000060 is an unknown value
R14=0x00007fabdc043ea8 is an unknown value
R15=0x000000000000000c is an unknown value


Stack: [0x00007fabe1838000,0x00007fabe1939000],  sp=0x00007fabe19372e8,  free space=1020k
Native frames: (J=compiled Java code, j=interpreted, Vv=VM code, C=native code)
C  [libc.so.6+0x981bd]

Java frames: (J=compiled Java code, j=interpreted, Vv=VM code)
j  org.lwjgl.system.JNI.callIIIV(JIII)V+0
j  org.lwjgl.opengl.GL11.glDrawArrays(III)V+11
j  com.goodgames.ponggame.gameobjects.Bat.render()V+158
j  com.goodgames.ponggame.Game.render()V+4
j  com.goodgames.ponggame.GameWindow.render()V+17
j  com.goodgames.ponggame.GameWindow.run()V+15
j  com.goodgames.ponggame.GameWindow.startGame()V+19
j  com.goodgames.ponggame.Main.main([Ljava/lang/String;)V+7
v  ~StubRoutines::call_stub

---------------  P R O C E S S  ---------------

Java Threads: ( => current thread )
  0x00007fabd80af800 JavaThread "Service Thread" daemon [_thread_blocked, id=3630, stack(0x00007fabd45d0000,0x00007fabd46d1000)]
  0x00007fabd80ad000 JavaThread "C2 CompilerThread1" daemon [_thread_blocked, id=3629, stack(0x00007fabd46d1000,0x00007fabd47d2000)]
  0x00007fabd80aa000 JavaThread "C2 CompilerThread0" daemon [_thread_blocked, id=3628, stack(0x00007fabd47d2000,0x00007fabd48d3000)]
  0x00007fabd80a8000 JavaThread "Signal Dispatcher" daemon [_thread_blocked, id=3627, stack(0x00007fabd48d3000,0x00007fabd49d4000)]
  0x00007fabd807c000 JavaThread "Finalizer" daemon [_thread_blocked, id=3626, stack(0x00007fabd4eff000,0x00007fabd5000000)]
  0x00007fabd807a000 JavaThread "Reference Handler" daemon [_thread_blocked, id=3625, stack(0x00007fabdc061000,0x00007fabdc162000)]
=>0x00007fabd800a000 JavaThread "main" [_thread_in_native, id=3619, stack(0x00007fabe1838000,0x00007fabe1939000)]

Other Threads:
  0x00007fabd8075800 VMThread [stack: 0x00007fabdc162000,0x00007fabdc263000] [id=3624]
  0x00007fabd80c2000 WatcherThread [stack: 0x00007fabd44cf000,0x00007fabd45d0000] [id=3631]

VM state:not at safepoint (normal execution)

VM Mutex/Monitor currently owned by a thread: None

Heap
 PSYoungGen      total 36864K, used 13853K [0x00000007d7080000, 0x00000007d9980000, 0x0000000800000000)
  eden space 31744K, 43% used [0x00000007d7080000,0x00000007d7e075b0,0x00000007d8f80000)
  from space 5120K, 0% used [0x00000007d9480000,0x00000007d9480000,0x00000007d9980000)
  to   space 5120K, 0% used [0x00000007d8f80000,0x00000007d8f80000,0x00000007d9480000)
 ParOldGen       total 83456K, used 0K [0x0000000785200000, 0x000000078a380000, 0x00000007d7080000)
  object space 83456K, 0% used [0x0000000785200000,0x0000000785200000,0x000000078a380000)
 PSPermGen       total 21504K, used 8854K [0x000000077ac00000, 0x000000077c100000, 0x0000000785200000)
  object space 21504K, 41% used [0x000000077ac00000,0x000000077b4a5a28,0x000000077c100000)

Card table byte_map: [0x00007fabde046000,0x00007fabde471000] byte_map_base: 0x00007fabda470000

Polling page: 0x00007fabe195a000

Code Cache  [0x00007fabd5000000, 0x00007fabd5270000, 0x00007fabd8000000)
 total_blobs=670 nmethods=29 adapters=595 free_code_cache=48484Kb largest_free_block=49645568

Compilation events (10 events):
Event: 1.079 Thread 0x00007fabd80ad000 nmethod 24 0x00007fabd5091dd0 code [0x00007fabd5091f20, 0x00007fabd50921b8]
Event: 1.085 Thread 0x00007fabd80aa000 nmethod 25 0x00007fabd5095490 code [0x00007fabd5095660, 0x00007fabd5095ee8]
Event: 1.086 Thread 0x00007fabd80ad000   26             java.lang.String::length (6 bytes)
Event: 1.087 Thread 0x00007fabd80ad000 nmethod 26 0x00007fabd5096b90 code [0x00007fabd5096cc0, 0x00007fabd5096d38]
Event: 1.097 Thread 0x00007fabd80aa000   27             java.lang.Math::min (11 bytes)
Event: 1.098 Thread 0x00007fabd80aa000 nmethod 27 0x00007fabd5096590 code [0x00007fabd50966c0, 0x00007fabd50966f8]
Event: 1.166 Thread 0x00007fabd80ad000   28 %           sun.net.www.ParseUtil::encodePath @ 29 (336 bytes)
Event: 1.174 Thread 0x00007fabd80ad000 nmethod 28% 0x00007fabd509e250 code [0x00007fabd509e420, 0x00007fabd509eba8]
Event: 1.175 Thread 0x00007fabd80aa000   29             sun.net.www.ParseUtil::encodePath (336 bytes)
Event: 1.186 Thread 0x00007fabd80aa000 nmethod 29 0x00007fabd50a39d0 code [0x00007fabd50a3b80, 0x00007fabd50a4558]

GC Heap History (0 events):
No events

Deoptimization events (3 events):
Event: 0.117 Thread 0x00007fabd800a000 Uncommon trap: reason=unstable_if action=reinterpret pc=0x00007fabd5061928 method=java.lang.String.indexOf([CII[CIII)I @ 3
Event: 0.117 Thread 0x00007fabd800a000 Uncommon trap: reason=unstable_if action=reinterpret pc=0x00007fabd5060c80 method=java.lang.String.indexOf(II)I @ 49
Event: 1.139 Thread 0x00007fabd800a000 Uncommon trap: reason=unstable_if action=reinterpret pc=0x00007fabd5095d84 method=sun.net.www.ParseUtil.encodePath(Ljava/lang/String;Z)Ljava/lang/String; @ 109

Internal exceptions (10 events):
Event: 1.197 Thread 0x00007fabd800a000 Threw 0x00000007d7d17488 at /build/openjdk-7-zaTxYK/openjdk-7-7u91-2.6.3/build/openjdk/hotspot/src/share/vm/prims/jvm.cpp:1322
Event: 1.202 Thread 0x00007fabd800a000 Threw 0x00000007d7d2e160 at /build/openjdk-7-zaTxYK/openjdk-7-7u91-2.6.3/build/openjdk/hotspot/src/share/vm/prims/jvm.cpp:1322
Event: 1.209 Thread 0x00007fabd800a000 Threw 0x00000007d7d51108 at /build/openjdk-7-zaTxYK/openjdk-7-7u91-2.6.3/build/openjdk/hotspot/src/share/vm/prims/jvm.cpp:1322
Event: 1.209 Thread 0x00007fabd800a000 Threw 0x00000007d7d6ac10 at /build/openjdk-7-zaTxYK/openjdk-7-7u91-2.6.3/build/openjdk/hotspot/src/share/vm/prims/jvm.cpp:1322
Event: 1.209 Thread 0x00007fabd800a000 Threw 0x00000007d7d6dd18 at /build/openjdk-7-zaTxYK/openjdk-7-7u91-2.6.3/build/openjdk/hotspot/src/share/vm/prims/jvm.cpp:1322
Event: 1.219 Thread 0x00007fabd800a000 Threw 0x00000007d7d89558 at /build/openjdk-7-zaTxYK/openjdk-7-7u91-2.6.3/build/openjdk/hotspot/src/share/vm/prims/jvm.cpp:1322
Event: 1.219 Thread 0x00007fabd800a000 Threw 0x00000007d7d8d9c8 at /build/openjdk-7-zaTxYK/openjdk-7-7u91-2.6.3/build/openjdk/hotspot/src/share/vm/prims/jvm.cpp:1322
Event: 1.220 Thread 0x00007fabd800a000 Threw 0x00000007d7d91400 at /build/openjdk-7-zaTxYK/openjdk-7-7u91-2.6.3/build/openjdk/hotspot/src/share/vm/prims/jvm.cpp:1322
Event: 1.223 Thread 0x00007fabd800a000 Threw 0x00000007d7d9b6a0 at /build/openjdk-7-zaTxYK/openjdk-7-7u91-2.6.3/build/openjdk/hotspot/src/share/vm/prims/jvm.cpp:1322
Event: 1.224 Thread 0x00007fabd800a000 Threw 0x00000007d7da0118 at /build/openjdk-7-zaTxYK/openjdk-7-7u91-2.6.3/build/openjdk/hotspot/src/share/vm/prims/jvm.cpp:1322

Events (10 events):
Event: 1.219 loading class 0x00007fabd812d000
Event: 1.219 loading class 0x00007fabd812d000 done
Event: 1.219 loading class 0x00007fabd8f34c00
Event: 1.219 loading class 0x00007fabd8f34c00 done
Event: 1.220 loading class 0x00007fabd8f34c40
Event: 1.220 loading class 0x00007fabd8f34c40 done
Event: 1.223 loading class 0x00007fabd8e27120
Event: 1.223 loading class 0x00007fabd8e27120 done
Event: 1.224 loading class 0x00007fabd80fe040
Event: 1.224 loading class 0x00007fabd80fe040 done


Dynamic libraries:
00400000-00401000 r-xp 00000000 08:05 1183315                            /usr/lib/jvm/java-7-openjdk-amd64/jre/bin/java
00600000-00601000 r--p 00000000 08:05 1183315                            /usr/lib/jvm/java-7-openjdk-amd64/jre/bin/java
00601000-00602000 rw-p 00001000 08:05 1183315                            /usr/lib/jvm/java-7-openjdk-amd64/jre/bin/java
01cfa000-01d1b000 rw-p 00000000 00:00 0                                  [heap]
77ac00000-77c100000 rw-p 00000000 00:00 0 
77c100000-785200000 rw-p 00000000 00:00 0 
785200000-78a380000 rw-p 00000000 00:00 0 
78a380000-7d7080000 rw-p 00000000 00:00 0 
7d7080000-7d9980000 rw-p 00000000 00:00 0 
7d9980000-800000000 rw-p 00000000 00:00 0 
7fab97c82000-7fab97cbf000 r-xp 00000000 08:05 528522                     /lib/x86_64-linux-gnu/libpcre.so.3.13.1
7fab97cbf000-7fab97ebe000 ---p 0003d000 08:05 528522                     /lib/x86_64-linux-gnu/libpcre.so.3.13.1
7fab97ebe000-7fab97ebf000 r--p 0003c000 08:05 528522                     /lib/x86_64-linux-gnu/libpcre.so.3.13.1
7fab97ebf000-7fab97ec0000 rw-p 0003d000 08:05 528522                     /lib/x86_64-linux-gnu/libpcre.so.3.13.1
7fab97ec0000-7fab97ec7000 r-xp 00000000 08:05 1179820                    /usr/lib/x86_64-linux-gnu/libffi.so.6.0.1
7fab97ec7000-7fab980c6000 ---p 00007000 08:05 1179820                    /usr/lib/x86_64-linux-gnu/libffi.so.6.0.1
7fab980c6000-7fab980c7000 r--p 00006000 08:05 1179820                    /usr/lib/x86_64-linux-gnu/libffi.so.6.0.1
7fab980c7000-7fab980c8000 rw-p 00007000 08:05 1179820                    /usr/lib/x86_64-linux-gnu/libffi.so.6.0.1
7fab980c8000-7fab980df000 r-xp 00000000 08:05 524388                     /lib/x86_64-linux-gnu/libresolv-2.19.so
7fab980df000-7fab982df000 ---p 00017000 08:05 524388                     /lib/x86_64-linux-gnu/libresolv-2.19.so
7fab982df000-7fab982e0000 r--p 00017000 08:05 524388                     /lib/x86_64-linux-gnu/libresolv-2.19.so
7fab982e0000-7fab982e1000 rw-p 00018000 08:05 524388                     /lib/x86_64-linux-gnu/libresolv-2.19.so
7fab982e1000-7fab982e3000 rw-p 00000000 00:00 0 
7fab982e3000-7fab98303000 r-xp 00000000 08:05 524308                     /lib/x86_64-linux-gnu/libselinux.so.1
7fab98303000-7fab98502000 ---p 00020000 08:05 524308                     /lib/x86_64-linux-gnu/libselinux.so.1
7fab98502000-7fab98503000 r--p 0001f000 08:05 524308                     /lib/x86_64-linux-gnu/libselinux.so.1
7fab98503000-7fab98504000 rw-p 00020000 08:05 524308                     /lib/x86_64-linux-gnu/libselinux.so.1
7fab98504000-7fab98506000 rw-p 00000000 00:00 0 
7fab98506000-7fab98509000 r-xp 00000000 08:05 1185438                    /usr/lib/x86_64-linux-gnu/libgmodule-2.0.so.0.4002.0
7fab98509000-7fab98708000 ---p 00003000 08:05 1185438                    /usr/lib/x86_64-linux-gnu/libgmodule-2.0.so.0.4002.0
7fab98708000-7fab98709000 r--p 00002000 08:05 1185438                    /usr/lib/x86_64-linux-gnu/libgmodule-2.0.so.0.4002.0
7fab98709000-7fab9870a000 rw-p 00003000 08:05 1185438                    /usr/lib/x86_64-linux-gnu/libgmodule-2.0.so.0.4002.0
7fab9870a000-7fab98810000 r-xp 00000000 08:05 524681                     /lib/x86_64-linux-gnu/libglib-2.0.so.0.4002.0
7fab98810000-7fab98a0f000 ---p 00106000 08:05 524681                     /lib/x86_64-linux-gnu/libglib-2.0.so.0.4002.0
7fab98a0f000-7fab98a10000 r--p 00105000 08:05 524681                     /lib/x86_64-linux-gnu/libglib-2.0.so.0.4002.0
7fab98a10000-7fab98a11000 rw-p 00106000 08:05 524681                     /lib/x86_64-linux-gnu/libglib-2.0.so.0.4002.0
7fab98a11000-7fab98a12000 rw-p 00000000 00:00 0 
7fab98a12000-7fab98a61000 r-xp 00000000 08:05 1185440                    /usr/lib/x86_64-linux-gnu/libgobject-2.0.so.0.4002.0
7fab98a61000-7fab98c61000 ---p 0004f000 08:05 1185440                    /usr/lib/x86_64-linux-gnu/libgobject-2.0.so.0.4002.0
7fab98c61000-7fab98c62000 r--p 0004f000 08:05 1185440                    /usr/lib/x86_64-linux-gnu/libgobject-2.0.so.0.4002.0
7fab98c62000-7fab98c63000 rw-p 00050000 08:05 1185440                    /usr/lib/x86_64-linux-gnu/libgobject-2.0.so.0.4002.0
7fab98c63000-7fab98dcf000 r-xp 00000000 08:05 1185447                    /usr/lib/x86_64-linux-gnu/libgio-2.0.so.0.4002.0
7fab98dcf000-7fab98fce000 ---p 0016c000 08:05 1185447                    /usr/lib/x86_64-linux-gnu/libgio-2.0.so.0.4002.0
7fab98fce000-7fab98fd2000 r--p 0016b000 08:05 1185447                    /usr/lib/x86_64-linux-gnu/libgio-2.0.so.0.4002.0
7fab98fd2000-7fab98fd4000 rw-p 0016f000 08:05 1185447                    /usr/lib/x86_64-linux-gnu/libgio-2.0.so.0.4002.0
7fab98fd4000-7fab98fd6000 rw-p 00000000 00:00 0 
7fab98fd6000-7fab98fed000 r-xp 00000000 08:05 1183375                    /usr/lib/jvm/java-7-openjdk-amd64/jre/lib/amd64/libnet.so
7fab98fed000-7fab991ec000 ---p 00017000 08:05 1183375                    /usr/lib/jvm/java-7-openjdk-amd64/jre/lib/amd64/libnet.so
7fab991ec000-7fab991ed000 r--p 00016000 08:05 1183375                    /usr/lib/jvm/java-7-openjdk-amd64/jre/lib/amd64/libnet.so
7fab991ed000-7fab991ee000 rw-p 00017000 08:05 1183375                    /usr/lib/jvm/java-7-openjdk-amd64/jre/lib/amd64/libnet.so
7fab991ee000-7fab991fe000 r-xp 00000000 08:05 1183344                    /usr/lib/jvm/java-7-openjdk-amd64/jre/lib/amd64/libnio.so
7fab991fe000-7fab993fe000 ---p 00010000 08:05 1183344                    /usr/lib/jvm/java-7-openjdk-amd64/jre/lib/amd64/libnio.so
7fab993fe000-7fab993ff000 r--p 00010000 08:05 1183344                    /usr/lib/jvm/java-7-openjdk-amd64/jre/lib/amd64/libnio.so
7fab993ff000-7fab99400000 rw-p 00011000 08:05 1183344                    /usr/lib/jvm/java-7-openjdk-amd64/jre/lib/amd64/libnio.so
7fab99400000-7fab99600000 rw-p 00000000 00:00 0 
7fab99602000-7fab9a7a0000 rw-p 00000000 00:00 0 
7fab9a7a0000-7fab9a7d7000 r-xp 00000000 08:05 1185873                    /usr/lib/x86_64-linux-gnu/libtxc_dxtn_s2tc.so.0.0.0
7fab9a7d7000-7fab9a9d6000 ---p 00037000 08:05 1185873                    /usr/lib/x86_64-linux-gnu/libtxc_dxtn_s2tc.so.0.0.0
7fab9a9d6000-7fab9a9d7000 r--p 00036000 08:05 1185873                    /usr/lib/x86_64-linux-gnu/libtxc_dxtn_s2tc.so.0.0.0
7fab9a9d7000-7fab9a9d8000 rw-p 00037000 08:05 1185873                    /usr/lib/x86_64-linux-gnu/libtxc_dxtn_s2tc.so.0.0.0
7fab9a9d8000-7fab9a9e0000 r-xp 00000000 08:05 1185761                    /usr/lib/x86_64-linux-gnu/libpciaccess.so.0.11.1
7fab9a9e0000-7fab9abdf000 ---p 00008000 08:05 1185761                    /usr/lib/x86_64-linux-gnu/libpciaccess.so.0.11.1
7fab9abdf000-7fab9abe0000 r--p 00007000 08:05 1185761                    /usr/lib/x86_64-linux-gnu/libpciaccess.so.0.11.1
7fab9abe0000-7fab9abe1000 rw-p 00008000 08:05 1185761                    /usr/lib/x86_64-linux-gnu/libpciaccess.so.0.11.1
7fab9abe1000-7fab9abed000 r-xp 00000000 08:05 1185770                    /usr/lib/x86_64-linux-gnu/libdrm_radeon.so.1.0.1
7fab9abed000-7fab9adec000 ---p 0000c000 08:05 1185770                    /usr/lib/x86_64-linux-gnu/libdrm_radeon.so.1.0.1
7fab9adec000-7fab9aded000 r--p 0000b000 08:05 1185770                    /usr/lib/x86_64-linux-gnu/libdrm_radeon.so.1.0.1
7fab9aded000-7fab9adee000 rw-p 0000c000 08:05 1185770                    /usr/lib/x86_64-linux-gnu/libdrm_radeon.so.1.0.1
7fab9adee000-7fab9adf4000 r-xp 00000000 08:05 1185768                    /usr/lib/x86_64-linux-gnu/libdrm_nouveau.so.2.0.0
7fab9adf4000-7fab9aff3000 ---p 00006000 08:05 1185768                    /usr/lib/x86_64-linux-gnu/libdrm_nouveau.so.2.0.0
7fab9aff3000-7fab9aff4000 r--p 00005000 08:05 1185768                    /usr/lib/x86_64-linux-gnu/libdrm_nouveau.so.2.0.0
7fab9aff4000-7fab9aff5000 rw-p 00006000 08:05 1185768                    /usr/lib/x86_64-linux-gnu/libdrm_nouveau.so.2.0.0
7fab9aff5000-7fab9b015000 r-xp 00000000 08:05 1185764                    /usr/lib/x86_64-linux-gnu/libdrm_intel.so.1.0.0
7fab9b015000-7fab9b214000 ---p 00020000 08:05 1185764                    /usr/lib/x86_64-linux-gnu/libdrm_intel.so.1.0.0
7fab9b214000-7fab9b215000 r--p 0001f000 08:05 1185764                    /usr/lib/x86_64-linux-gnu/libdrm_intel.so.1.0.0
7fab9b215000-7fab9b216000 rw-p 00020000 08:05 1185764                    /usr/lib/x86_64-linux-gnu/libdrm_intel.so.1.0.0
7fab9b216000-7fab9b76a000 r-xp 00000000 08:05 1311633                    /usr/lib/x86_64-linux-gnu/dri/i965_dri.so
7fab9b76a000-7fab9b96a000 ---p 00554000 08:05 1311633                    /usr/lib/x86_64-linux-gnu/dri/i965_dri.so
7fab9b96a000-7fab9b98b000 r--p 00554000 08:05 1311633                    /usr/lib/x86_64-linux-gnu/dri/i965_dri.so
7fab9b98b000-7fab9b992000 rw-p 00575000 08:05 1311633                    /usr/lib/x86_64-linux-gnu/dri/i965_dri.so
7fab9b992000-7fab9b999000 rw-p 00000000 00:00 0 
7fab9b999000-7fab9b9dd000 r-xp 00000000 08:05 524292                     /lib/x86_64-linux-gnu/libdbus-1.so.3.7.6
7fab9b9dd000-7fab9bbdc000 ---p 00044000 08:05 524292                     /lib/x86_64-linux-gnu/libdbus-1.so.3.7.6
7fab9bbdc000-7fab9bbdd000 r--p 00043000 08:05 524292                     /lib/x86_64-linux-gnu/libdbus-1.so.3.7.6
7fab9bbdd000-7fab9bbde000 rw-p 00044000 08:05 524292                     /lib/x86_64-linux-gnu/libdbus-1.so.3.7.6
7fab9bbde000-7fab9bbe6000 r-xp 00000000 08:05 524367                     /lib/x86_64-linux-gnu/libnih-dbus.so.1.0.0
7fab9bbe6000-7fab9bde6000 ---p 00008000 08:05 524367                     /lib/x86_64-linux-gnu/libnih-dbus.so.1.0.0
7fab9bde6000-7fab9bde7000 r--p 00008000 08:05 524367                     /lib/x86_64-linux-gnu/libnih-dbus.so.1.0.0
7fab9bde7000-7fab9bde8000 rw-p 00009000 08:05 524367                     /lib/x86_64-linux-gnu/libnih-dbus.so.1.0.0
7fab9bde8000-7fab9bdff000 r-xp 00000000 08:05 524369                     /lib/x86_64-linux-gnu/libnih.so.1.0.0
7fab9bdff000-7fab9bffe000 ---p 00017000 08:05 524369                     /lib/x86_64-linux-gnu/libnih.so.1.0.0
7fab9bffe000-7fab9bfff000 r--p 00016000 08:05 524369                     /lib/x86_64-linux-gnu/libnih.so.1.0.0
7fab9bfff000-7fab9c000000 rw-p 00017000 08:05 524369                     /lib/x86_64-linux-gnu/libnih.so.1.0.0
7fab9c000000-7fab9c021000 rw-p 00000000 00:00 0 
7fab9c021000-7faba0000000 ---p 00000000 00:00 0 
7faba0000000-7faba0021000 rw-p 00000000 00:00 0 
7faba0021000-7faba4000000 ---p 00000000 00:00 0 
7faba4000000-7faba413e000 rw-p 00000000 00:00 0 
7faba413e000-7faba8000000 ---p 00000000 00:00 0 
7faba8000000-7faba8086000 rw-p 00000000 00:00 0 
7faba8086000-7fabac000000 ---p 00000000 00:00 0 
7fabac000000-7fabac021000 rw-p 00000000 00:00 0 
7fabac021000-7fabb0000000 ---p 00000000 00:00 0 
7fabb0000000-7fabb0021000 rw-p 00000000 00:00 0 
7fabb0021000-7fabb4000000 ---p 00000000 00:00 0 
7fabb4000000-7fabb4021000 rw-p 00000000 00:00 0 
7fabb4021000-7fabb8000000 ---p 00000000 00:00 0 
7fabb80ed000-7fabb8106000 r-xp 00000000 08:05 524302                     /lib/x86_64-linux-gnu/libcgmanager.so.0.0.0
7fabb8106000-7fabb8305000 ---p 00019000 08:05 524302                     /lib/x86_64-linux-gnu/libcgmanager.so.0.0.0
7fabb8305000-7fabb8307000 r--p 00018000 08:05 524302                     /lib/x86_64-linux-gnu/libcgmanager.so.0.0.0
7fabb8307000-7fabb8308000 rw-p 0001a000 08:05 524302                     /lib/x86_64-linux-gnu/libcgmanager.so.0.0.0
7fabb8308000-7fabb8318000 r-xp 00000000 08:05 524473                     /lib/x86_64-linux-gnu/libudev.so.1.3.5
7fabb8318000-7fabb8517000 ---p 00010000 08:05 524473                     /lib/x86_64-linux-gnu/libudev.so.1.3.5
7fabb8517000-7fabb8518000 r--p 0000f000 08:05 524473                     /lib/x86_64-linux-gnu/libudev.so.1.3.5
7fabb8518000-7fabb8519000 rw-p 00010000 08:05 524473                     /lib/x86_64-linux-gnu/libudev.so.1.3.5
7fabb8519000-7fabb8524000 r-xp 00000000 08:05 1184048                    /usr/lib/x86_64-linux-gnu/libdrm.so.2.4.0
7fabb8524000-7fabb8723000 ---p 0000b000 08:05 1184048                    /usr/lib/x86_64-linux-gnu/libdrm.so.2.4.0
7fabb8723000-7fabb8724000 r--p 0000a000 08:05 1184048                    /usr/lib/x86_64-linux-gnu/libdrm.so.2.4.0
7fabb8724000-7fabb8725000 rw-p 0000b000 08:05 1184048                    /usr/lib/x86_64-linux-gnu/libdrm.so.2.4.0
7fabb8725000-7fabb8726000 r-xp 00000000 08:05 1185815                    /usr/lib/x86_64-linux-gnu/libxshmfence.so.1.0.0
7fabb8726000-7fabb8925000 ---p 00001000 08:05 1185815                    /usr/lib/x86_64-linux-gnu/libxshmfence.so.1.0.0
7fabb8925000-7fabb8926000 r--p 00000000 08:05 1185815                    /usr/lib/x86_64-linux-gnu/libxshmfence.so.1.0.0
7fabb8926000-7fabb8927000 rw-p 00001000 08:05 1185815                    /usr/lib/x86_64-linux-gnu/libxshmfence.so.1.0.0
7fabb8927000-7fabb892c000 r-xp 00000000 08:05 1185810                    /usr/lib/x86_64-linux-gnu/libxcb-sync.so.1.0.0
7fabb892c000-7fabb8b2b000 ---p 00005000 08:05 1185810                    /usr/lib/x86_64-linux-gnu/libxcb-sync.so.1.0.0
7fabb8b2b000-7fabb8b2c000 r--p 00004000 08:05 1185810                    /usr/lib/x86_64-linux-gnu/libxcb-sync.so.1.0.0
7fabb8b2c000-7fabb8b2d000 rw-p 00005000 08:05 1185810                    /usr/lib/x86_64-linux-gnu/libxcb-sync.so.1.0.0
7fabb8b2d000-7fabb8b2f000 r-xp 00000000 08:05 1185808                    /usr/lib/x86_64-linux-gnu/libxcb-present.so.0.0.0
7fabb8b2f000-7fabb8d2e000 ---p 00002000 08:05 1185808                    /usr/lib/x86_64-linux-gnu/libxcb-present.so.0.0.0
7fabb8d2e000-7fabb8d2f000 r--p 00001000 08:05 1185808                    /usr/lib/x86_64-linux-gnu/libxcb-present.so.0.0.0
7fabb8d2f000-7fabb8d30000 rw-p 00002000 08:05 1185808                    /usr/lib/x86_64-linux-gnu/libxcb-present.so.0.0.0
7fabb8d30000-7fabb8d32000 r-xp 00000000 08:05 1185804                    /usr/lib/x86_64-linux-gnu/libxcb-dri3.so.0.0.0
7fabb8d32000-7fabb8f31000 ---p 00002000 08:05 1185804                    /usr/lib/x86_64-linux-gnu/libxcb-dri3.so.0.0.0
7fabb8f31000-7fabb8f32000 r--p 00001000 08:05 1185804                    /usr/lib/x86_64-linux-gnu/libxcb-dri3.so.0.0.0
7fabb8f32000-7fabb8f33000 rw-p 00002000 08:05 1185804                    /usr/lib/x86_64-linux-gnu/libxcb-dri3.so.0.0.0
7fabb8f33000-7fabb8f36000 r-xp 00000000 08:05 1185781                    /usr/lib/x86_64-linux-gnu/libxcb-dri2.so.0.0.0
7fabb8f36000-7fabb9136000 ---p 00003000 08:05 1185781                    /usr/lib/x86_64-linux-gnu/libxcb-dri2.so.0.0.0
7fabb9136000-7fabb9137000 r--p 00003000 08:05 1185781                    /usr/lib/x86_64-linux-gnu/libxcb-dri2.so.0.0.0
7fabb9137000-7fabb9138000 rw-p 00004000 08:05 1185781                    /usr/lib/x86_64-linux-gnu/libxcb-dri2.so.0.0.0
7fabb9138000-7fabb914d000 r-xp 00000000 08:05 1185806                    /usr/lib/x86_64-linux-gnu/libxcb-glx.so.0.0.0
7fabb914d000-7fabb934c000 ---p 00015000 08:05 1185806                    /usr/lib/x86_64-linux-gnu/libxcb-glx.so.0.0.0
7fabb934c000-7fabb934e000 r--p 00014000 08:05 1185806                    /usr/lib/x86_64-linux-gnu/libxcb-glx.so.0.0.0
7fabb934e000-7fabb934f000 rw-p 00016000 08:05 1185806                    /usr/lib/x86_64-linux-gnu/libxcb-glx.so.0.0.0
7fabb934f000-7fabb9350000 r-xp 00000000 08:05 1185787                    /usr/lib/x86_64-linux-gnu/libX11-xcb.so.1.0.0
7fabb9350000-7fabb954f000 ---p 00001000 08:05 1185787                    /usr/lib/x86_64-linux-gnu/libX11-xcb.so.1.0.0
7fabb954f000-7fabb9550000 r--p 00000000 08:05 1185787                    /usr/lib/x86_64-linux-gnu/libX11-xcb.so.1.0.0
7fabb9550000-7fabb9551000 rw-p 00001000 08:05 1185787                    /usr/lib/x86_64-linux-gnu/libX11-xcb.so.1.0.0
7fabb9551000-7fabb9553000 r-xp 00000000 08:05 1185812                    /usr/lib/x86_64-linux-gnu/libXdamage.so.1.1.0
7fabb9553000-7fabb9752000 ---p 00002000 08:05 1185812                    /usr/lib/x86_64-linux-gnu/libXdamage.so.1.1.0
7fabb9752000-7fabb9753000 r--p 00001000 08:05 1185812                    /usr/lib/x86_64-linux-gnu/libXdamage.so.1.1.0
7fabb9753000-7fabb9754000 rw-p 00002000 08:05 1185812                    /usr/lib/x86_64-linux-gnu/libXdamage.so.1.1.0
7fabb9754000-7fabb9779000 r-xp 00000000 08:05 1181485                    /usr/lib/x86_64-linux-gnu/libglapi.so.0.0.0
7fabb9779000-7fabb9979000 ---p 00025000 08:05 1181485                    /usr/lib/x86_64-linux-gnu/libglapi.so.0.0.0
7fabb9979000-7fabb997c000 r--p 00025000 08:05 1181485                    /usr/lib/x86_64-linux-gnu/libglapi.so.0.0.0
7fabb997c000-7fabb997d000 rw-p 00028000 08:05 1181485                    /usr/lib/x86_64-linux-gnu/libglapi.so.0.0.0
7fabb997d000-7fabb997e000 rw-p 00000000 00:00 0 
7fabb997e000-7fabb99a5000 r-xp 00000000 08:05 524403                     /lib/x86_64-linux-gnu/libexpat.so.1.6.0
7fabb99a5000-7fabb9ba5000 ---p 00027000 08:05 524403                     /lib/x86_64-linux-gnu/libexpat.so.1.6.0
7fabb9ba5000-7fabb9ba7000 r--p 00027000 08:05 524403                     /lib/x86_64-linux-gnu/libexpat.so.1.6.0
7fabb9ba7000-7fabb9ba8000 rw-p 00029000 08:05 524403                     /lib/x86_64-linux-gnu/libexpat.so.1.6.0
7fabb9ba8000-7fabb9c36000 r-xp 00000000 08:05 1446318                    /usr/lib/x86_64-linux-gnu/mesa/libGL.so.1.2.0
7fabb9c36000-7fabb9e35000 ---p 0008e000 08:05 1446318                    /usr/lib/x86_64-linux-gnu/mesa/libGL.so.1.2.0
7fabb9e35000-7fabb9e38000 r--p 0008d000 08:05 1446318                    /usr/lib/x86_64-linux-gnu/mesa/libGL.so.1.2.0
7fabb9e38000-7fabb9e39000 rw-p 00090000 08:05 1446318                    /usr/lib/x86_64-linux-gnu/mesa/libGL.so.1.2.0
7fabb9e39000-7fabb9e3a000 rw-p 00000000 00:00 0 
7fabb9e3a000-7fabb9e3f000 r-xp 00000000 08:05 1185723                    /usr/lib/x86_64-linux-gnu/libXdmcp.so.6.0.0
7fabb9e3f000-7fabba03e000 ---p 00005000 08:05 1185723                    /usr/lib/x86_64-linux-gnu/libXdmcp.so.6.0.0
7fabba03e000-7fabba03f000 r--p 00004000 08:05 1185723                    /usr/lib/x86_64-linux-gnu/libXdmcp.so.6.0.0
7fabba03f000-7fabba040000 rw-p 00005000 08:05 1185723                    /usr/lib/x86_64-linux-gnu/libXdmcp.so.6.0.0
7fabba040000-7fabba042000 r-xp 00000000 08:05 1185718                    /usr/lib/x86_64-linux-gnu/libXau.so.6.0.0
7fabba042000-7fabba242000 ---p 00002000 08:05 1185718                    /usr/lib/x86_64-linux-gnu/libXau.so.6.0.0
7fabba242000-7fabba243000 r--p 00002000 08:05 1185718                    /usr/lib/x86_64-linux-gnu/libXau.so.6.0.0
7fabba243000-7fabba244000 rw-p 00003000 08:05 1185718                    /usr/lib/x86_64-linux-gnu/libXau.so.6.0.0
7fabba244000-7fabba249000 r-xp 00000000 08:05 1185796                    /usr/lib/x86_64-linux-gnu/libXfixes.so.3.1.0
7fabba249000-7fabba448000 ---p 00005000 08:05 1185796                    /usr/lib/x86_64-linux-gnu/libXfixes.so.3.1.0
7fabba448000-7fabba449000 r--p 00004000 08:05 1185796                    /usr/lib/x86_64-linux-gnu/libXfixes.so.3.1.0
7fabba449000-7fabba44a000 rw-p 00005000 08:05 1185796                    /usr/lib/x86_64-linux-gnu/libXfixes.so.3.1.0
7fabba44a000-7fabba453000 r-xp 00000000 08:05 1185863                    /usr/lib/x86_64-linux-gnu/libXrender.so.1.3.0
7fabba453000-7fabba652000 ---p 00009000 08:05 1185863                    /usr/lib/x86_64-linux-gnu/libXrender.so.1.3.0
7fabba652000-7fabba653000 r--p 00008000 08:05 1185863                    /usr/lib/x86_64-linux-gnu/libXrender.so.1.3.0
7fabba653000-7fabba654000 rw-p 00009000 08:05 1185863                    /usr/lib/x86_64-linux-gnu/libXrender.so.1.3.0
7fabba654000-7fabba665000 r-xp 00000000 08:05 1185754                    /usr/lib/x86_64-linux-gnu/libXext.so.6.4.0
7fabba665000-7fabba864000 ---p 00011000 08:05 1185754                    /usr/lib/x86_64-linux-gnu/libXext.so.6.4.0
7fabba864000-7fabba865000 r--p 00010000 08:05 1185754                    /usr/lib/x86_64-linux-gnu/libXext.so.6.4.0
7fabba865000-7fabba866000 rw-p 00011000 08:05 1185754                    /usr/lib/x86_64-linux-gnu/libXext.so.6.4.0
7fabba866000-7fabba883000 r-xp 00000000 08:05 1185731                    /usr/lib/x86_64-linux-gnu/libxcb.so.1.1.0
7fabba883000-7fabbaa83000 ---p 0001d000 08:05 1185731                    /usr/lib/x86_64-linux-gnu/libxcb.so.1.1.0
7fabbaa83000-7fabbaa84000 r--p 0001d000 08:05 1185731                    /usr/lib/x86_64-linux-gnu/libxcb.so.1.1.0
7fabbaa84000-7fabbaa85000 rw-p 0001e000 08:05 1185731                    /usr/lib/x86_64-linux-gnu/libxcb.so.1.1.0
7fabbaa85000-7fabbaa8e000 r-xp 00000000 08:05 1188819                    /usr/lib/x86_64-linux-gnu/libXcursor.so.1.0.2
7fabbaa8e000-7fabbac8d000 ---p 00009000 08:05 1188819                    /usr/lib/x86_64-linux-gnu/libXcursor.so.1.0.2
7fabbac8d000-7fabbac8e000 r--p 00008000 08:05 1188819                    /usr/lib/x86_64-linux-gnu/libXcursor.so.1.0.2
7fabbac8e000-7fabbac8f000 rw-p 00009000 08:05 1188819                    /usr/lib/x86_64-linux-gnu/libXcursor.so.1.0.2
7fabbac8f000-7fabbac93000 r-xp 00000000 08:05 1185817                    /usr/lib/x86_64-linux-gnu/libXxf86vm.so.1.0.0
7fabbac93000-7fabbae93000 ---p 00004000 08:05 1185817                    /usr/lib/x86_64-linux-gnu/libXxf86vm.so.1.0.0
7fabbae93000-7fabbae94000 r--p 00004000 08:05 1185817                    /usr/lib/x86_64-linux-gnu/libXxf86vm.so.1.0.0
7fabbae94000-7fabbae95000 rw-p 00005000 08:05 1185817                    /usr/lib/x86_64-linux-gnu/libXxf86vm.so.1.0.0
7fabbae95000-7fabbaea4000 r-xp 00000000 08:05 1185857                    /usr/lib/x86_64-linux-gnu/libXi.so.6.1.0
7fabbaea4000-7fabbb0a3000 ---p 0000f000 08:05 1185857                    /usr/lib/x86_64-linux-gnu/libXi.so.6.1.0
7fabbb0a3000-7fabbb0a4000 r--p 0000e000 08:05 1185857                    /usr/lib/x86_64-linux-gnu/libXi.so.6.1.0
7fabbb0a4000-7fabbb0a5000 rw-p 0000f000 08:05 1185857                    /usr/lib/x86_64-linux-gnu/libXi.so.6.1.0
7fabbb0a5000-7fabbb0a7000 r-xp 00000000 08:05 1185859                    /usr/lib/x86_64-linux-gnu/libXinerama.so.1.0.0
7fabbb0a7000-7fabbb2a6000 ---p 00002000 08:05 1185859                    /usr/lib/x86_64-linux-gnu/libXinerama.so.1.0.0
7fabbb2a6000-7fabbb2a7000 r--p 00001000 08:05 1185859                    /usr/lib/x86_64-linux-gnu/libXinerama.so.1.0.0
7fabbb2a7000-7fabbb2a8000 rw-p 00002000 08:05 1185859                    /usr/lib/x86_64-linux-gnu/libXinerama.so.1.0.0
7fabbb2a8000-7fabbb2b1000 r-xp 00000000 08:05 1185865                    /usr/lib/x86_64-linux-gnu/libXrandr.so.2.2.0
7fabbb2b1000-7fabbb4b0000 ---p 00009000 08:05 1185865                    /usr/lib/x86_64-linux-gnu/libXrandr.so.2.2.0
7fabbb4b0000-7fabbb4b1000 r--p 00008000 08:05 1185865                    /usr/lib/x86_64-linux-gnu/libXrandr.so.2.2.0
7fabbb4b1000-7fabbb4b2000 rw-p 00009000 08:05 1185865                    /usr/lib/x86_64-linux-gnu/libXrandr.so.2.2.0
7fabbb4b2000-7fabbb5e2000 r-xp 00000000 08:05 1185745                    /usr/lib/x86_64-linux-gnu/libX11.so.6.3.0
7fabbb5e2000-7fabbb7e2000 ---p 00130000 08:05 1185745                    /usr/lib/x86_64-linux-gnu/libX11.so.6.3.0
7fabbb7e2000-7fabbb7e3000 r--p 00130000 08:05 1185745                    /usr/lib/x86_64-linux-gnu/libX11.so.6.3.0
7fabbb7e3000-7fabbb7e7000 rw-p 00131000 08:05 1185745                    /usr/lib/x86_64-linux-gnu/libX11.so.6.3.0
7fabbb7e7000-7fabbb7eb000 r-xp 00000000 08:05 655487                     /tmp/lwjgllahtelat/6f5f8e99/libglfw.so
7fabbb7eb000-7fabbb7ff000 r-xp 00000000 00:00 0 
7fabbb7ff000-7fabbb9fe000 ---p 00018000 08:05 655487                     /tmp/lwjgllahtelat/6f5f8e99/libglfw.so
7fabbb9fe000-7fabbb9ff000 rw-p 0000d000 08:05 655487                     /tmp/lwjgllahtelat/6f5f8e99/libglfw.so
7fabbb9ff000-7fabbbc00000 rw-p 00000000 00:00 0 
7fabbbc8f000-7fabbbcc0000 rw-p 00000000 00:00 0 
7fabbbcc0000-7fabbbd60000 rw-s 1032c5000 00:06 10475                     /dev/dri/card0
7fabbbd60000-7fabc0000000 rw-p 00000000 00:00 0 
7fabc0000000-7fabc0021000 rw-p 00000000 00:00 0 
7fabc0021000-7fabc4000000 ---p 00000000 00:00 0 
7fabc4000000-7fabc4021000 rw-p 00000000 00:00 0 
7fabc4021000-7fabc8000000 ---p 00000000 00:00 0 
7fabc8000000-7fabc8021000 rw-p 00000000 00:00 0 
7fabc8021000-7fabcc000000 ---p 00000000 00:00 0 
7fabcc000000-7fabcc021000 rw-p 00000000 00:00 0 
7fabcc021000-7fabd0000000 ---p 00000000 00:00 0 
7fabd0000000-7fabd0021000 rw-p 00000000 00:00 0 
7fabd0021000-7fabd4000000 ---p 00000000 00:00 0 
7fabd402a000-7fabd402d000 r-xp 00000000 08:05 655486                     /tmp/lwjgllahtelat/6f5f8e99/libjemalloc.so
7fabd402d000-7fabd4069000 r-xp 00000000 00:00 0 
7fabd4069000-7fabd4268000 ---p 0003f000 08:05 655486                     /tmp/lwjgllahtelat/6f5f8e99/libjemalloc.so
7fabd4268000-7fabd426a000 r--p 0001c000 08:05 655486                     /tmp/lwjgllahtelat/6f5f8e99/libjemalloc.so
7fabd426a000-7fabd426b000 rw-p 0001e000 08:05 655486                     /tmp/lwjgllahtelat/6f5f8e99/libjemalloc.so
7fabd426b000-7fabd426c000 rw-p 00000000 00:00 0 
7fabd426c000-7fabd4279000 r-xp 00000000 08:05 655408                     /tmp/lwjgllahtelat/6f5f8e99/liblwjgl.so
7fabd4279000-7fabd42cd000 r-xp 00000000 00:00 0 
7fabd42cd000-7fabd44cc000 ---p 00061000 08:05 655408                     /tmp/lwjgllahtelat/6f5f8e99/liblwjgl.so
7fabd44cc000-7fabd44ce000 rw-p 00033000 08:05 655408                     /tmp/lwjgllahtelat/6f5f8e99/liblwjgl.so
7fabd44ce000-7fabd44cf000 rw-p 00000000 00:00 0 
7fabd44cf000-7fabd44d0000 ---p 00000000 00:00 0 
7fabd44d0000-7fabd45d0000 rw-p 00000000 00:00 0                          [stack:3631]
7fabd45d0000-7fabd45d3000 ---p 00000000 00:00 0 
7fabd45d3000-7fabd46d1000 rw-p 00000000 00:00 0                          [stack:3630]
7fabd46d1000-7fabd46d4000 ---p 00000000 00:00 0 
7fabd46d4000-7fabd47d2000 rw-p 00000000 00:00 0                          [stack:3629]
7fabd47d2000-7fabd47d5000 ---p 00000000 00:00 0 
7fabd47d5000-7fabd48d3000 rw-p 00000000 00:00 0                          [stack:3628]
7fabd48d3000-7fabd48d6000 ---p 00000000 00:00 0 
7fabd48d6000-7fabd49d4000 rw-p 00000000 00:00 0                          [stack:3627]
7fabd49d4000-7fabd4eff000 r--p 00000000 08:05 1179799                    /usr/lib/locale/locale-archive
7fabd4eff000-7fabd4f02000 ---p 00000000 00:00 0 
7fabd4f02000-7fabd5000000 rw-p 00000000 00:00 0                          [stack:3626]
7fabd5000000-7fabd5270000 rwxp 00000000 00:00 0 
7fabd5270000-7fabd90d3000 rw-p 00000000 00:00 0 
7fabd90d3000-7fabdc000000 ---p 00000000 00:00 0 
7fabdc003000-7fabdc004000 rw-p 00000000 00:00 0 
7fabdc004000-7fabdc014000 rw-s 00000000 00:05 421764                     /drm mm object (deleted)
7fabdc014000-7fabdc016000 rwxp 00000000 00:00 0 
7fabdc016000-7fabdc01e000 rw-s 00000000 00:05 420699                     /drm mm object (deleted)
7fabdc01e000-7fabdc01f000 rw-s 103365000 00:06 10475                     /dev/dri/card0
7fabdc01f000-7fabdc020000 rw-s 1032c4000 00:06 10475                     /dev/dri/card0
7fabdc020000-7fabdc046000 rw-p 00000000 00:00 0 
7fabdc046000-7fabdc061000 r--s 001e6000 08:07 3146606                    /home/lahtelat/.m2/repository/org/lwjgl/lwjgl/3.0.0b/lwjgl-3.0.0b.jar
7fabdc061000-7fabdc064000 ---p 00000000 00:00 0 
7fabdc064000-7fabdc162000 rw-p 00000000 00:00 0                          [stack:3625]
7fabdc162000-7fabdc163000 ---p 00000000 00:00 0 
7fabdc163000-7fabdd260000 rw-p 00000000 00:00 0                          [stack:3624]
7fabdd260000-7fabdd412000 r--s 01d2e000 08:05 1183336                    /usr/lib/jvm/java-7-openjdk-amd64/jre/lib/rt.jar
7fabdd412000-7fabdd95f000 rw-p 00000000 00:00 0 
7fabdd95f000-7fabdd960000 ---p 00000000 00:00 0 
7fabdd960000-7fabdda60000 rw-p 00000000 00:00 0                          [stack:3623]
7fabdda60000-7fabdda61000 ---p 00000000 00:00 0 
7fabdda61000-7fabddb61000 rw-p 00000000 00:00 0                          [stack:3622]
7fabddb61000-7fabddb62000 ---p 00000000 00:00 0 
7fabddb62000-7fabddc62000 rw-p 00000000 00:00 0                          [stack:3621]
7fabddc62000-7fabddc63000 ---p 00000000 00:00 0 
7fabddc63000-7fabddd6e000 rw-p 00000000 00:00 0                          [stack:3620]
7fabddd6e000-7fabdddb6000 rw-p 00000000 00:00 0 
7fabdddb6000-7fabddddf000 rw-p 00000000 00:00 0 
7fabddddf000-7fabde046000 rw-p 00000000 00:00 0 
7fabde046000-7fabde051000 rw-p 00000000 00:00 0 
7fabde051000-7fabde099000 rw-p 00000000 00:00 0 
7fabde099000-7fabde0c2000 rw-p 00000000 00:00 0 
7fabde0c2000-7fabde328000 rw-p 00000000 00:00 0 
7fabde328000-7fabde33d000 rw-p 00000000 00:00 0 
7fabde33d000-7fabde470000 rw-p 00000000 00:00 0 
7fabde470000-7fabde471000 rw-p 00000000 00:00 0 
7fabde471000-7fabde479000 r-xp 00000000 08:05 1183349                    /usr/lib/jvm/java-7-openjdk-amd64/jre/lib/amd64/libzip.so
7fabde479000-7fabde678000 ---p 00008000 08:05 1183349                    /usr/lib/jvm/java-7-openjdk-amd64/jre/lib/amd64/libzip.so
7fabde678000-7fabde679000 r--p 00007000 08:05 1183349                    /usr/lib/jvm/java-7-openjdk-amd64/jre/lib/amd64/libzip.so
7fabde679000-7fabde67a000 rw-p 00008000 08:05 1183349                    /usr/lib/jvm/java-7-openjdk-amd64/jre/lib/amd64/libzip.so
7fabde67a000-7fabde685000 r-xp 00000000 08:05 528525                     /lib/x86_64-linux-gnu/libnss_files-2.19.so
7fabde685000-7fabde884000 ---p 0000b000 08:05 528525                     /lib/x86_64-linux-gnu/libnss_files-2.19.so
7fabde884000-7fabde885000 r--p 0000a000 08:05 528525                     /lib/x86_64-linux-gnu/libnss_files-2.19.so
7fabde885000-7fabde886000 rw-p 0000b000 08:05 528525                     /lib/x86_64-linux-gnu/libnss_files-2.19.so
7fabde886000-7fabde891000 r-xp 00000000 08:05 528545                     /lib/x86_64-linux-gnu/libnss_nis-2.19.so
7fabde891000-7fabdea90000 ---p 0000b000 08:05 528545                     /lib/x86_64-linux-gnu/libnss_nis-2.19.so
7fabdea90000-7fabdea91000 r--p 0000a000 08:05 528545                     /lib/x86_64-linux-gnu/libnss_nis-2.19.so
7fabdea91000-7fabdea92000 rw-p 0000b000 08:05 528545                     /lib/x86_64-linux-gnu/libnss_nis-2.19.so
7fabdea92000-7fabdeaa9000 r-xp 00000000 08:05 528534                     /lib/x86_64-linux-gnu/libnsl-2.19.so
7fabdeaa9000-7fabdeca8000 ---p 00017000 08:05 528534                     /lib/x86_64-linux-gnu/libnsl-2.19.so
7fabdeca8000-7fabdeca9000 r--p 00016000 08:05 528534                     /lib/x86_64-linux-gnu/libnsl-2.19.so
7fabdeca9000-7fabdecaa000 rw-p 00017000 08:05 528534                     /lib/x86_64-linux-gnu/libnsl-2.19.so
7fabdecaa000-7fabdecac000 rw-p 00000000 00:00 0 
7fabdecac000-7fabdecb5000 r-xp 00000000 08:05 528533                     /lib/x86_64-linux-gnu/libnss_compat-2.19.so
7fabdecb5000-7fabdeeb4000 ---p 00009000 08:05 528533                     /lib/x86_64-linux-gnu/libnss_compat-2.19.so
7fabdeeb4000-7fabdeeb5000 r--p 00008000 08:05 528533                     /lib/x86_64-linux-gnu/libnss_compat-2.19.so
7fabdeeb5000-7fabdeeb6000 rw-p 00009000 08:05 528533                     /lib/x86_64-linux-gnu/libnss_compat-2.19.so
7fabdeeb6000-7fabdeee1000 r-xp 00000000 08:05 1183357                    /usr/lib/jvm/java-7-openjdk-amd64/jre/lib/amd64/libjava.so
7fabdeee1000-7fabdf0e1000 ---p 0002b000 08:05 1183357                    /usr/lib/jvm/java-7-openjdk-amd64/jre/lib/amd64/libjava.so
7fabdf0e1000-7fabdf0e2000 r--p 0002b000 08:05 1183357                    /usr/lib/jvm/java-7-openjdk-amd64/jre/lib/amd64/libjava.so
7fabdf0e2000-7fabdf0e4000 rw-p 0002c000 08:05 1183357                    /usr/lib/jvm/java-7-openjdk-amd64/jre/lib/amd64/libjava.so
7fabdf0e4000-7fabdf0f4000 r-xp 00000000 08:05 1183371                    /usr/lib/jvm/java-7-openjdk-amd64/jre/lib/amd64/libverify.so
7fabdf0f4000-7fabdf2f3000 ---p 00010000 08:05 1183371                    /usr/lib/jvm/java-7-openjdk-amd64/jre/lib/amd64/libverify.so
7fabdf2f3000-7fabdf2f5000 r--p 0000f000 08:05 1183371                    /usr/lib/jvm/java-7-openjdk-amd64/jre/lib/amd64/libverify.so
7fabdf2f5000-7fabdf2f6000 rw-p 00011000 08:05 1183371                    /usr/lib/jvm/java-7-openjdk-amd64/jre/lib/amd64/libverify.so
7fabdf2f6000-7fabdf2fd000 r-xp 00000000 08:05 528542                     /lib/x86_64-linux-gnu/librt-2.19.so
7fabdf2fd000-7fabdf4fc000 ---p 00007000 08:05 528542                     /lib/x86_64-linux-gnu/librt-2.19.so
7fabdf4fc000-7fabdf4fd000 r--p 00006000 08:05 528542                     /lib/x86_64-linux-gnu/librt-2.19.so
7fabdf4fd000-7fabdf4fe000 rw-p 00007000 08:05 528542                     /lib/x86_64-linux-gnu/librt-2.19.so
7fabdf4fe000-7fabdf514000 r-xp 00000000 08:05 525956                     /lib/x86_64-linux-gnu/libgcc_s.so.1
7fabdf514000-7fabdf713000 ---p 00016000 08:05 525956                     /lib/x86_64-linux-gnu/libgcc_s.so.1
7fabdf713000-7fabdf714000 rw-p 00015000 08:05 525956                     /lib/x86_64-linux-gnu/libgcc_s.so.1
7fabdf714000-7fabdf819000 r-xp 00000000 08:05 528524                     /lib/x86_64-linux-gnu/libm-2.19.so
7fabdf819000-7fabdfa18000 ---p 00105000 08:05 528524                     /lib/x86_64-linux-gnu/libm-2.19.so
7fabdfa18000-7fabdfa19000 r--p 00104000 08:05 528524                     /lib/x86_64-linux-gnu/libm-2.19.so
7fabdfa19000-7fabdfa1a000 rw-p 00105000 08:05 528524                     /lib/x86_64-linux-gnu/libm-2.19.so
7fabdfa1a000-7fabdfb00000 r-xp 00000000 08:05 1181532                    /usr/lib/x86_64-linux-gnu/libstdc++.so.6.0.19
7fabdfb00000-7fabdfcff000 ---p 000e6000 08:05 1181532                    /usr/lib/x86_64-linux-gnu/libstdc++.so.6.0.19
7fabdfcff000-7fabdfd07000 r--p 000e5000 08:05 1181532                    /usr/lib/x86_64-linux-gnu/libstdc++.so.6.0.19
7fabdfd07000-7fabdfd09000 rw-p 000ed000 08:05 1181532                    /usr/lib/x86_64-linux-gnu/libstdc++.so.6.0.19
7fabdfd09000-7fabdfd1e000 rw-p 00000000 00:00 0 
7fabdfd1e000-7fabe0842000 r-xp 00000000 08:05 1183363                    /usr/lib/jvm/java-7-openjdk-amd64/jre/lib/amd64/server/libjvm.so
7fabe0842000-7fabe0a42000 ---p 00b24000 08:05 1183363                    /usr/lib/jvm/java-7-openjdk-amd64/jre/lib/amd64/server/libjvm.so
7fabe0a42000-7fabe0adc000 r--p 00b24000 08:05 1183363                    /usr/lib/jvm/java-7-openjdk-amd64/jre/lib/amd64/server/libjvm.so
7fabe0adc000-7fabe0aff000 rw-p 00bbe000 08:05 1183363                    /usr/lib/jvm/java-7-openjdk-amd64/jre/lib/amd64/server/libjvm.so
7fabe0aff000-7fabe0b2d000 rw-p 00000000 00:00 0 
7fabe0b2d000-7fabe0b45000 r-xp 00000000 08:05 524534                     /lib/x86_64-linux-gnu/libz.so.1.2.8
7fabe0b45000-7fabe0d44000 ---p 00018000 08:05 524534                     /lib/x86_64-linux-gnu/libz.so.1.2.8
7fabe0d44000-7fabe0d45000 r--p 00017000 08:05 524534                     /lib/x86_64-linux-gnu/libz.so.1.2.8
7fabe0d45000-7fabe0d46000 rw-p 00018000 08:05 524534                     /lib/x86_64-linux-gnu/libz.so.1.2.8
7fabe0d46000-7fabe0d5f000 r-xp 00000000 08:05 528540                     /lib/x86_64-linux-gnu/libpthread-2.19.so
7fabe0d5f000-7fabe0f5e000 ---p 00019000 08:05 528540                     /lib/x86_64-linux-gnu/libpthread-2.19.so
7fabe0f5e000-7fabe0f5f000 r--p 00018000 08:05 528540                     /lib/x86_64-linux-gnu/libpthread-2.19.so
7fabe0f5f000-7fabe0f60000 rw-p 00019000 08:05 528540                     /lib/x86_64-linux-gnu/libpthread-2.19.so
7fabe0f60000-7fabe0f64000 rw-p 00000000 00:00 0 
7fabe0f64000-7fabe0f67000 r-xp 00000000 08:05 528528                     /lib/x86_64-linux-gnu/libdl-2.19.so
7fabe0f67000-7fabe1166000 ---p 00003000 08:05 528528                     /lib/x86_64-linux-gnu/libdl-2.19.so
7fabe1166000-7fabe1167000 r--p 00002000 08:05 528528                     /lib/x86_64-linux-gnu/libdl-2.19.so
7fabe1167000-7fabe1168000 rw-p 00003000 08:05 528528                     /lib/x86_64-linux-gnu/libdl-2.19.so
7fabe1168000-7fabe1323000 r-xp 00000000 08:05 528539                     /lib/x86_64-linux-gnu/libc-2.19.so
7fabe1323000-7fabe1522000 ---p 001bb000 08:05 528539                     /lib/x86_64-linux-gnu/libc-2.19.so
7fabe1522000-7fabe1526000 r--p 001ba000 08:05 528539                     /lib/x86_64-linux-gnu/libc-2.19.so
7fabe1526000-7fabe1528000 rw-p 001be000 08:05 528539                     /lib/x86_64-linux-gnu/libc-2.19.so
7fabe1528000-7fabe152d000 rw-p 00000000 00:00 0 
7fabe152d000-7fabe153a000 r-xp 00000000 08:05 1183372                    /usr/lib/jvm/java-7-openjdk-amd64/jre/lib/amd64/jli/libjli.so
7fabe153a000-7fabe1739000 ---p 0000d000 08:05 1183372                    /usr/lib/jvm/java-7-openjdk-amd64/jre/lib/amd64/jli/libjli.so
7fabe1739000-7fabe173a000 r--p 0000c000 08:05 1183372                    /usr/lib/jvm/java-7-openjdk-amd64/jre/lib/amd64/jli/libjli.so
7fabe173a000-7fabe173b000 rw-p 0000d000 08:05 1183372                    /usr/lib/jvm/java-7-openjdk-amd64/jre/lib/amd64/jli/libjli.so
7fabe173b000-7fabe175e000 r-xp 00000000 08:05 528536                     /lib/x86_64-linux-gnu/ld-2.19.so
7fabe175e000-7fabe1766000 rw-s 00000000 00:05 420686                     /drm mm object (deleted)
7fabe1766000-7fabe176d000 r--s 00000000 08:05 1182857                    /usr/lib/x86_64-linux-gnu/gconv/gconv-modules.cache
7fabe176d000-7fabe176e000 r--p 00000000 08:05 2097571                    /usr/share/locale-langpack/en_GB/LC_MESSAGES/libc.mo
7fabe176e000-7fabe1773000 r--s 0004e000 08:05 1183386                    /usr/lib/jvm/java-7-openjdk-amd64/jre/lib/jsse.jar
7fabe1773000-7fabe1774000 r--s 000f9000 08:07 3146689                    /home/lahtelat/.m2/repository/org/lwjgl/lwjgl-platform/3.0.0b/lwjgl-platform-3.0.0b-natives-linux.jar
7fabe1774000-7fabe1775000 r--s 00076000 08:07 3146688                    /home/lahtelat/.m2/repository/org/lwjgl/lwjgl-platform/3.0.0b/lwjgl-platform-3.0.0b-natives-osx.jar
7fabe1775000-7fabe1776000 r--s 00149000 08:07 3146687                    /home/lahtelat/.m2/repository/org/lwjgl/lwjgl-platform/3.0.0b/lwjgl-platform-3.0.0b-natives-windows.jar
7fabe1776000-7fabe1777000 r--s 0002c000 08:07 3277438                    /home/lahtelat/.m2/repository/org/joml/joml/1.6.8/joml-1.6.8.jar
7fabe1777000-7fabe1778000 r--s 00002000 08:05 1183331                    /usr/lib/jvm/java-7-openjdk-amd64/jre/lib/ext/dnsns.jar
7fabe1778000-7fabe1782000 rw-p 00000000 00:00 0 
7fabe1782000-7fabe1838000 rw-p 00000000 00:00 0 
7fabe1838000-7fabe183b000 ---p 00000000 00:00 0 
7fabe183b000-7fabe193e000 rw-p 00000000 00:00 0                          [stack:3619]
7fabe193e000-7fabe1942000 r--s 00085000 08:05 1183327                    /usr/lib/jvm/java-7-openjdk-amd64/jre/lib/ext/localedata.jar
7fabe1942000-7fabe1944000 r--s 00012000 08:05 1183326                    /usr/lib/jvm/java-7-openjdk-amd64/jre/lib/ext/zipfs.jar
7fabe1944000-7fabe1947000 r--s 0000f000 08:05 1183328                    /usr/lib/jvm/java-7-openjdk-amd64/jre/lib/ext/icedtea-sound.jar
7fabe1947000-7fabe194b000 r--s 00034000 08:05 1183329                    /usr/lib/jvm/java-7-openjdk-amd64/jre/lib/ext/sunjce_provider.jar
7fabe194b000-7fabe194d000 r--s 00006000 08:05 2252021                    /usr/share/java/java-atk-wrapper.jar
7fabe194d000-7fabe1951000 r--s 0003c000 08:05 1183330                    /usr/lib/jvm/java-7-openjdk-amd64/jre/lib/ext/sunpkcs11.jar
7fabe1951000-7fabe1959000 rw-s 00000000 08:05 655489                     /tmp/hsperfdata_lahtelat/3615
7fabe1959000-7fabe195a000 rw-p 00000000 00:00 0 
7fabe195a000-7fabe195b000 r--p 00000000 00:00 0 
7fabe195b000-7fabe195d000 rw-p 00000000 00:00 0 
7fabe195d000-7fabe195e000 r--p 00022000 08:05 528536                     /lib/x86_64-linux-gnu/ld-2.19.so
7fabe195e000-7fabe195f000 rw-p 00023000 08:05 528536                     /lib/x86_64-linux-gnu/ld-2.19.so
7fabe195f000-7fabe1960000 rw-p 00000000 00:00 0 
7ffd34066000-7ffd34087000 rw-p 00000000 00:00 0                          [stack]
7ffd340ac000-7ffd340ae000 r--p 00000000 00:00 0                          [vvar]
7ffd340ae000-7ffd340b0000 r-xp 00000000 00:00 0                          [vdso]
ffffffffff600000-ffffffffff601000 r-xp 00000000 00:00 0                  [vsyscall]

VM Arguments:
java_command: com.goodgames.ponggame.Main
Launcher Type: SUN_STANDARD

Environment Variables:
JAVA_HOME=/usr/lib/jvm/default-java
PATH=/bin:/usr/local/sbin:/usr/local/bin:/usr/sbin:/usr/bin:/sbin:/bin:/usr/games:/usr/local/games
LD_LIBRARY_PATH=/usr/lib/jvm/default-java/jre/lib/amd64:/usr/lib/jvm/default-java/jre/lib/i386:
SHELL=/bin/bash
DISPLAY=:0

Signal Handlers:
SIGSEGV: [libjvm.so+0x9548f0], sa_mask[0]=0x7ffbfeff, sa_flags=0x10000004
SIGBUS: [libjvm.so+0x9548f0], sa_mask[0]=0x7ffbfeff, sa_flags=0x10000004
SIGFPE: [libjvm.so+0x7cb0b0], sa_mask[0]=0x7ffbfeff, sa_flags=0x10000004
SIGPIPE: [libjvm.so+0x7cb0b0], sa_mask[0]=0x7ffbfeff, sa_flags=0x10000004
SIGXFSZ: [libjvm.so+0x7cb0b0], sa_mask[0]=0x7ffbfeff, sa_flags=0x10000004
SIGILL: [libjvm.so+0x7cb0b0], sa_mask[0]=0x7ffbfeff, sa_flags=0x10000004
SIGUSR1: SIG_DFL, sa_mask[0]=0x00000000, sa_flags=0x00000000
SIGUSR2: [libjvm.so+0x7caf50], sa_mask[0]=0x00000004, sa_flags=0x10000004
SIGHUP: [libjvm.so+0x7cb130], sa_mask[0]=0x7ffbfeff, sa_flags=0x10000004
SIGINT: SIG_IGN, sa_mask[0]=0x00000000, sa_flags=0x00000000
SIGTERM: [libjvm.so+0x7cb130], sa_mask[0]=0x7ffbfeff, sa_flags=0x10000004
SIGQUIT: [libjvm.so+0x7cb130], sa_mask[0]=0x7ffbfeff, sa_flags=0x10000004
SIGTRAP: SIG_DFL, sa_mask[0]=0x00000000, sa_flags=0x00000000


---------------  S Y S T E M  ---------------

OS:Ubuntu 14.04 (trusty)
uname:Linux 3.19.0-47-generic #53~14.04.1-Ubuntu SMP Mon Jan 18 16:09:14 UTC 2016 x86_64
libc:glibc 2.19 NPTL 2.19 
rlimit: STACK 8192k, CORE 0k, NPROC 31353, NOFILE 4096, AS infinity
load average:2.88 1.00 0.52

/proc/meminfo:
MemTotal:        8048044 kB
MemFree:         4062900 kB
MemAvailable:    5062248 kB
Buffers:          245832 kB
Cached:          1250984 kB
SwapCached:        30560 kB
Active:          2735536 kB
Inactive:         979656 kB
Active(anon):    1988852 kB
Inactive(anon):   629632 kB
Active(file):     746684 kB
Inactive(file):   350024 kB
Unevictable:          32 kB
Mlocked:              32 kB
SwapTotal:       4999164 kB
SwapFree:        4959568 kB
Dirty:             11940 kB
Writeback:             0 kB
AnonPages:       2188428 kB
Mapped:           335364 kB
Shmem:            400108 kB
Slab:             177668 kB
SReclaimable:     143132 kB
SUnreclaim:        34536 kB
KernelStack:        8864 kB
PageTables:        33788 kB
NFS_Unstable:          0 kB
Bounce:                0 kB
WritebackTmp:          0 kB
CommitLimit:     9023184 kB
Committed_AS:    5703000 kB
VmallocTotal:   34359738367 kB
VmallocUsed:      561664 kB
VmallocChunk:   34359053692 kB
HardwareCorrupted:     0 kB
AnonHugePages:   1368064 kB
CmaTotal:              0 kB
CmaFree:               0 kB
HugePages_Total:       0
HugePages_Free:        0
HugePages_Rsvd:        0
HugePages_Surp:        0
Hugepagesize:       2048 kB
DirectMap4k:      103936 kB
DirectMap2M:     3962880 kB
DirectMap1G:     5242880 kB


CPU:total 4 (2 cores per cpu, 2 threads per core) family 6 model 61 stepping 4, cmov, cx8, fxsr, mmx, sse, sse2, sse3, ssse3, sse4.1, sse4.2, popcnt, avx, avx2, aes, erms, ht, tsc, tscinvbit

/proc/cpuinfo:
processor	: 0
vendor_id	: GenuineIntel
cpu family	: 6
model		: 61
model name	: Intel(R) Core(TM) i5-5300U CPU @ 2.30GHz
stepping	: 4
microcode	: 0x1f
cpu MHz		: 2700.164
cache size	: 3072 KB
physical id	: 0
siblings	: 4
core id		: 0
cpu cores	: 2
apicid		: 0
initial apicid	: 0
fpu		: yes
fpu_exception	: yes
cpuid level	: 20
wp		: yes
flags		: fpu vme de pse tsc msr pae mce cx8 apic sep mtrr pge mca cmov pat pse36 clflush dts acpi mmx fxsr sse sse2 ss ht tm pbe syscall nx pdpe1gb rdtscp lm constant_tsc arch_perfmon pebs bts rep_good nopl xtopology nonstop_tsc aperfmperf eagerfpu pni pclmulqdq dtes64 monitor ds_cpl vmx smx est tm2 ssse3 fma cx16 xtpr pdcm pcid sse4_1 sse4_2 x2apic movbe popcnt tsc_deadline_timer aes xsave avx f16c rdrand lahf_lm abm 3dnowprefetch ida arat epb pln pts dtherm tpr_shadow vnmi flexpriority ept vpid fsgsbase tsc_adjust bmi1 hle avx2 smep bmi2 erms invpcid rtm rdseed adx smap xsaveopt
bugs		:
bogomips	: 4589.46
clflush size	: 64
cache_alignment	: 64
address sizes	: 39 bits physical, 48 bits virtual
power management:

processor	: 1
vendor_id	: GenuineIntel
cpu family	: 6
model		: 61
model name	: Intel(R) Core(TM) i5-5300U CPU @ 2.30GHz
stepping	: 4
microcode	: 0x1f
cpu MHz		: 2699.984
cache size	: 3072 KB
physical id	: 0
siblings	: 4
core id		: 0
cpu cores	: 2
apicid		: 1
initial apicid	: 1
fpu		: yes
fpu_exception	: yes
cpuid level	: 20
wp		: yes
flags		: fpu vme de pse tsc msr pae mce cx8 apic sep mtrr pge mca cmov pat pse36 clflush dts acpi mmx fxsr sse sse2 ss ht tm pbe syscall nx pdpe1gb rdtscp lm constant_tsc arch_perfmon pebs bts rep_good nopl xtopology nonstop_tsc aperfmperf eagerfpu pni pclmulqdq dtes64 monitor ds_cpl vmx smx est tm2 ssse3 fma cx16 xtpr pdcm pcid sse4_1 sse4_2 x2apic movbe popcnt tsc_deadline_timer aes xsave avx f16c rdrand lahf_lm abm 3dnowprefetch ida arat epb pln pts dtherm tpr_shadow vnmi flexpriority ept vpid fsgsbase tsc_adjust bmi1 hle avx2 smep bmi2 erms invpcid rtm rdseed adx smap xsaveopt
bugs		:
bogomips	: 4589.46
clflush size	: 64
cache_alignment	: 64
address sizes	: 39 bits physical, 48 bits virtual
power management:

processor	: 2
vendor_id	: GenuineIntel
cpu family	: 6
model		: 61
model name	: Intel(R) Core(TM) i5-5300U CPU @ 2.30GHz
stepping	: 4
microcode	: 0x1f
cpu MHz		: 2712.832
cache size	: 3072 KB
physical id	: 0
siblings	: 4
core id		: 1
cpu cores	: 2
apicid		: 2
initial apicid	: 2
fpu		: yes
fpu_exception	: yes
cpuid level	: 20
wp		: yes
flags		: fpu vme de pse tsc msr pae mce cx8 apic sep mtrr pge mca cmov pat pse36 clflush dts acpi mmx fxsr sse sse2 ss ht tm pbe syscall nx pdpe1gb rdtscp lm constant_tsc arch_perfmon pebs bts rep_good nopl xtopology nonstop_tsc aperfmperf eagerfpu pni pclmulqdq dtes64 monitor ds_cpl vmx smx est tm2 ssse3 fma cx16 xtpr pdcm pcid sse4_1 sse4_2 x2apic movbe popcnt tsc_deadline_timer aes xsave avx f16c rdrand lahf_lm abm 3dnowprefetch ida arat epb pln pts dtherm tpr_shadow vnmi flexpriority ept vpid fsgsbase tsc_adjust bmi1 hle avx2 smep bmi2 erms invpcid rtm rdseed adx smap xsaveopt
bugs		:
bogomips	: 4589.46
clflush size	: 64
cache_alignment	: 64
address sizes	: 39 bits physical, 48 bits virtual
power management:

processor	: 3
vendor_id	: GenuineIntel
cpu family	: 6
model		: 61
model name	: Intel(R) Core(TM) i5-5300U CPU @ 2.30GHz
stepping	: 4
microcode	: 0x1f
cpu MHz		: 2856.671
cache size	: 3072 KB
physical id	: 0
siblings	: 4
core id		: 1
cpu cores	: 2
apicid		: 3
initial apicid	: 3
fpu		: yes
fpu_exception	: yes
cpuid level	: 20
wp		: yes
flags		: fpu vme de pse tsc msr pae mce cx8 apic sep mtrr pge mca cmov pat pse36 clflush dts acpi mmx fxsr sse sse2 ss ht tm pbe syscall nx pdpe1gb rdtscp lm constant_tsc arch_perfmon pebs bts rep_good nopl xtopology nonstop_tsc aperfmperf eagerfpu pni pclmulqdq dtes64 monitor ds_cpl vmx smx est tm2 ssse3 fma cx16 xtpr pdcm pcid sse4_1 sse4_2 x2apic movbe popcnt tsc_deadline_timer aes xsave avx f16c rdrand lahf_lm abm 3dnowprefetch ida arat epb pln pts dtherm tpr_shadow vnmi flexpriority ept vpid fsgsbase tsc_adjust bmi1 hle avx2 smep bmi2 erms invpcid rtm rdseed adx smap xsaveopt
bugs		:
bogomips	: 4589.46
clflush size	: 64
cache_alignment	: 64
address sizes	: 39 bits physical, 48 bits virtual
power management:



Memory: 4k page, physical 8048044k(4062900k free), swap 4999164k(4959568k free)

vm_info: OpenJDK 64-Bit Server VM (24.91-b01) for linux-amd64 JRE (1.7.0_91-b02), built on Nov 19 2015 06:14:37 by "buildd" with gcc 4.8.2

time: Sun Jan 24 23:50:55 2016
elapsed time: 1 seconds

