#
# A fatal error has been detected by the Java Runtime Environment:
#
#  SIGSEGV (0xb) at pc=0x00007f13645beff0, pid=15301, tid=139721272424192
#
# JRE version: OpenJDK Runtime Environment (7.0_91-b02) (build 1.7.0_91-b02)
# Java VM: OpenJDK 64-Bit Server VM (24.91-b01 mixed mode linux-amd64 compressed oops)
# Derivative: IcedTea 2.6.3
# Distribution: Ubuntu 14.04 LTS, package 7u91-2.6.3-0ubuntu0.14.04.1
# Problematic frame:
# C  [libc.so.6+0x97ff0]
#
# Failed to write core dump. Core dumps have been disabled. To enable core dumping, try "ulimit -c unlimited" before starting Java again
#
# If you would like to submit a bug report, please include
# instructions on how to reproduce the bug and visit:
#   http://icedtea.classpath.org/bugzilla
# The crash happened outside the Java Virtual Machine in native code.
# See problematic frame for where to report the bug.
#

---------------  T H R E A D  ---------------

Current thread (0x00007f135c00a000):  JavaThread "main" [_thread_in_native, id=15305, stack(0x00007f1364bf7000,0x00007f1364cf8000)]

siginfo:si_signo=SIGSEGV: si_errno=0, si_code=1 (SEGV_MAPERR), si_addr=0x0000000000000000

Registers:
RAX=0xffff80eca7fe4e50, RBX=0x0000000000000000, RCX=0x0000000000000360, RDX=0x00000000000001b0
RSP=0x00007f1364cf62f8, RBP=0x0000000000000023, RSI=0x0000000000000000, RDI=0x00007f135801b000
R8 =0x00007f13580eeeb0, R9 =0x00007f135801b000, R10=0x0000000000000000, R11=0x0000000000000246
R12=0x00000000000001b0, R13=0x000000000000000c, R14=0x00007f13580eeea8, R15=0x000000000000000c
RIP=0x00007f13645beff0, EFLAGS=0x0000000000010206, CSGSFS=0x0000000000000033, ERR=0x0000000000000004
  TRAPNO=0x000000000000000e

Top of Stack: (sp=0x00007f1364cf62f8)
0x00007f1364cf62f8:   00007f134aae4a76 00000000ffffffff
0x00007f1364cf6308:   00000024580cb038 00007f135c646b80
0x00007f1364cf6318:   00007f13580eeeb0 00007f13580cb038
0x00007f1364cf6328:   00007f1364cf6380 00007f13580eeda8
0x00007f1364cf6338:   0000000000000000 0000000000000000
0x00007f1364cf6348:   00007f134aae52f4 00007f1359006233
0x00007f1364cf6358:   00007f1300000001 0000002300000000
0x00007f1364cf6368:   0000000000000000 00007f135c646960
0x00007f1364cf6378:   0000002300000001 00007f13580eeda8
0x00007f1364cf6388:   00007f1364cf6388 0000000000000003
0x00007f1364cf6398:   0000000100000001 00007f1359006058
0x00007f1364cf63a8:   0000000000000001 00007f135c646960
0x00007f1364cf63b8:   0000000000000000 0000000000000000
0x00007f1364cf63c8:   0000000000000001 00007f13580cb038
0x00007f1364cf63d8:   00007f134ab8c80c 0000000800000000
0x00007f1364cf63e8:   00007f1300000000 00007f1300000001
0x00007f1364cf63f8:   00007f1300000320 00007f1300000258
0x00007f1364cf6408:   00007f1300000001 0000000000000000
0x00007f1364cf6418:   00007f1300000000 000000014af55ce8
0x00007f1364cf6428:   00007f1300000001 0000000100000000
0x00007f1364cf6438:   00007f135c1eb7f0 00007f13580cb038
0x00007f1364cf6448:   00007f135c1eb7f0 0000000000000001
0x00007f1364cf6458:   0000000000000320 0000000000000258
0x00007f1364cf6468:   00007f135c646960 00007f13580cb038
0x00007f1364cf6478:   00007f134ab46d7c 00007f1300000001
0x00007f1364cf6488:   00007f1300000001 0000000000000320
0x00007f1364cf6498:   00007f13580cb038 00007f13580f0138
0x00007f1364cf64a8:   0000000000000036 0000000000000078
0x00007f1364cf64b8:   00007f1364cf6610 00007f134af55ce8
0x00007f1364cf64c8:   00007f134ab8dc8c 0000032000000000
0x00007f1364cf64d8:   00007f13580cb038 00007f13580f0138
0x00007f1364cf64e8:   0000000000000036 00007f134af55ce8 

Instructions: (pc=0x00007f13645beff0)
0x00007f13645befd0:   48 89 f0 48 8d 0c 12 48 29 f8 48 29 d0 48 39 c8
0x00007f13645befe0:   0f 82 07 01 00 00 48 83 fa 10 0f 86 8b 01 00 00
0x00007f13645beff0:   f3 44 0f 6f 06 48 83 fa 20 f3 44 0f 7f 07 f3 44
0x00007f13645bf000:   0f 6f 44 16 f0 f3 44 0f 7f 44 17 f0 77 12 48 89 

Register to memory mapping:

RAX=0xffff80eca7fe4e50 is an unknown value
RBX=0x0000000000000000 is an unknown value
RCX=0x0000000000000360 is an unknown value
RDX=0x00000000000001b0 is an unknown value
RSP=0x00007f1364cf62f8 is pointing into the stack for thread: 0x00007f135c00a000
RBP=0x0000000000000023 is an unknown value
RSI=0x0000000000000000 is an unknown value
RDI=0x00007f135801b000 is an unknown value
R8 =0x00007f13580eeeb0 is an unknown value
R9 =0x00007f135801b000 is an unknown value
R10=0x0000000000000000 is an unknown value
R11=0x0000000000000246 is an unknown value
R12=0x00000000000001b0 is an unknown value
R13=0x000000000000000c is an unknown value
R14=0x00007f13580eeea8 is an unknown value
R15=0x000000000000000c is an unknown value


Stack: [0x00007f1364bf7000,0x00007f1364cf8000],  sp=0x00007f1364cf62f8,  free space=1020k
Native frames: (J=compiled Java code, j=interpreted, Vv=VM code, C=native code)
C  [libc.so.6+0x97ff0]

Java frames: (J=compiled Java code, j=interpreted, Vv=VM code)
j  org.lwjgl.system.JNI.callIIIV(JIII)V+0
j  org.lwjgl.opengl.GL11.glDrawArrays(III)V+11
j  com.goodgames.ponggame.gameobjects.Bat.render()V+133
j  com.goodgames.ponggame.Game.render()V+4
j  com.goodgames.ponggame.GameWindow.render()V+17
j  com.goodgames.ponggame.GameWindow.run()V+15
j  com.goodgames.ponggame.GameWindow.startGame()V+19
j  com.goodgames.ponggame.Main.main([Ljava/lang/String;)V+7
v  ~StubRoutines::call_stub

---------------  P R O C E S S  ---------------

Java Threads: ( => current thread )
  0x00007f135c0af800 JavaThread "Service Thread" daemon [_thread_blocked, id=15316, stack(0x00007f13538d3000,0x00007f13539d4000)]
  0x00007f135c0ad000 JavaThread "C2 CompilerThread1" daemon [_thread_blocked, id=15315, stack(0x00007f13539d4000,0x00007f1353ad5000)]
  0x00007f135c0aa000 JavaThread "C2 CompilerThread0" daemon [_thread_blocked, id=15314, stack(0x00007f13580f1000,0x00007f13581f2000)]
  0x00007f135c0a8000 JavaThread "Signal Dispatcher" daemon [_thread_blocked, id=15313, stack(0x00007f13581f2000,0x00007f13582f3000)]
  0x00007f135c07c000 JavaThread "Finalizer" daemon [_thread_blocked, id=15312, stack(0x00007f13582f3000,0x00007f13583f4000)]
  0x00007f135c07a000 JavaThread "Reference Handler" daemon [_thread_blocked, id=15311, stack(0x00007f13583f4000,0x00007f13584f5000)]
=>0x00007f135c00a000 JavaThread "main" [_thread_in_native, id=15305, stack(0x00007f1364bf7000,0x00007f1364cf8000)]

Other Threads:
  0x00007f135c075800 VMThread [stack: 0x00007f13584f5000,0x00007f13585f6000] [id=15310]
  0x00007f135c0ba000 WatcherThread [stack: 0x00007f13537d2000,0x00007f13538d3000] [id=15317]

VM state:not at safepoint (normal execution)

VM Mutex/Monitor currently owned by a thread: None

Heap
 PSYoungGen      total 36864K, used 13853K [0x00000007d7080000, 0x00000007d9980000, 0x0000000800000000)
  eden space 31744K, 43% used [0x00000007d7080000,0x00000007d7e075b0,0x00000007d8f80000)
  from space 5120K, 0% used [0x00000007d9480000,0x00000007d9480000,0x00000007d9980000)
  to   space 5120K, 0% used [0x00000007d8f80000,0x00000007d8f80000,0x00000007d9480000)
 ParOldGen       total 83456K, used 0K [0x0000000785200000, 0x000000078a380000, 0x00000007d7080000)
  object space 83456K, 0% used [0x0000000785200000,0x0000000785200000,0x000000078a380000)
 PSPermGen       total 21504K, used 8855K [0x000000077ac00000, 0x000000077c100000, 0x0000000785200000)
  object space 21504K, 41% used [0x000000077ac00000,0x000000077b4a5d10,0x000000077c100000)

Card table byte_map: [0x00007f1361405000,0x00007f1361830000] byte_map_base: 0x00007f135d82f000

Polling page: 0x00007f1364d19000

Code Cache  [0x00007f1359000000, 0x00007f1359270000, 0x00007f135c000000)
 total_blobs=670 nmethods=29 adapters=595 free_code_cache=48483Kb largest_free_block=49644992

Compilation events (10 events):
Event: 1.033 Thread 0x00007f135c0ad000 nmethod 24 0x00007f1359091fd0 code [0x00007f1359092120, 0x00007f13590923b8]
Event: 1.044 Thread 0x00007f135c0ad000   26             java.lang.String::length (6 bytes)
Event: 1.044 Thread 0x00007f135c0ad000 nmethod 26 0x00007f1359094e50 code [0x00007f1359094f80, 0x00007f1359094ff8]
Event: 1.045 Thread 0x00007f135c0aa000 nmethod 25 0x00007f1359095490 code [0x00007f1359095660, 0x00007f1359095ee8]
Event: 1.056 Thread 0x00007f135c0ad000   27             java.lang.Math::min (11 bytes)
Event: 1.057 Thread 0x00007f135c0ad000 nmethod 27 0x00007f1359065910 code [0x00007f1359065a40, 0x00007f1359065a78]
Event: 1.123 Thread 0x00007f135c0aa000   28 %           sun.net.www.ParseUtil::encodePath @ 29 (336 bytes)
Event: 1.140 Thread 0x00007f135c0aa000 nmethod 28% 0x00007f13590a27d0 code [0x00007f13590a29a0, 0x00007f13590a3338]
Event: 1.141 Thread 0x00007f135c0ad000   29             sun.net.www.ParseUtil::encodePath (336 bytes)
Event: 1.152 Thread 0x00007f135c0ad000 nmethod 29 0x00007f135909f350 code [0x00007f135909f500, 0x00007f135909fed8]

GC Heap History (0 events):
No events

Deoptimization events (3 events):
Event: 0.086 Thread 0x00007f135c00a000 Uncommon trap: reason=unstable_if action=reinterpret pc=0x00007f1359062d34 method=java.lang.String.indexOf([CII[CIII)I @ 134
Event: 0.098 Thread 0x00007f135c00a000 Uncommon trap: reason=unstable_if action=reinterpret pc=0x00007f135905f940 method=java.lang.String.indexOf(II)I @ 49
Event: 1.095 Thread 0x00007f135c00a000 Uncommon trap: reason=unstable_if action=reinterpret pc=0x00007f1359095d84 method=sun.net.www.ParseUtil.encodePath(Ljava/lang/String;Z)Ljava/lang/String; @ 109

Internal exceptions (10 events):
Event: 1.154 Thread 0x00007f135c00a000 Threw 0x00000007d7d17468 at /build/openjdk-7-zaTxYK/openjdk-7-7u91-2.6.3/build/openjdk/hotspot/src/share/vm/prims/jvm.cpp:1322
Event: 1.159 Thread 0x00007f135c00a000 Threw 0x00000007d7d2e140 at /build/openjdk-7-zaTxYK/openjdk-7-7u91-2.6.3/build/openjdk/hotspot/src/share/vm/prims/jvm.cpp:1322
Event: 1.167 Thread 0x00007f135c00a000 Threw 0x00000007d7d510e8 at /build/openjdk-7-zaTxYK/openjdk-7-7u91-2.6.3/build/openjdk/hotspot/src/share/vm/prims/jvm.cpp:1322
Event: 1.167 Thread 0x00007f135c00a000 Threw 0x00000007d7d6ade0 at /build/openjdk-7-zaTxYK/openjdk-7-7u91-2.6.3/build/openjdk/hotspot/src/share/vm/prims/jvm.cpp:1322
Event: 1.167 Thread 0x00007f135c00a000 Threw 0x00000007d7d6def0 at /build/openjdk-7-zaTxYK/openjdk-7-7u91-2.6.3/build/openjdk/hotspot/src/share/vm/prims/jvm.cpp:1322
Event: 1.178 Thread 0x00007f135c00a000 Threw 0x00000007d7d89798 at /build/openjdk-7-zaTxYK/openjdk-7-7u91-2.6.3/build/openjdk/hotspot/src/share/vm/prims/jvm.cpp:1322
Event: 1.178 Thread 0x00007f135c00a000 Threw 0x00000007d7d8dc08 at /build/openjdk-7-zaTxYK/openjdk-7-7u91-2.6.3/build/openjdk/hotspot/src/share/vm/prims/jvm.cpp:1322
Event: 1.178 Thread 0x00007f135c00a000 Threw 0x00000007d7d91640 at /build/openjdk-7-zaTxYK/openjdk-7-7u91-2.6.3/build/openjdk/hotspot/src/share/vm/prims/jvm.cpp:1322
Event: 1.181 Thread 0x00007f135c00a000 Threw 0x00000007d7d9b458 at /build/openjdk-7-zaTxYK/openjdk-7-7u91-2.6.3/build/openjdk/hotspot/src/share/vm/prims/jvm.cpp:1322
Event: 1.182 Thread 0x00007f135c00a000 Threw 0x00000007d7d9fed0 at /build/openjdk-7-zaTxYK/openjdk-7-7u91-2.6.3/build/openjdk/hotspot/src/share/vm/prims/jvm.cpp:1322

Events (10 events):
Event: 1.177 loading class 0x00007f135c12cf70
Event: 1.177 loading class 0x00007f135c12cf70 done
Event: 1.178 loading class 0x00007f135cf14b70
Event: 1.178 loading class 0x00007f135cf14b70 done
Event: 1.178 loading class 0x00007f135cf14bb0
Event: 1.178 loading class 0x00007f135cf14bb0 done
Event: 1.181 loading class 0x00007f135ce070b0
Event: 1.181 loading class 0x00007f135ce070b0 done
Event: 1.182 loading class 0x00007f135c0fdfb0
Event: 1.182 loading class 0x00007f135c0fdfb0 done


Dynamic libraries:
00400000-00401000 r-xp 00000000 08:05 1183315                            /usr/lib/jvm/java-7-openjdk-amd64/jre/bin/java
00600000-00601000 r--p 00000000 08:05 1183315                            /usr/lib/jvm/java-7-openjdk-amd64/jre/bin/java
00601000-00602000 rw-p 00001000 08:05 1183315                            /usr/lib/jvm/java-7-openjdk-amd64/jre/bin/java
01192000-011b3000 rw-p 00000000 00:00 0                                  [heap]
77ac00000-77c100000 rw-p 00000000 00:00 0 
77c100000-785200000 rw-p 00000000 00:00 0 
785200000-78a380000 rw-p 00000000 00:00 0 
78a380000-7d7080000 rw-p 00000000 00:00 0 
7d7080000-7d9980000 rw-p 00000000 00:00 0 
7d9980000-800000000 rw-p 00000000 00:00 0 
7f1318000000-7f1318021000 rw-p 00000000 00:00 0 
7f1318021000-7f131c000000 ---p 00000000 00:00 0 
7f131c000000-7f131c021000 rw-p 00000000 00:00 0 
7f131c021000-7f1320000000 ---p 00000000 00:00 0 
7f1320000000-7f1320120000 rw-p 00000000 00:00 0 
7f1320120000-7f1324000000 ---p 00000000 00:00 0 
7f1324000000-7f13240d4000 rw-p 00000000 00:00 0 
7f13240d4000-7f1328000000 ---p 00000000 00:00 0 
7f1328000000-7f1328021000 rw-p 00000000 00:00 0 
7f1328021000-7f132c000000 ---p 00000000 00:00 0 
7f132c000000-7f132c021000 rw-p 00000000 00:00 0 
7f132c021000-7f1330000000 ---p 00000000 00:00 0 
7f1330000000-7f1330021000 rw-p 00000000 00:00 0 
7f1330021000-7f1334000000 ---p 00000000 00:00 0 
7f1336d7f000-7f1336dbc000 r-xp 00000000 08:05 528522                     /lib/x86_64-linux-gnu/libpcre.so.3.13.1
7f1336dbc000-7f1336fbb000 ---p 0003d000 08:05 528522                     /lib/x86_64-linux-gnu/libpcre.so.3.13.1
7f1336fbb000-7f1336fbc000 r--p 0003c000 08:05 528522                     /lib/x86_64-linux-gnu/libpcre.so.3.13.1
7f1336fbc000-7f1336fbd000 rw-p 0003d000 08:05 528522                     /lib/x86_64-linux-gnu/libpcre.so.3.13.1
7f1336fbd000-7f1336fc4000 r-xp 00000000 08:05 1179820                    /usr/lib/x86_64-linux-gnu/libffi.so.6.0.1
7f1336fc4000-7f13371c3000 ---p 00007000 08:05 1179820                    /usr/lib/x86_64-linux-gnu/libffi.so.6.0.1
7f13371c3000-7f13371c4000 r--p 00006000 08:05 1179820                    /usr/lib/x86_64-linux-gnu/libffi.so.6.0.1
7f13371c4000-7f13371c5000 rw-p 00007000 08:05 1179820                    /usr/lib/x86_64-linux-gnu/libffi.so.6.0.1
7f13371c5000-7f13371dc000 r-xp 00000000 08:05 524388                     /lib/x86_64-linux-gnu/libresolv-2.19.so
7f13371dc000-7f13373dc000 ---p 00017000 08:05 524388                     /lib/x86_64-linux-gnu/libresolv-2.19.so
7f13373dc000-7f13373dd000 r--p 00017000 08:05 524388                     /lib/x86_64-linux-gnu/libresolv-2.19.so
7f13373dd000-7f13373de000 rw-p 00018000 08:05 524388                     /lib/x86_64-linux-gnu/libresolv-2.19.so
7f13373de000-7f13373e0000 rw-p 00000000 00:00 0 
7f13373e0000-7f1337400000 r-xp 00000000 08:05 524308                     /lib/x86_64-linux-gnu/libselinux.so.1
7f1337400000-7f13375ff000 ---p 00020000 08:05 524308                     /lib/x86_64-linux-gnu/libselinux.so.1
7f13375ff000-7f1337600000 r--p 0001f000 08:05 524308                     /lib/x86_64-linux-gnu/libselinux.so.1
7f1337600000-7f1337601000 rw-p 00020000 08:05 524308                     /lib/x86_64-linux-gnu/libselinux.so.1
7f1337601000-7f1337603000 rw-p 00000000 00:00 0 
7f1337603000-7f1337606000 r-xp 00000000 08:05 1185438                    /usr/lib/x86_64-linux-gnu/libgmodule-2.0.so.0.4002.0
7f1337606000-7f1337805000 ---p 00003000 08:05 1185438                    /usr/lib/x86_64-linux-gnu/libgmodule-2.0.so.0.4002.0
7f1337805000-7f1337806000 r--p 00002000 08:05 1185438                    /usr/lib/x86_64-linux-gnu/libgmodule-2.0.so.0.4002.0
7f1337806000-7f1337807000 rw-p 00003000 08:05 1185438                    /usr/lib/x86_64-linux-gnu/libgmodule-2.0.so.0.4002.0
7f1337807000-7f133790d000 r-xp 00000000 08:05 524681                     /lib/x86_64-linux-gnu/libglib-2.0.so.0.4002.0
7f133790d000-7f1337b0c000 ---p 00106000 08:05 524681                     /lib/x86_64-linux-gnu/libglib-2.0.so.0.4002.0
7f1337b0c000-7f1337b0d000 r--p 00105000 08:05 524681                     /lib/x86_64-linux-gnu/libglib-2.0.so.0.4002.0
7f1337b0d000-7f1337b0e000 rw-p 00106000 08:05 524681                     /lib/x86_64-linux-gnu/libglib-2.0.so.0.4002.0
7f1337b0e000-7f1337b0f000 rw-p 00000000 00:00 0 
7f1337b0f000-7f1337b5e000 r-xp 00000000 08:05 1185440                    /usr/lib/x86_64-linux-gnu/libgobject-2.0.so.0.4002.0
7f1337b5e000-7f1337d5e000 ---p 0004f000 08:05 1185440                    /usr/lib/x86_64-linux-gnu/libgobject-2.0.so.0.4002.0
7f1337d5e000-7f1337d5f000 r--p 0004f000 08:05 1185440                    /usr/lib/x86_64-linux-gnu/libgobject-2.0.so.0.4002.0
7f1337d5f000-7f1337d60000 rw-p 00050000 08:05 1185440                    /usr/lib/x86_64-linux-gnu/libgobject-2.0.so.0.4002.0
7f1337d60000-7f133c000000 rw-p 00000000 00:00 0 
7f133c000000-7f133c021000 rw-p 00000000 00:00 0 
7f133c021000-7f1340000000 ---p 00000000 00:00 0 
7f1340000000-7f1340021000 rw-p 00000000 00:00 0 
7f1340021000-7f1344000000 ---p 00000000 00:00 0 
7f1344000000-7f1344021000 rw-p 00000000 00:00 0 
7f1344021000-7f1348000000 ---p 00000000 00:00 0 
7f1348063000-7f13481cf000 r-xp 00000000 08:05 1185447                    /usr/lib/x86_64-linux-gnu/libgio-2.0.so.0.4002.0
7f13481cf000-7f13483ce000 ---p 0016c000 08:05 1185447                    /usr/lib/x86_64-linux-gnu/libgio-2.0.so.0.4002.0
7f13483ce000-7f13483d2000 r--p 0016b000 08:05 1185447                    /usr/lib/x86_64-linux-gnu/libgio-2.0.so.0.4002.0
7f13483d2000-7f13483d4000 rw-p 0016f000 08:05 1185447                    /usr/lib/x86_64-linux-gnu/libgio-2.0.so.0.4002.0
7f13483d4000-7f13483d6000 rw-p 00000000 00:00 0 
7f13483d6000-7f13483ed000 r-xp 00000000 08:05 1183375                    /usr/lib/jvm/java-7-openjdk-amd64/jre/lib/amd64/libnet.so
7f13483ed000-7f13485ec000 ---p 00017000 08:05 1183375                    /usr/lib/jvm/java-7-openjdk-amd64/jre/lib/amd64/libnet.so
7f13485ec000-7f13485ed000 r--p 00016000 08:05 1183375                    /usr/lib/jvm/java-7-openjdk-amd64/jre/lib/amd64/libnet.so
7f13485ed000-7f13485ee000 rw-p 00017000 08:05 1183375                    /usr/lib/jvm/java-7-openjdk-amd64/jre/lib/amd64/libnet.so
7f13485ee000-7f13485fe000 r-xp 00000000 08:05 1183344                    /usr/lib/jvm/java-7-openjdk-amd64/jre/lib/amd64/libnio.so
7f13485fe000-7f13487fe000 ---p 00010000 08:05 1183344                    /usr/lib/jvm/java-7-openjdk-amd64/jre/lib/amd64/libnio.so
7f13487fe000-7f13487ff000 r--p 00010000 08:05 1183344                    /usr/lib/jvm/java-7-openjdk-amd64/jre/lib/amd64/libnio.so
7f13487ff000-7f1348800000 rw-p 00011000 08:05 1183344                    /usr/lib/jvm/java-7-openjdk-amd64/jre/lib/amd64/libnio.so
7f1348800000-7f1348a00000 rw-p 00000000 00:00 0 
7f1348bc2000-7f1349d60000 rw-p 00000000 00:00 0 
7f1349d60000-7f1349d97000 r-xp 00000000 08:05 1185873                    /usr/lib/x86_64-linux-gnu/libtxc_dxtn_s2tc.so.0.0.0
7f1349d97000-7f1349f96000 ---p 00037000 08:05 1185873                    /usr/lib/x86_64-linux-gnu/libtxc_dxtn_s2tc.so.0.0.0
7f1349f96000-7f1349f97000 r--p 00036000 08:05 1185873                    /usr/lib/x86_64-linux-gnu/libtxc_dxtn_s2tc.so.0.0.0
7f1349f97000-7f1349f98000 rw-p 00037000 08:05 1185873                    /usr/lib/x86_64-linux-gnu/libtxc_dxtn_s2tc.so.0.0.0
7f1349f98000-7f1349fa0000 r-xp 00000000 08:05 1185761                    /usr/lib/x86_64-linux-gnu/libpciaccess.so.0.11.1
7f1349fa0000-7f134a19f000 ---p 00008000 08:05 1185761                    /usr/lib/x86_64-linux-gnu/libpciaccess.so.0.11.1
7f134a19f000-7f134a1a0000 r--p 00007000 08:05 1185761                    /usr/lib/x86_64-linux-gnu/libpciaccess.so.0.11.1
7f134a1a0000-7f134a1a1000 rw-p 00008000 08:05 1185761                    /usr/lib/x86_64-linux-gnu/libpciaccess.so.0.11.1
7f134a1a1000-7f134a1ad000 r-xp 00000000 08:05 1185770                    /usr/lib/x86_64-linux-gnu/libdrm_radeon.so.1.0.1
7f134a1ad000-7f134a3ac000 ---p 0000c000 08:05 1185770                    /usr/lib/x86_64-linux-gnu/libdrm_radeon.so.1.0.1
7f134a3ac000-7f134a3ad000 r--p 0000b000 08:05 1185770                    /usr/lib/x86_64-linux-gnu/libdrm_radeon.so.1.0.1
7f134a3ad000-7f134a3ae000 rw-p 0000c000 08:05 1185770                    /usr/lib/x86_64-linux-gnu/libdrm_radeon.so.1.0.1
7f134a3ae000-7f134a3b4000 r-xp 00000000 08:05 1185768                    /usr/lib/x86_64-linux-gnu/libdrm_nouveau.so.2.0.0
7f134a3b4000-7f134a5b3000 ---p 00006000 08:05 1185768                    /usr/lib/x86_64-linux-gnu/libdrm_nouveau.so.2.0.0
7f134a5b3000-7f134a5b4000 r--p 00005000 08:05 1185768                    /usr/lib/x86_64-linux-gnu/libdrm_nouveau.so.2.0.0
7f134a5b4000-7f134a5b5000 rw-p 00006000 08:05 1185768                    /usr/lib/x86_64-linux-gnu/libdrm_nouveau.so.2.0.0
7f134a5b5000-7f134a5d5000 r-xp 00000000 08:05 1185764                    /usr/lib/x86_64-linux-gnu/libdrm_intel.so.1.0.0
7f134a5d5000-7f134a7d4000 ---p 00020000 08:05 1185764                    /usr/lib/x86_64-linux-gnu/libdrm_intel.so.1.0.0
7f134a7d4000-7f134a7d5000 r--p 0001f000 08:05 1185764                    /usr/lib/x86_64-linux-gnu/libdrm_intel.so.1.0.0
7f134a7d5000-7f134a7d6000 rw-p 00020000 08:05 1185764                    /usr/lib/x86_64-linux-gnu/libdrm_intel.so.1.0.0
7f134a7d6000-7f134ad2a000 r-xp 00000000 08:05 1311633                    /usr/lib/x86_64-linux-gnu/dri/i965_dri.so
7f134ad2a000-7f134af2a000 ---p 00554000 08:05 1311633                    /usr/lib/x86_64-linux-gnu/dri/i965_dri.so
7f134af2a000-7f134af4b000 r--p 00554000 08:05 1311633                    /usr/lib/x86_64-linux-gnu/dri/i965_dri.so
7f134af4b000-7f134af52000 rw-p 00575000 08:05 1311633                    /usr/lib/x86_64-linux-gnu/dri/i965_dri.so
7f134af52000-7f134af59000 rw-p 00000000 00:00 0 
7f134af59000-7f134af9d000 r-xp 00000000 08:05 524292                     /lib/x86_64-linux-gnu/libdbus-1.so.3.7.6
7f134af9d000-7f134b19c000 ---p 00044000 08:05 524292                     /lib/x86_64-linux-gnu/libdbus-1.so.3.7.6
7f134b19c000-7f134b19d000 r--p 00043000 08:05 524292                     /lib/x86_64-linux-gnu/libdbus-1.so.3.7.6
7f134b19d000-7f134b19e000 rw-p 00044000 08:05 524292                     /lib/x86_64-linux-gnu/libdbus-1.so.3.7.6
7f134b19e000-7f134b1a6000 r-xp 00000000 08:05 524367                     /lib/x86_64-linux-gnu/libnih-dbus.so.1.0.0
7f134b1a6000-7f134b3a6000 ---p 00008000 08:05 524367                     /lib/x86_64-linux-gnu/libnih-dbus.so.1.0.0
7f134b3a6000-7f134b3a7000 r--p 00008000 08:05 524367                     /lib/x86_64-linux-gnu/libnih-dbus.so.1.0.0
7f134b3a7000-7f134b3a8000 rw-p 00009000 08:05 524367                     /lib/x86_64-linux-gnu/libnih-dbus.so.1.0.0
7f134b3a8000-7f134b3bf000 r-xp 00000000 08:05 524369                     /lib/x86_64-linux-gnu/libnih.so.1.0.0
7f134b3bf000-7f134b5be000 ---p 00017000 08:05 524369                     /lib/x86_64-linux-gnu/libnih.so.1.0.0
7f134b5be000-7f134b5bf000 r--p 00016000 08:05 524369                     /lib/x86_64-linux-gnu/libnih.so.1.0.0
7f134b5bf000-7f134b5c0000 rw-p 00017000 08:05 524369                     /lib/x86_64-linux-gnu/libnih.so.1.0.0
7f134b5c0000-7f134b5d9000 r-xp 00000000 08:05 524302                     /lib/x86_64-linux-gnu/libcgmanager.so.0.0.0
7f134b5d9000-7f134b7d8000 ---p 00019000 08:05 524302                     /lib/x86_64-linux-gnu/libcgmanager.so.0.0.0
7f134b7d8000-7f134b7da000 r--p 00018000 08:05 524302                     /lib/x86_64-linux-gnu/libcgmanager.so.0.0.0
7f134b7da000-7f134b7db000 rw-p 0001a000 08:05 524302                     /lib/x86_64-linux-gnu/libcgmanager.so.0.0.0
7f134b7db000-7f134b7eb000 r-xp 00000000 08:05 524473                     /lib/x86_64-linux-gnu/libudev.so.1.3.5
7f134b7eb000-7f134b9ea000 ---p 00010000 08:05 524473                     /lib/x86_64-linux-gnu/libudev.so.1.3.5
7f134b9ea000-7f134b9eb000 r--p 0000f000 08:05 524473                     /lib/x86_64-linux-gnu/libudev.so.1.3.5
7f134b9eb000-7f134b9ec000 rw-p 00010000 08:05 524473                     /lib/x86_64-linux-gnu/libudev.so.1.3.5
7f134b9ec000-7f134b9f7000 r-xp 00000000 08:05 1184048                    /usr/lib/x86_64-linux-gnu/libdrm.so.2.4.0
7f134b9f7000-7f134bbf6000 ---p 0000b000 08:05 1184048                    /usr/lib/x86_64-linux-gnu/libdrm.so.2.4.0
7f134bbf6000-7f134bbf7000 r--p 0000a000 08:05 1184048                    /usr/lib/x86_64-linux-gnu/libdrm.so.2.4.0
7f134bbf7000-7f134bbf8000 rw-p 0000b000 08:05 1184048                    /usr/lib/x86_64-linux-gnu/libdrm.so.2.4.0
7f134bbf8000-7f134bbf9000 r-xp 00000000 08:05 1185815                    /usr/lib/x86_64-linux-gnu/libxshmfence.so.1.0.0
7f134bbf9000-7f134bdf8000 ---p 00001000 08:05 1185815                    /usr/lib/x86_64-linux-gnu/libxshmfence.so.1.0.0
7f134bdf8000-7f134bdf9000 r--p 00000000 08:05 1185815                    /usr/lib/x86_64-linux-gnu/libxshmfence.so.1.0.0
7f134bdf9000-7f134bdfa000 rw-p 00001000 08:05 1185815                    /usr/lib/x86_64-linux-gnu/libxshmfence.so.1.0.0
7f134bdfa000-7f134bdff000 r-xp 00000000 08:05 1185810                    /usr/lib/x86_64-linux-gnu/libxcb-sync.so.1.0.0
7f134bdff000-7f134bffe000 ---p 00005000 08:05 1185810                    /usr/lib/x86_64-linux-gnu/libxcb-sync.so.1.0.0
7f134bffe000-7f134bfff000 r--p 00004000 08:05 1185810                    /usr/lib/x86_64-linux-gnu/libxcb-sync.so.1.0.0
7f134bfff000-7f134c000000 rw-p 00005000 08:05 1185810                    /usr/lib/x86_64-linux-gnu/libxcb-sync.so.1.0.0
7f134c000000-7f134c021000 rw-p 00000000 00:00 0 
7f134c021000-7f1350000000 ---p 00000000 00:00 0 
7f135012d000-7f135012f000 r-xp 00000000 08:05 1185808                    /usr/lib/x86_64-linux-gnu/libxcb-present.so.0.0.0
7f135012f000-7f135032e000 ---p 00002000 08:05 1185808                    /usr/lib/x86_64-linux-gnu/libxcb-present.so.0.0.0
7f135032e000-7f135032f000 r--p 00001000 08:05 1185808                    /usr/lib/x86_64-linux-gnu/libxcb-present.so.0.0.0
7f135032f000-7f1350330000 rw-p 00002000 08:05 1185808                    /usr/lib/x86_64-linux-gnu/libxcb-present.so.0.0.0
7f1350330000-7f1350332000 r-xp 00000000 08:05 1185804                    /usr/lib/x86_64-linux-gnu/libxcb-dri3.so.0.0.0
7f1350332000-7f1350531000 ---p 00002000 08:05 1185804                    /usr/lib/x86_64-linux-gnu/libxcb-dri3.so.0.0.0
7f1350531000-7f1350532000 r--p 00001000 08:05 1185804                    /usr/lib/x86_64-linux-gnu/libxcb-dri3.so.0.0.0
7f1350532000-7f1350533000 rw-p 00002000 08:05 1185804                    /usr/lib/x86_64-linux-gnu/libxcb-dri3.so.0.0.0
7f1350533000-7f1350536000 r-xp 00000000 08:05 1185781                    /usr/lib/x86_64-linux-gnu/libxcb-dri2.so.0.0.0
7f1350536000-7f1350736000 ---p 00003000 08:05 1185781                    /usr/lib/x86_64-linux-gnu/libxcb-dri2.so.0.0.0
7f1350736000-7f1350737000 r--p 00003000 08:05 1185781                    /usr/lib/x86_64-linux-gnu/libxcb-dri2.so.0.0.0
7f1350737000-7f1350738000 rw-p 00004000 08:05 1185781                    /usr/lib/x86_64-linux-gnu/libxcb-dri2.so.0.0.0
7f1350738000-7f135074d000 r-xp 00000000 08:05 1185806                    /usr/lib/x86_64-linux-gnu/libxcb-glx.so.0.0.0
7f135074d000-7f135094c000 ---p 00015000 08:05 1185806                    /usr/lib/x86_64-linux-gnu/libxcb-glx.so.0.0.0
7f135094c000-7f135094e000 r--p 00014000 08:05 1185806                    /usr/lib/x86_64-linux-gnu/libxcb-glx.so.0.0.0
7f135094e000-7f135094f000 rw-p 00016000 08:05 1185806                    /usr/lib/x86_64-linux-gnu/libxcb-glx.so.0.0.0
7f135094f000-7f1350950000 r-xp 00000000 08:05 1185787                    /usr/lib/x86_64-linux-gnu/libX11-xcb.so.1.0.0
7f1350950000-7f1350b4f000 ---p 00001000 08:05 1185787                    /usr/lib/x86_64-linux-gnu/libX11-xcb.so.1.0.0
7f1350b4f000-7f1350b50000 r--p 00000000 08:05 1185787                    /usr/lib/x86_64-linux-gnu/libX11-xcb.so.1.0.0
7f1350b50000-7f1350b51000 rw-p 00001000 08:05 1185787                    /usr/lib/x86_64-linux-gnu/libX11-xcb.so.1.0.0
7f1350b51000-7f1350b53000 r-xp 00000000 08:05 1185812                    /usr/lib/x86_64-linux-gnu/libXdamage.so.1.1.0
7f1350b53000-7f1350d52000 ---p 00002000 08:05 1185812                    /usr/lib/x86_64-linux-gnu/libXdamage.so.1.1.0
7f1350d52000-7f1350d53000 r--p 00001000 08:05 1185812                    /usr/lib/x86_64-linux-gnu/libXdamage.so.1.1.0
7f1350d53000-7f1350d54000 rw-p 00002000 08:05 1185812                    /usr/lib/x86_64-linux-gnu/libXdamage.so.1.1.0
7f1350d54000-7f1350d79000 r-xp 00000000 08:05 1181485                    /usr/lib/x86_64-linux-gnu/libglapi.so.0.0.0
7f1350d79000-7f1350f79000 ---p 00025000 08:05 1181485                    /usr/lib/x86_64-linux-gnu/libglapi.so.0.0.0
7f1350f79000-7f1350f7c000 r--p 00025000 08:05 1181485                    /usr/lib/x86_64-linux-gnu/libglapi.so.0.0.0
7f1350f7c000-7f1350f7d000 rw-p 00028000 08:05 1181485                    /usr/lib/x86_64-linux-gnu/libglapi.so.0.0.0
7f1350f7d000-7f1350f7e000 rw-p 00000000 00:00 0 
7f1350f7e000-7f1350fa5000 r-xp 00000000 08:05 524403                     /lib/x86_64-linux-gnu/libexpat.so.1.6.0
7f1350fa5000-7f13511a5000 ---p 00027000 08:05 524403                     /lib/x86_64-linux-gnu/libexpat.so.1.6.0
7f13511a5000-7f13511a7000 r--p 00027000 08:05 524403                     /lib/x86_64-linux-gnu/libexpat.so.1.6.0
7f13511a7000-7f13511a8000 rw-p 00029000 08:05 524403                     /lib/x86_64-linux-gnu/libexpat.so.1.6.0
7f13511a8000-7f1351236000 r-xp 00000000 08:05 1446318                    /usr/lib/x86_64-linux-gnu/mesa/libGL.so.1.2.0
7f1351236000-7f1351435000 ---p 0008e000 08:05 1446318                    /usr/lib/x86_64-linux-gnu/mesa/libGL.so.1.2.0
7f1351435000-7f1351438000 r--p 0008d000 08:05 1446318                    /usr/lib/x86_64-linux-gnu/mesa/libGL.so.1.2.0
7f1351438000-7f1351439000 rw-p 00090000 08:05 1446318                    /usr/lib/x86_64-linux-gnu/mesa/libGL.so.1.2.0
7f1351439000-7f135143a000 rw-p 00000000 00:00 0 
7f135143a000-7f135143f000 r-xp 00000000 08:05 1185723                    /usr/lib/x86_64-linux-gnu/libXdmcp.so.6.0.0
7f135143f000-7f135163e000 ---p 00005000 08:05 1185723                    /usr/lib/x86_64-linux-gnu/libXdmcp.so.6.0.0
7f135163e000-7f135163f000 r--p 00004000 08:05 1185723                    /usr/lib/x86_64-linux-gnu/libXdmcp.so.6.0.0
7f135163f000-7f1351640000 rw-p 00005000 08:05 1185723                    /usr/lib/x86_64-linux-gnu/libXdmcp.so.6.0.0
7f1351640000-7f1351642000 r-xp 00000000 08:05 1185718                    /usr/lib/x86_64-linux-gnu/libXau.so.6.0.0
7f1351642000-7f1351842000 ---p 00002000 08:05 1185718                    /usr/lib/x86_64-linux-gnu/libXau.so.6.0.0
7f1351842000-7f1351843000 r--p 00002000 08:05 1185718                    /usr/lib/x86_64-linux-gnu/libXau.so.6.0.0
7f1351843000-7f1351844000 rw-p 00003000 08:05 1185718                    /usr/lib/x86_64-linux-gnu/libXau.so.6.0.0
7f1351844000-7f1351849000 r-xp 00000000 08:05 1185796                    /usr/lib/x86_64-linux-gnu/libXfixes.so.3.1.0
7f1351849000-7f1351a48000 ---p 00005000 08:05 1185796                    /usr/lib/x86_64-linux-gnu/libXfixes.so.3.1.0
7f1351a48000-7f1351a49000 r--p 00004000 08:05 1185796                    /usr/lib/x86_64-linux-gnu/libXfixes.so.3.1.0
7f1351a49000-7f1351a4a000 rw-p 00005000 08:05 1185796                    /usr/lib/x86_64-linux-gnu/libXfixes.so.3.1.0
7f1351a4a000-7f1351a53000 r-xp 00000000 08:05 1185863                    /usr/lib/x86_64-linux-gnu/libXrender.so.1.3.0
7f1351a53000-7f1351c52000 ---p 00009000 08:05 1185863                    /usr/lib/x86_64-linux-gnu/libXrender.so.1.3.0
7f1351c52000-7f1351c53000 r--p 00008000 08:05 1185863                    /usr/lib/x86_64-linux-gnu/libXrender.so.1.3.0
7f1351c53000-7f1351c54000 rw-p 00009000 08:05 1185863                    /usr/lib/x86_64-linux-gnu/libXrender.so.1.3.0
7f1351c54000-7f1351c65000 r-xp 00000000 08:05 1185754                    /usr/lib/x86_64-linux-gnu/libXext.so.6.4.0
7f1351c65000-7f1351e64000 ---p 00011000 08:05 1185754                    /usr/lib/x86_64-linux-gnu/libXext.so.6.4.0
7f1351e64000-7f1351e65000 r--p 00010000 08:05 1185754                    /usr/lib/x86_64-linux-gnu/libXext.so.6.4.0
7f1351e65000-7f1351e66000 rw-p 00011000 08:05 1185754                    /usr/lib/x86_64-linux-gnu/libXext.so.6.4.0
7f1351e66000-7f1351e83000 r-xp 00000000 08:05 1185731                    /usr/lib/x86_64-linux-gnu/libxcb.so.1.1.0
7f1351e83000-7f1352083000 ---p 0001d000 08:05 1185731                    /usr/lib/x86_64-linux-gnu/libxcb.so.1.1.0
7f1352083000-7f1352084000 r--p 0001d000 08:05 1185731                    /usr/lib/x86_64-linux-gnu/libxcb.so.1.1.0
7f1352084000-7f1352085000 rw-p 0001e000 08:05 1185731                    /usr/lib/x86_64-linux-gnu/libxcb.so.1.1.0
7f1352085000-7f135208e000 r-xp 00000000 08:05 1188819                    /usr/lib/x86_64-linux-gnu/libXcursor.so.1.0.2
7f135208e000-7f135228d000 ---p 00009000 08:05 1188819                    /usr/lib/x86_64-linux-gnu/libXcursor.so.1.0.2
7f135228d000-7f135228e000 r--p 00008000 08:05 1188819                    /usr/lib/x86_64-linux-gnu/libXcursor.so.1.0.2
7f135228e000-7f135228f000 rw-p 00009000 08:05 1188819                    /usr/lib/x86_64-linux-gnu/libXcursor.so.1.0.2
7f135228f000-7f1352293000 r-xp 00000000 08:05 1185817                    /usr/lib/x86_64-linux-gnu/libXxf86vm.so.1.0.0
7f1352293000-7f1352493000 ---p 00004000 08:05 1185817                    /usr/lib/x86_64-linux-gnu/libXxf86vm.so.1.0.0
7f1352493000-7f1352494000 r--p 00004000 08:05 1185817                    /usr/lib/x86_64-linux-gnu/libXxf86vm.so.1.0.0
7f1352494000-7f1352495000 rw-p 00005000 08:05 1185817                    /usr/lib/x86_64-linux-gnu/libXxf86vm.so.1.0.0
7f1352495000-7f13524a4000 r-xp 00000000 08:05 1185857                    /usr/lib/x86_64-linux-gnu/libXi.so.6.1.0
7f13524a4000-7f13526a3000 ---p 0000f000 08:05 1185857                    /usr/lib/x86_64-linux-gnu/libXi.so.6.1.0
7f13526a3000-7f13526a4000 r--p 0000e000 08:05 1185857                    /usr/lib/x86_64-linux-gnu/libXi.so.6.1.0
7f13526a4000-7f13526a5000 rw-p 0000f000 08:05 1185857                    /usr/lib/x86_64-linux-gnu/libXi.so.6.1.0
7f13526a5000-7f13526a7000 r-xp 00000000 08:05 1185859                    /usr/lib/x86_64-linux-gnu/libXinerama.so.1.0.0
7f13526a7000-7f13528a6000 ---p 00002000 08:05 1185859                    /usr/lib/x86_64-linux-gnu/libXinerama.so.1.0.0
7f13528a6000-7f13528a7000 r--p 00001000 08:05 1185859                    /usr/lib/x86_64-linux-gnu/libXinerama.so.1.0.0
7f13528a7000-7f13528a8000 rw-p 00002000 08:05 1185859                    /usr/lib/x86_64-linux-gnu/libXinerama.so.1.0.0
7f13528a8000-7f13528b1000 r-xp 00000000 08:05 1185865                    /usr/lib/x86_64-linux-gnu/libXrandr.so.2.2.0
7f13528b1000-7f1352ab0000 ---p 00009000 08:05 1185865                    /usr/lib/x86_64-linux-gnu/libXrandr.so.2.2.0
7f1352ab0000-7f1352ab1000 r--p 00008000 08:05 1185865                    /usr/lib/x86_64-linux-gnu/libXrandr.so.2.2.0
7f1352ab1000-7f1352ab2000 rw-p 00009000 08:05 1185865                    /usr/lib/x86_64-linux-gnu/libXrandr.so.2.2.0
7f1352ab2000-7f1352be2000 r-xp 00000000 08:05 1185745                    /usr/lib/x86_64-linux-gnu/libX11.so.6.3.0
7f1352be2000-7f1352de2000 ---p 00130000 08:05 1185745                    /usr/lib/x86_64-linux-gnu/libX11.so.6.3.0
7f1352de2000-7f1352de3000 r--p 00130000 08:05 1185745                    /usr/lib/x86_64-linux-gnu/libX11.so.6.3.0
7f1352de3000-7f1352de7000 rw-p 00131000 08:05 1185745                    /usr/lib/x86_64-linux-gnu/libX11.so.6.3.0
7f1352de7000-7f1352deb000 r-xp 00000000 08:05 655487                     /tmp/lwjgllahtelat/6f5f8e99/libglfw.so
7f1352deb000-7f1352dff000 r-xp 00000000 00:00 0 
7f1352dff000-7f1352ffe000 ---p 00018000 08:05 655487                     /tmp/lwjgllahtelat/6f5f8e99/libglfw.so
7f1352ffe000-7f1352fff000 rw-p 0000d000 08:05 655487                     /tmp/lwjgllahtelat/6f5f8e99/libglfw.so
7f1352fff000-7f1353200000 rw-p 00000000 00:00 0 
7f13532fc000-7f135332d000 rw-p 00000000 00:00 0 
7f135332d000-7f1353330000 r-xp 00000000 08:05 655486                     /tmp/lwjgllahtelat/6f5f8e99/libjemalloc.so
7f1353330000-7f135336c000 r-xp 00000000 00:00 0 
7f135336c000-7f135356b000 ---p 0003f000 08:05 655486                     /tmp/lwjgllahtelat/6f5f8e99/libjemalloc.so
7f135356b000-7f135356d000 r--p 0001c000 08:05 655486                     /tmp/lwjgllahtelat/6f5f8e99/libjemalloc.so
7f135356d000-7f135356e000 rw-p 0001e000 08:05 655486                     /tmp/lwjgllahtelat/6f5f8e99/libjemalloc.so
7f135356e000-7f135356f000 rw-p 00000000 00:00 0 
7f135356f000-7f135357c000 r-xp 00000000 08:05 655408                     /tmp/lwjgllahtelat/6f5f8e99/liblwjgl.so
7f135357c000-7f13535d0000 r-xp 00000000 00:00 0 
7f13535d0000-7f13537cf000 ---p 00061000 08:05 655408                     /tmp/lwjgllahtelat/6f5f8e99/liblwjgl.so
7f13537cf000-7f13537d1000 rw-p 00033000 08:05 655408                     /tmp/lwjgllahtelat/6f5f8e99/liblwjgl.so
7f13537d1000-7f13537d2000 rw-p 00000000 00:00 0 
7f13537d2000-7f13537d3000 ---p 00000000 00:00 0 
7f13537d3000-7f13538d3000 rw-p 00000000 00:00 0                          [stack:15317]
7f13538d3000-7f13538d6000 ---p 00000000 00:00 0 
7f13538d6000-7f13539d4000 rw-p 00000000 00:00 0                          [stack:15316]
7f13539d4000-7f13539d7000 ---p 00000000 00:00 0 
7f13539d7000-7f1353ad5000 rw-p 00000000 00:00 0                          [stack:15315]
7f1353ad5000-7f1354000000 r--p 00000000 08:05 1179799                    /usr/lib/locale/locale-archive
7f1354000000-7f1354021000 rw-p 00000000 00:00 0 
7f1354021000-7f1358000000 ---p 00000000 00:00 0 
7f135801b000-7f135802b000 rw-s 00000000 00:05 497640                     /drm mm object (deleted)
7f135802b000-7f13580cb000 rw-s 1064a8000 00:06 10475                     /dev/dri/card0
7f13580cb000-7f13580f1000 rw-p 00000000 00:00 0 
7f13580f1000-7f13580f4000 ---p 00000000 00:00 0 
7f13580f4000-7f13581f2000 rw-p 00000000 00:00 0                          [stack:15314]
7f13581f2000-7f13581f5000 ---p 00000000 00:00 0 
7f13581f5000-7f13582f3000 rw-p 00000000 00:00 0                          [stack:15313]
7f13582f3000-7f13582f6000 ---p 00000000 00:00 0 
7f13582f6000-7f13583f4000 rw-p 00000000 00:00 0                          [stack:15312]
7f13583f4000-7f13583f7000 ---p 00000000 00:00 0 
7f13583f7000-7f13584f5000 rw-p 00000000 00:00 0                          [stack:15311]
7f13584f5000-7f13584f6000 ---p 00000000 00:00 0 
7f13584f6000-7f1359000000 rw-p 00000000 00:00 0                          [stack:15310]
7f1359000000-7f1359270000 rwxp 00000000 00:00 0 
7f1359270000-7f135d0b3000 rw-p 00000000 00:00 0 
7f135d0b3000-7f1360000000 ---p 00000000 00:00 0 
7f1360004000-7f1360005000 rw-p 00000000 00:00 0 
7f1360005000-7f1360007000 rwxp 00000000 00:00 0 
7f1360007000-7f136000f000 rw-s 00000000 00:05 499781                     /drm mm object (deleted)
7f136000f000-7f1360010000 rw-s 106548000 00:06 10475                     /dev/dri/card0
7f1360010000-7f1360011000 rw-s 1064a7000 00:06 10475                     /dev/dri/card0
7f1360011000-7f136002c000 r--s 001e6000 08:07 3146606                    /home/lahtelat/.m2/repository/org/lwjgl/lwjgl/3.0.0b/lwjgl-3.0.0b.jar
7f136002c000-7f136061f000 rw-p 00000000 00:00 0 
7f136061f000-7f13607d1000 r--s 01d2e000 08:05 1183336                    /usr/lib/jvm/java-7-openjdk-amd64/jre/lib/rt.jar
7f13607d1000-7f1360d1e000 rw-p 00000000 00:00 0 
7f1360d1e000-7f1360d1f000 ---p 00000000 00:00 0 
7f1360d1f000-7f1360e1f000 rw-p 00000000 00:00 0                          [stack:15309]
7f1360e1f000-7f1360e20000 ---p 00000000 00:00 0 
7f1360e20000-7f1360f20000 rw-p 00000000 00:00 0                          [stack:15308]
7f1360f20000-7f1360f21000 ---p 00000000 00:00 0 
7f1360f21000-7f1361021000 rw-p 00000000 00:00 0                          [stack:15307]
7f1361021000-7f1361022000 ---p 00000000 00:00 0 
7f1361022000-7f136112d000 rw-p 00000000 00:00 0                          [stack:15306]
7f136112d000-7f1361175000 rw-p 00000000 00:00 0 
7f1361175000-7f136119e000 rw-p 00000000 00:00 0 
7f136119e000-7f1361405000 rw-p 00000000 00:00 0 
7f1361405000-7f1361410000 rw-p 00000000 00:00 0 
7f1361410000-7f1361458000 rw-p 00000000 00:00 0 
7f1361458000-7f1361481000 rw-p 00000000 00:00 0 
7f1361481000-7f13616e7000 rw-p 00000000 00:00 0 
7f13616e7000-7f13616fc000 rw-p 00000000 00:00 0 
7f13616fc000-7f136182f000 rw-p 00000000 00:00 0 
7f136182f000-7f1361830000 rw-p 00000000 00:00 0 
7f1361830000-7f1361838000 r-xp 00000000 08:05 1183349                    /usr/lib/jvm/java-7-openjdk-amd64/jre/lib/amd64/libzip.so
7f1361838000-7f1361a37000 ---p 00008000 08:05 1183349                    /usr/lib/jvm/java-7-openjdk-amd64/jre/lib/amd64/libzip.so
7f1361a37000-7f1361a38000 r--p 00007000 08:05 1183349                    /usr/lib/jvm/java-7-openjdk-amd64/jre/lib/amd64/libzip.so
7f1361a38000-7f1361a39000 rw-p 00008000 08:05 1183349                    /usr/lib/jvm/java-7-openjdk-amd64/jre/lib/amd64/libzip.so
7f1361a39000-7f1361a44000 r-xp 00000000 08:05 528525                     /lib/x86_64-linux-gnu/libnss_files-2.19.so
7f1361a44000-7f1361c43000 ---p 0000b000 08:05 528525                     /lib/x86_64-linux-gnu/libnss_files-2.19.so
7f1361c43000-7f1361c44000 r--p 0000a000 08:05 528525                     /lib/x86_64-linux-gnu/libnss_files-2.19.so
7f1361c44000-7f1361c45000 rw-p 0000b000 08:05 528525                     /lib/x86_64-linux-gnu/libnss_files-2.19.so
7f1361c45000-7f1361c50000 r-xp 00000000 08:05 528545                     /lib/x86_64-linux-gnu/libnss_nis-2.19.so
7f1361c50000-7f1361e4f000 ---p 0000b000 08:05 528545                     /lib/x86_64-linux-gnu/libnss_nis-2.19.so
7f1361e4f000-7f1361e50000 r--p 0000a000 08:05 528545                     /lib/x86_64-linux-gnu/libnss_nis-2.19.so
7f1361e50000-7f1361e51000 rw-p 0000b000 08:05 528545                     /lib/x86_64-linux-gnu/libnss_nis-2.19.so
7f1361e51000-7f1361e68000 r-xp 00000000 08:05 528534                     /lib/x86_64-linux-gnu/libnsl-2.19.so
7f1361e68000-7f1362067000 ---p 00017000 08:05 528534                     /lib/x86_64-linux-gnu/libnsl-2.19.so
7f1362067000-7f1362068000 r--p 00016000 08:05 528534                     /lib/x86_64-linux-gnu/libnsl-2.19.so
7f1362068000-7f1362069000 rw-p 00017000 08:05 528534                     /lib/x86_64-linux-gnu/libnsl-2.19.so
7f1362069000-7f136206b000 rw-p 00000000 00:00 0 
7f136206b000-7f1362074000 r-xp 00000000 08:05 528533                     /lib/x86_64-linux-gnu/libnss_compat-2.19.so
7f1362074000-7f1362273000 ---p 00009000 08:05 528533                     /lib/x86_64-linux-gnu/libnss_compat-2.19.so
7f1362273000-7f1362274000 r--p 00008000 08:05 528533                     /lib/x86_64-linux-gnu/libnss_compat-2.19.so
7f1362274000-7f1362275000 rw-p 00009000 08:05 528533                     /lib/x86_64-linux-gnu/libnss_compat-2.19.so
7f1362275000-7f13622a0000 r-xp 00000000 08:05 1183357                    /usr/lib/jvm/java-7-openjdk-amd64/jre/lib/amd64/libjava.so
7f13622a0000-7f13624a0000 ---p 0002b000 08:05 1183357                    /usr/lib/jvm/java-7-openjdk-amd64/jre/lib/amd64/libjava.so
7f13624a0000-7f13624a1000 r--p 0002b000 08:05 1183357                    /usr/lib/jvm/java-7-openjdk-amd64/jre/lib/amd64/libjava.so
7f13624a1000-7f13624a3000 rw-p 0002c000 08:05 1183357                    /usr/lib/jvm/java-7-openjdk-amd64/jre/lib/amd64/libjava.so
7f13624a3000-7f13624b3000 r-xp 00000000 08:05 1183371                    /usr/lib/jvm/java-7-openjdk-amd64/jre/lib/amd64/libverify.so
7f13624b3000-7f13626b2000 ---p 00010000 08:05 1183371                    /usr/lib/jvm/java-7-openjdk-amd64/jre/lib/amd64/libverify.so
7f13626b2000-7f13626b4000 r--p 0000f000 08:05 1183371                    /usr/lib/jvm/java-7-openjdk-amd64/jre/lib/amd64/libverify.so
7f13626b4000-7f13626b5000 rw-p 00011000 08:05 1183371                    /usr/lib/jvm/java-7-openjdk-amd64/jre/lib/amd64/libverify.so
7f13626b5000-7f13626bc000 r-xp 00000000 08:05 528542                     /lib/x86_64-linux-gnu/librt-2.19.so
7f13626bc000-7f13628bb000 ---p 00007000 08:05 528542                     /lib/x86_64-linux-gnu/librt-2.19.so
7f13628bb000-7f13628bc000 r--p 00006000 08:05 528542                     /lib/x86_64-linux-gnu/librt-2.19.so
7f13628bc000-7f13628bd000 rw-p 00007000 08:05 528542                     /lib/x86_64-linux-gnu/librt-2.19.so
7f13628bd000-7f13628d3000 r-xp 00000000 08:05 525956                     /lib/x86_64-linux-gnu/libgcc_s.so.1
7f13628d3000-7f1362ad2000 ---p 00016000 08:05 525956                     /lib/x86_64-linux-gnu/libgcc_s.so.1
7f1362ad2000-7f1362ad3000 rw-p 00015000 08:05 525956                     /lib/x86_64-linux-gnu/libgcc_s.so.1
7f1362ad3000-7f1362bd8000 r-xp 00000000 08:05 528524                     /lib/x86_64-linux-gnu/libm-2.19.so
7f1362bd8000-7f1362dd7000 ---p 00105000 08:05 528524                     /lib/x86_64-linux-gnu/libm-2.19.so
7f1362dd7000-7f1362dd8000 r--p 00104000 08:05 528524                     /lib/x86_64-linux-gnu/libm-2.19.so
7f1362dd8000-7f1362dd9000 rw-p 00105000 08:05 528524                     /lib/x86_64-linux-gnu/libm-2.19.so
7f1362dd9000-7f1362ebf000 r-xp 00000000 08:05 1181532                    /usr/lib/x86_64-linux-gnu/libstdc++.so.6.0.19
7f1362ebf000-7f13630be000 ---p 000e6000 08:05 1181532                    /usr/lib/x86_64-linux-gnu/libstdc++.so.6.0.19
7f13630be000-7f13630c6000 r--p 000e5000 08:05 1181532                    /usr/lib/x86_64-linux-gnu/libstdc++.so.6.0.19
7f13630c6000-7f13630c8000 rw-p 000ed000 08:05 1181532                    /usr/lib/x86_64-linux-gnu/libstdc++.so.6.0.19
7f13630c8000-7f13630dd000 rw-p 00000000 00:00 0 
7f13630dd000-7f1363c01000 r-xp 00000000 08:05 1183363                    /usr/lib/jvm/java-7-openjdk-amd64/jre/lib/amd64/server/libjvm.so
7f1363c01000-7f1363e01000 ---p 00b24000 08:05 1183363                    /usr/lib/jvm/java-7-openjdk-amd64/jre/lib/amd64/server/libjvm.so
7f1363e01000-7f1363e9b000 r--p 00b24000 08:05 1183363                    /usr/lib/jvm/java-7-openjdk-amd64/jre/lib/amd64/server/libjvm.so
7f1363e9b000-7f1363ebe000 rw-p 00bbe000 08:05 1183363                    /usr/lib/jvm/java-7-openjdk-amd64/jre/lib/amd64/server/libjvm.so
7f1363ebe000-7f1363eec000 rw-p 00000000 00:00 0 
7f1363eec000-7f1363f04000 r-xp 00000000 08:05 524534                     /lib/x86_64-linux-gnu/libz.so.1.2.8
7f1363f04000-7f1364103000 ---p 00018000 08:05 524534                     /lib/x86_64-linux-gnu/libz.so.1.2.8
7f1364103000-7f1364104000 r--p 00017000 08:05 524534                     /lib/x86_64-linux-gnu/libz.so.1.2.8
7f1364104000-7f1364105000 rw-p 00018000 08:05 524534                     /lib/x86_64-linux-gnu/libz.so.1.2.8
7f1364105000-7f136411e000 r-xp 00000000 08:05 528540                     /lib/x86_64-linux-gnu/libpthread-2.19.so
7f136411e000-7f136431d000 ---p 00019000 08:05 528540                     /lib/x86_64-linux-gnu/libpthread-2.19.so
7f136431d000-7f136431e000 r--p 00018000 08:05 528540                     /lib/x86_64-linux-gnu/libpthread-2.19.so
7f136431e000-7f136431f000 rw-p 00019000 08:05 528540                     /lib/x86_64-linux-gnu/libpthread-2.19.so
7f136431f000-7f1364323000 rw-p 00000000 00:00 0 
7f1364323000-7f1364326000 r-xp 00000000 08:05 528528                     /lib/x86_64-linux-gnu/libdl-2.19.so
7f1364326000-7f1364525000 ---p 00003000 08:05 528528                     /lib/x86_64-linux-gnu/libdl-2.19.so
7f1364525000-7f1364526000 r--p 00002000 08:05 528528                     /lib/x86_64-linux-gnu/libdl-2.19.so
7f1364526000-7f1364527000 rw-p 00003000 08:05 528528                     /lib/x86_64-linux-gnu/libdl-2.19.so
7f1364527000-7f13646e2000 r-xp 00000000 08:05 528539                     /lib/x86_64-linux-gnu/libc-2.19.so
7f13646e2000-7f13648e1000 ---p 001bb000 08:05 528539                     /lib/x86_64-linux-gnu/libc-2.19.so
7f13648e1000-7f13648e5000 r--p 001ba000 08:05 528539                     /lib/x86_64-linux-gnu/libc-2.19.so
7f13648e5000-7f13648e7000 rw-p 001be000 08:05 528539                     /lib/x86_64-linux-gnu/libc-2.19.so
7f13648e7000-7f13648ec000 rw-p 00000000 00:00 0 
7f13648ec000-7f13648f9000 r-xp 00000000 08:05 1183372                    /usr/lib/jvm/java-7-openjdk-amd64/jre/lib/amd64/jli/libjli.so
7f13648f9000-7f1364af8000 ---p 0000d000 08:05 1183372                    /usr/lib/jvm/java-7-openjdk-amd64/jre/lib/amd64/jli/libjli.so
7f1364af8000-7f1364af9000 r--p 0000c000 08:05 1183372                    /usr/lib/jvm/java-7-openjdk-amd64/jre/lib/amd64/jli/libjli.so
7f1364af9000-7f1364afa000 rw-p 0000d000 08:05 1183372                    /usr/lib/jvm/java-7-openjdk-amd64/jre/lib/amd64/jli/libjli.so
7f1364afa000-7f1364b1d000 r-xp 00000000 08:05 528536                     /lib/x86_64-linux-gnu/ld-2.19.so
7f1364b1d000-7f1364b25000 rw-s 00000000 00:05 499768                     /drm mm object (deleted)
7f1364b25000-7f1364b2c000 r--s 00000000 08:05 1182857                    /usr/lib/x86_64-linux-gnu/gconv/gconv-modules.cache
7f1364b2c000-7f1364b2d000 r--p 00000000 08:05 2097571                    /usr/share/locale-langpack/en_GB/LC_MESSAGES/libc.mo
7f1364b2d000-7f1364b32000 r--s 0004e000 08:05 1183386                    /usr/lib/jvm/java-7-openjdk-amd64/jre/lib/jsse.jar
7f1364b32000-7f1364b33000 r--s 000f9000 08:07 3146689                    /home/lahtelat/.m2/repository/org/lwjgl/lwjgl-platform/3.0.0b/lwjgl-platform-3.0.0b-natives-linux.jar
7f1364b33000-7f1364b34000 r--s 00076000 08:07 3146688                    /home/lahtelat/.m2/repository/org/lwjgl/lwjgl-platform/3.0.0b/lwjgl-platform-3.0.0b-natives-osx.jar
7f1364b34000-7f1364b35000 r--s 00149000 08:07 3146687                    /home/lahtelat/.m2/repository/org/lwjgl/lwjgl-platform/3.0.0b/lwjgl-platform-3.0.0b-natives-windows.jar
7f1364b35000-7f1364b36000 r--s 0002c000 08:07 3277438                    /home/lahtelat/.m2/repository/org/joml/joml/1.6.8/joml-1.6.8.jar
7f1364b36000-7f1364b37000 r--s 00002000 08:05 1183331                    /usr/lib/jvm/java-7-openjdk-amd64/jre/lib/ext/dnsns.jar
7f1364b37000-7f1364b41000 rw-p 00000000 00:00 0 
7f1364b41000-7f1364bf7000 rw-p 00000000 00:00 0 
7f1364bf7000-7f1364bfa000 ---p 00000000 00:00 0 
7f1364bfa000-7f1364cfd000 rw-p 00000000 00:00 0                          [stack:15305]
7f1364cfd000-7f1364d01000 r--s 00085000 08:05 1183327                    /usr/lib/jvm/java-7-openjdk-amd64/jre/lib/ext/localedata.jar
7f1364d01000-7f1364d03000 r--s 00012000 08:05 1183326                    /usr/lib/jvm/java-7-openjdk-amd64/jre/lib/ext/zipfs.jar
7f1364d03000-7f1364d06000 r--s 0000f000 08:05 1183328                    /usr/lib/jvm/java-7-openjdk-amd64/jre/lib/ext/icedtea-sound.jar
7f1364d06000-7f1364d0a000 r--s 00034000 08:05 1183329                    /usr/lib/jvm/java-7-openjdk-amd64/jre/lib/ext/sunjce_provider.jar
7f1364d0a000-7f1364d0c000 r--s 00006000 08:05 2252021                    /usr/share/java/java-atk-wrapper.jar
7f1364d0c000-7f1364d10000 r--s 0003c000 08:05 1183330                    /usr/lib/jvm/java-7-openjdk-amd64/jre/lib/ext/sunpkcs11.jar
7f1364d10000-7f1364d18000 rw-s 00000000 08:05 655489                     /tmp/hsperfdata_lahtelat/15301
7f1364d18000-7f1364d19000 rw-p 00000000 00:00 0 
7f1364d19000-7f1364d1a000 r--p 00000000 00:00 0 
7f1364d1a000-7f1364d1c000 rw-p 00000000 00:00 0 
7f1364d1c000-7f1364d1d000 r--p 00022000 08:05 528536                     /lib/x86_64-linux-gnu/ld-2.19.so
7f1364d1d000-7f1364d1e000 rw-p 00023000 08:05 528536                     /lib/x86_64-linux-gnu/ld-2.19.so
7f1364d1e000-7f1364d1f000 rw-p 00000000 00:00 0 
7fffc57b4000-7fffc57d5000 rw-p 00000000 00:00 0                          [stack]
7fffc57df000-7fffc57e1000 r--p 00000000 00:00 0                          [vvar]
7fffc57e1000-7fffc57e3000 r-xp 00000000 00:00 0                          [vdso]
ffffffffff600000-ffffffffff601000 r-xp 00000000 00:00 0                  [vsyscall]

VM Arguments:
java_command: com.goodgames.ponggame.Main
Launcher Type: SUN_STANDARD

Environment Variables:
JAVA_HOME=/usr/lib/jvm/default-java
PATH=/bin:/usr/local/sbin:/usr/local/bin:/usr/sbin:/usr/bin:/sbin:/bin:/usr/games:/usr/local/games
LD_LIBRARY_PATH=/usr/lib/jvm/default-java/jre/lib/amd64:/usr/lib/jvm/default-java/jre/lib/i386:
SHELL=/bin/bash
DISPLAY=:0

Signal Handlers:
SIGSEGV: [libjvm.so+0x9548f0], sa_mask[0]=0x7ffbfeff, sa_flags=0x10000004
SIGBUS: [libjvm.so+0x9548f0], sa_mask[0]=0x7ffbfeff, sa_flags=0x10000004
SIGFPE: [libjvm.so+0x7cb0b0], sa_mask[0]=0x7ffbfeff, sa_flags=0x10000004
SIGPIPE: [libjvm.so+0x7cb0b0], sa_mask[0]=0x7ffbfeff, sa_flags=0x10000004
SIGXFSZ: [libjvm.so+0x7cb0b0], sa_mask[0]=0x7ffbfeff, sa_flags=0x10000004
SIGILL: [libjvm.so+0x7cb0b0], sa_mask[0]=0x7ffbfeff, sa_flags=0x10000004
SIGUSR1: SIG_DFL, sa_mask[0]=0x00000000, sa_flags=0x00000000
SIGUSR2: [libjvm.so+0x7caf50], sa_mask[0]=0x00000004, sa_flags=0x10000004
SIGHUP: [libjvm.so+0x7cb130], sa_mask[0]=0x7ffbfeff, sa_flags=0x10000004
SIGINT: SIG_IGN, sa_mask[0]=0x00000000, sa_flags=0x00000000
SIGTERM: [libjvm.so+0x7cb130], sa_mask[0]=0x7ffbfeff, sa_flags=0x10000004
SIGQUIT: [libjvm.so+0x7cb130], sa_mask[0]=0x7ffbfeff, sa_flags=0x10000004
SIGTRAP: SIG_DFL, sa_mask[0]=0x00000000, sa_flags=0x00000000


---------------  S Y S T E M  ---------------

OS:Ubuntu 14.04 (trusty)
uname:Linux 3.19.0-47-generic #53~14.04.1-Ubuntu SMP Mon Jan 18 16:09:14 UTC 2016 x86_64
libc:glibc 2.19 NPTL 2.19 
rlimit: STACK 8192k, CORE 0k, NPROC 31353, NOFILE 4096, AS infinity
load average:0.45 1.11 1.71

/proc/meminfo:
MemTotal:        8048044 kB
MemFree:         4059684 kB
MemAvailable:    5084596 kB
Buffers:          261100 kB
Cached:          1298232 kB
SwapCached:        30560 kB
Active:          2691004 kB
Inactive:        1026636 kB
Active(anon):    1928468 kB
Inactive(anon):   667688 kB
Active(file):     762536 kB
Inactive(file):   358948 kB
Unevictable:          32 kB
Mlocked:              32 kB
SwapTotal:       4999164 kB
SwapFree:        4959568 kB
Dirty:               408 kB
Writeback:             0 kB
AnonPages:       2127924 kB
Mapped:           340108 kB
Shmem:            437848 kB
Slab:             179720 kB
SReclaimable:     144708 kB
SUnreclaim:        35012 kB
KernelStack:        8576 kB
PageTables:        33696 kB
NFS_Unstable:          0 kB
Bounce:                0 kB
WritebackTmp:          0 kB
CommitLimit:     9023184 kB
Committed_AS:    5622628 kB
VmallocTotal:   34359738367 kB
VmallocUsed:      561632 kB
VmallocChunk:   34359045500 kB
HardwareCorrupted:     0 kB
AnonHugePages:   1255424 kB
CmaTotal:              0 kB
CmaFree:               0 kB
HugePages_Total:       0
HugePages_Free:        0
HugePages_Rsvd:        0
HugePages_Surp:        0
Hugepagesize:       2048 kB
DirectMap4k:      103936 kB
DirectMap2M:     3962880 kB
DirectMap1G:     5242880 kB


CPU:total 4 (2 cores per cpu, 2 threads per core) family 6 model 61 stepping 4, cmov, cx8, fxsr, mmx, sse, sse2, sse3, ssse3, sse4.1, sse4.2, popcnt, avx, avx2, aes, erms, ht, tsc, tscinvbit

/proc/cpuinfo:
processor	: 0
vendor_id	: GenuineIntel
cpu family	: 6
model		: 61
model name	: Intel(R) Core(TM) i5-5300U CPU @ 2.30GHz
stepping	: 4
microcode	: 0x1f
cpu MHz		: 2800.878
cache size	: 3072 KB
physical id	: 0
siblings	: 4
core id		: 0
cpu cores	: 2
apicid		: 0
initial apicid	: 0
fpu		: yes
fpu_exception	: yes
cpuid level	: 20
wp		: yes
flags		: fpu vme de pse tsc msr pae mce cx8 apic sep mtrr pge mca cmov pat pse36 clflush dts acpi mmx fxsr sse sse2 ss ht tm pbe syscall nx pdpe1gb rdtscp lm constant_tsc arch_perfmon pebs bts rep_good nopl xtopology nonstop_tsc aperfmperf eagerfpu pni pclmulqdq dtes64 monitor ds_cpl vmx smx est tm2 ssse3 fma cx16 xtpr pdcm pcid sse4_1 sse4_2 x2apic movbe popcnt tsc_deadline_timer aes xsave avx f16c rdrand lahf_lm abm 3dnowprefetch ida arat epb pln pts dtherm tpr_shadow vnmi flexpriority ept vpid fsgsbase tsc_adjust bmi1 hle avx2 smep bmi2 erms invpcid rtm rdseed adx smap xsaveopt
bugs		:
bogomips	: 4589.46
clflush size	: 64
cache_alignment	: 64
address sizes	: 39 bits physical, 48 bits virtual
power management:

processor	: 1
vendor_id	: GenuineIntel
cpu family	: 6
model		: 61
model name	: Intel(R) Core(TM) i5-5300U CPU @ 2.30GHz
stepping	: 4
microcode	: 0x1f
cpu MHz		: 2870.058
cache size	: 3072 KB
physical id	: 0
siblings	: 4
core id		: 0
cpu cores	: 2
apicid		: 1
initial apicid	: 1
fpu		: yes
fpu_exception	: yes
cpuid level	: 20
wp		: yes
flags		: fpu vme de pse tsc msr pae mce cx8 apic sep mtrr pge mca cmov pat pse36 clflush dts acpi mmx fxsr sse sse2 ss ht tm pbe syscall nx pdpe1gb rdtscp lm constant_tsc arch_perfmon pebs bts rep_good nopl xtopology nonstop_tsc aperfmperf eagerfpu pni pclmulqdq dtes64 monitor ds_cpl vmx smx est tm2 ssse3 fma cx16 xtpr pdcm pcid sse4_1 sse4_2 x2apic movbe popcnt tsc_deadline_timer aes xsave avx f16c rdrand lahf_lm abm 3dnowprefetch ida arat epb pln pts dtherm tpr_shadow vnmi flexpriority ept vpid fsgsbase tsc_adjust bmi1 hle avx2 smep bmi2 erms invpcid rtm rdseed adx smap xsaveopt
bugs		:
bogomips	: 4589.46
clflush size	: 64
cache_alignment	: 64
address sizes	: 39 bits physical, 48 bits virtual
power management:

processor	: 2
vendor_id	: GenuineIntel
cpu family	: 6
model		: 61
model name	: Intel(R) Core(TM) i5-5300U CPU @ 2.30GHz
stepping	: 4
microcode	: 0x1f
cpu MHz		: 2700.074
cache size	: 3072 KB
physical id	: 0
siblings	: 4
core id		: 1
cpu cores	: 2
apicid		: 2
initial apicid	: 2
fpu		: yes
fpu_exception	: yes
cpuid level	: 20
wp		: yes
flags		: fpu vme de pse tsc msr pae mce cx8 apic sep mtrr pge mca cmov pat pse36 clflush dts acpi mmx fxsr sse sse2 ss ht tm pbe syscall nx pdpe1gb rdtscp lm constant_tsc arch_perfmon pebs bts rep_good nopl xtopology nonstop_tsc aperfmperf eagerfpu pni pclmulqdq dtes64 monitor ds_cpl vmx smx est tm2 ssse3 fma cx16 xtpr pdcm pcid sse4_1 sse4_2 x2apic movbe popcnt tsc_deadline_timer aes xsave avx f16c rdrand lahf_lm abm 3dnowprefetch ida arat epb pln pts dtherm tpr_shadow vnmi flexpriority ept vpid fsgsbase tsc_adjust bmi1 hle avx2 smep bmi2 erms invpcid rtm rdseed adx smap xsaveopt
bugs		:
bogomips	: 4589.46
clflush size	: 64
cache_alignment	: 64
address sizes	: 39 bits physical, 48 bits virtual
power management:

processor	: 3
vendor_id	: GenuineIntel
cpu family	: 6
model		: 61
model name	: Intel(R) Core(TM) i5-5300U CPU @ 2.30GHz
stepping	: 4
microcode	: 0x1f
cpu MHz		: 2699.984
cache size	: 3072 KB
physical id	: 0
siblings	: 4
core id		: 1
cpu cores	: 2
apicid		: 3
initial apicid	: 3
fpu		: yes
fpu_exception	: yes
cpuid level	: 20
wp		: yes
flags		: fpu vme de pse tsc msr pae mce cx8 apic sep mtrr pge mca cmov pat pse36 clflush dts acpi mmx fxsr sse sse2 ss ht tm pbe syscall nx pdpe1gb rdtscp lm constant_tsc arch_perfmon pebs bts rep_good nopl xtopology nonstop_tsc aperfmperf eagerfpu pni pclmulqdq dtes64 monitor ds_cpl vmx smx est tm2 ssse3 fma cx16 xtpr pdcm pcid sse4_1 sse4_2 x2apic movbe popcnt tsc_deadline_timer aes xsave avx f16c rdrand lahf_lm abm 3dnowprefetch ida arat epb pln pts dtherm tpr_shadow vnmi flexpriority ept vpid fsgsbase tsc_adjust bmi1 hle avx2 smep bmi2 erms invpcid rtm rdseed adx smap xsaveopt
bugs		:
bogomips	: 4589.46
clflush size	: 64
cache_alignment	: 64
address sizes	: 39 bits physical, 48 bits virtual
power management:



Memory: 4k page, physical 8048044k(4059684k free), swap 4999164k(4959568k free)

vm_info: OpenJDK 64-Bit Server VM (24.91-b01) for linux-amd64 JRE (1.7.0_91-b02), built on Nov 19 2015 06:14:37 by "buildd" with gcc 4.8.2

time: Mon Jan 25 01:24:02 2016
elapsed time: 1 seconds

