#
# A fatal error has been detected by the Java Runtime Environment:
#
#  SIGSEGV (0xb) at pc=0x00007fe2fe418ff0, pid=3674, tid=140612912617216
#
# JRE version: OpenJDK Runtime Environment (7.0_91-b02) (build 1.7.0_91-b02)
# Java VM: OpenJDK 64-Bit Server VM (24.91-b01 mixed mode linux-amd64 compressed oops)
# Derivative: IcedTea 2.6.3
# Distribution: Ubuntu 14.04 LTS, package 7u91-2.6.3-0ubuntu0.14.04.1
# Problematic frame:
# C  [libc.so.6+0x97ff0]
#
# Failed to write core dump. Core dumps have been disabled. To enable core dumping, try "ulimit -c unlimited" before starting Java again
#
# If you would like to submit a bug report, please include
# instructions on how to reproduce the bug and visit:
#   http://icedtea.classpath.org/bugzilla
# The crash happened outside the Java Virtual Machine in native code.
# See problematic frame for where to report the bug.
#

---------------  T H R E A D  ---------------

Current thread (0x00007fe2f800a000):  JavaThread "main" [_thread_in_native, id=3678, stack(0x00007fe2fea51000,0x00007fe2feb52000)]

siginfo:si_signo=SIGSEGV: si_errno=0, si_code=1 (SEGV_MAPERR), si_addr=0x0000000000000000

Registers:
RAX=0xffff801d0edbde50, RBX=0x0000000000000000, RCX=0x0000000000000360, RDX=0x00000000000001b0
RSP=0x00007fe2feb502e8, RBP=0x0000000000000023, RSI=0x0000000000000000, RDI=0x00007fe2f1242000
R8 =0x00007fe2f127deb0, R9 =0x00007fe2f1242000, R10=0x0000000000000000, R11=0x0000000000000246
R12=0x00000000000001b0, R13=0x000000000000000c, R14=0x00007fe2f127dea8, R15=0x000000000000000c
RIP=0x00007fe2fe418ff0, EFLAGS=0x0000000000010206, CSGSFS=0x0000000000000033, ERR=0x0000000000000004
  TRAPNO=0x000000000000000e

Top of Stack: (sp=0x00007fe2feb502e8)
0x00007fe2feb502e8:   00007fe2e0b8ca76 00007fe2f45c9cd8
0x00007fe2feb502f8:   00000024f125a038 00007fe2f867ab00
0x00007fe2feb50308:   00007fe2f127deb0 00007fe2f125a038
0x00007fe2feb50318:   00007fe2feb50370 00007fe2f127dda8
0x00007fe2feb50328:   0000000000000000 0000000000000000
0x00007fe2feb50338:   00007fe2e0b8d2f4 00007fe2f45c9cd8
0x00007fe2feb50348:   00007fe200000001 0000002300000000
0x00007fe2feb50358:   0000000000000000 00007fe2f867a8e0
0x00007fe2feb50368:   0000002300000001 00007fe2f127dda8
0x00007fe2feb50378:   00007fe2feb50480 0000000000000003
0x00007fe2feb50388:   0000000100000001 00007fe2feb50400
0x00007fe2feb50398:   0000000000000001 00007fe2f867a8e0
0x00007fe2feb503a8:   0000000000000000 0000000000000000
0x00007fe2feb503b8:   0000000000000001 00007fe2f125a038
0x00007fe2feb503c8:   00007fe2e0c3480c 0000000800000000
0x00007fe2feb503d8:   0000000700000000 0000000700000001
0x00007fe2feb503e8:   0000000000000320 00007fe200000258
0x00007fe2feb503f8:   00007fe200000001 0000000000000000
0x00007fe2feb50408:   00007fe200000000 00000001e0ffdce8
0x00007fe2feb50418:   00007fe200000001 0000000100000000
0x00007fe2feb50428:   00007fe2f86a3d70 00007fe2f125a038
0x00007fe2feb50438:   00007fe2f86a3d70 0000000000000001
0x00007fe2feb50448:   0000000000000320 0000000000000258
0x00007fe2feb50458:   00007fe2f867a8e0 00007fe2f125a038
0x00007fe2feb50468:   00007fe2e0beed7c 00007fe200000001
0x00007fe2feb50478:   00007fe200000001 0000000000000320
0x00007fe2feb50488:   00007fe2f125a038 00007fe2f127f138
0x00007fe2feb50498:   0000000000000036 0000000000000078
0x00007fe2feb504a8:   00007fe2feb50600 00007fe2e0ffdce8
0x00007fe2feb504b8:   00007fe2e0c35c8c 0000032000000000
0x00007fe2feb504c8:   00007fe2f125a038 00007fe2f127f138
0x00007fe2feb504d8:   0000000000000036 00007fe2e0ffdce8 

Instructions: (pc=0x00007fe2fe418ff0)
0x00007fe2fe418fd0:   48 89 f0 48 8d 0c 12 48 29 f8 48 29 d0 48 39 c8
0x00007fe2fe418fe0:   0f 82 07 01 00 00 48 83 fa 10 0f 86 8b 01 00 00
0x00007fe2fe418ff0:   f3 44 0f 6f 06 48 83 fa 20 f3 44 0f 7f 07 f3 44
0x00007fe2fe419000:   0f 6f 44 16 f0 f3 44 0f 7f 44 17 f0 77 12 48 89 

Register to memory mapping:

RAX=0xffff801d0edbde50 is an unknown value
RBX=0x0000000000000000 is an unknown value
RCX=0x0000000000000360 is an unknown value
RDX=0x00000000000001b0 is an unknown value
RSP=0x00007fe2feb502e8 is pointing into the stack for thread: 0x00007fe2f800a000
RBP=0x0000000000000023 is an unknown value
RSI=0x0000000000000000 is an unknown value
RDI=0x00007fe2f1242000 is an unknown value
R8 =0x00007fe2f127deb0 is an unknown value
R9 =0x00007fe2f1242000 is an unknown value
R10=0x0000000000000000 is an unknown value
R11=0x0000000000000246 is an unknown value
R12=0x00000000000001b0 is an unknown value
R13=0x000000000000000c is an unknown value
R14=0x00007fe2f127dea8 is an unknown value
R15=0x000000000000000c is an unknown value


Stack: [0x00007fe2fea51000,0x00007fe2feb52000],  sp=0x00007fe2feb502e8,  free space=1020k
Native frames: (J=compiled Java code, j=interpreted, Vv=VM code, C=native code)
C  [libc.so.6+0x97ff0]

Java frames: (J=compiled Java code, j=interpreted, Vv=VM code)
j  org.lwjgl.system.JNI.callIIIV(JIII)V+0
j  org.lwjgl.opengl.GL11.glDrawArrays(III)V+11
j  com.goodgames.ponggame.gameobjects.Bat.render()V+157
j  com.goodgames.ponggame.Game.render()V+4
j  com.goodgames.ponggame.GameWindow.render()V+17
j  com.goodgames.ponggame.GameWindow.run()V+15
j  com.goodgames.ponggame.GameWindow.startGame()V+19
j  com.goodgames.ponggame.Main.main([Ljava/lang/String;)V+7
v  ~StubRoutines::call_stub

---------------  P R O C E S S  ---------------

Java Threads: ( => current thread )
  0x00007fe2f80af800 JavaThread "Service Thread" daemon [_thread_blocked, id=3689, stack(0x00007fe2f1841000,0x00007fe2f1942000)]
  0x00007fe2f80ad000 JavaThread "C2 CompilerThread1" daemon [_thread_blocked, id=3688, stack(0x00007fe2f1942000,0x00007fe2f1a43000)]
  0x00007fe2f80aa000 JavaThread "C2 CompilerThread0" daemon [_thread_blocked, id=3687, stack(0x00007fe2f1a43000,0x00007fe2f1b44000)]
  0x00007fe2f80a8000 JavaThread "Signal Dispatcher" daemon [_thread_blocked, id=3686, stack(0x00007fe2f1b44000,0x00007fe2f1c45000)]
  0x00007fe2f807c000 JavaThread "Finalizer" daemon [_thread_blocked, id=3685, stack(0x00007fe2f2170000,0x00007fe2f2271000)]
  0x00007fe2f807a000 JavaThread "Reference Handler" daemon [_thread_blocked, id=3684, stack(0x00007fe2f2271000,0x00007fe2f2372000)]
=>0x00007fe2f800a000 JavaThread "main" [_thread_in_native, id=3678, stack(0x00007fe2fea51000,0x00007fe2feb52000)]

Other Threads:
  0x00007fe2f8075800 VMThread [stack: 0x00007fe2f2372000,0x00007fe2f2473000] [id=3683]
  0x00007fe2f80ba000 WatcherThread [stack: 0x00007fe2f1740000,0x00007fe2f1841000] [id=3690]

VM state:not at safepoint (normal execution)

VM Mutex/Monitor currently owned by a thread: None

Heap
 PSYoungGen      total 36864K, used 13853K [0x00000007d7080000, 0x00000007d9980000, 0x0000000800000000)
  eden space 31744K, 43% used [0x00000007d7080000,0x00000007d7e07610,0x00000007d8f80000)
  from space 5120K, 0% used [0x00000007d9480000,0x00000007d9480000,0x00000007d9980000)
  to   space 5120K, 0% used [0x00000007d8f80000,0x00000007d8f80000,0x00000007d9480000)
 ParOldGen       total 83456K, used 0K [0x0000000785200000, 0x000000078a380000, 0x00000007d7080000)
  object space 83456K, 0% used [0x0000000785200000,0x0000000785200000,0x000000078a380000)
 PSPermGen       total 21504K, used 8854K [0x000000077ac00000, 0x000000077c100000, 0x0000000785200000)
  object space 21504K, 41% used [0x000000077ac00000,0x000000077b4a5a18,0x000000077c100000)

Card table byte_map: [0x00007fe2f4190000,0x00007fe2f45bb000] byte_map_base: 0x00007fe2f05ba000

Polling page: 0x00007fe2feb73000

Code Cache  [0x00007fe2f45bb000, 0x00007fe2f482b000, 0x00007fe2f75bb000)
 total_blobs=670 nmethods=29 adapters=595 free_code_cache=48484Kb largest_free_block=49646144

Compilation events (10 events):
Event: 1.045 Thread 0x00007fe2f80ad000 nmethod 24 0x00007fe2f464cf10 code [0x00007fe2f464d060, 0x00007fe2f464d2f8]
Event: 1.054 Thread 0x00007fe2f80aa000 nmethod 25 0x00007fe2f46503d0 code [0x00007fe2f46505a0, 0x00007fe2f4650e28]
Event: 1.055 Thread 0x00007fe2f80ad000   26             java.lang.String::length (6 bytes)
Event: 1.056 Thread 0x00007fe2f80ad000 nmethod 26 0x00007fe2f4651ad0 code [0x00007fe2f4651c00, 0x00007fe2f4651c78]
Event: 1.070 Thread 0x00007fe2f80aa000   27             java.lang.Math::min (11 bytes)
Event: 1.070 Thread 0x00007fe2f80aa000 nmethod 27 0x00007fe2f46514d0 code [0x00007fe2f4651600, 0x00007fe2f4651638]
Event: 1.135 Thread 0x00007fe2f80ad000   28 %           sun.net.www.ParseUtil::encodePath @ 29 (336 bytes)
Event: 1.146 Thread 0x00007fe2f80ad000 nmethod 28% 0x00007fe2f4659190 code [0x00007fe2f4659360, 0x00007fe2f4659ae8]
Event: 1.146 Thread 0x00007fe2f80aa000   29             sun.net.www.ParseUtil::encodePath (336 bytes)
Event: 1.160 Thread 0x00007fe2f80aa000 nmethod 29 0x00007fe2f465e910 code [0x00007fe2f465eac0, 0x00007fe2f465f498]

GC Heap History (0 events):
No events

Deoptimization events (3 events):
Event: 0.086 Thread 0x00007fe2f800a000 Uncommon trap: reason=unstable_if action=reinterpret pc=0x00007fe2f461e0b4 method=java.lang.String.indexOf([CII[CIII)I @ 134
Event: 0.100 Thread 0x00007fe2f800a000 Uncommon trap: reason=unstable_if action=reinterpret pc=0x00007fe2f461a940 method=java.lang.String.indexOf(II)I @ 49
Event: 1.109 Thread 0x00007fe2f800a000 Uncommon trap: reason=unstable_if action=reinterpret pc=0x00007fe2f4650cc4 method=sun.net.www.ParseUtil.encodePath(Ljava/lang/String;Z)Ljava/lang/String; @ 109

Internal exceptions (10 events):
Event: 1.171 Thread 0x00007fe2f800a000 Threw 0x00000007d7d174e8 at /build/openjdk-7-zaTxYK/openjdk-7-7u91-2.6.3/build/openjdk/hotspot/src/share/vm/prims/jvm.cpp:1322
Event: 1.176 Thread 0x00007fe2f800a000 Threw 0x00000007d7d2e1c0 at /build/openjdk-7-zaTxYK/openjdk-7-7u91-2.6.3/build/openjdk/hotspot/src/share/vm/prims/jvm.cpp:1322
Event: 1.183 Thread 0x00007fe2f800a000 Threw 0x00000007d7d51168 at /build/openjdk-7-zaTxYK/openjdk-7-7u91-2.6.3/build/openjdk/hotspot/src/share/vm/prims/jvm.cpp:1322
Event: 1.184 Thread 0x00007fe2f800a000 Threw 0x00000007d7d6ac70 at /build/openjdk-7-zaTxYK/openjdk-7-7u91-2.6.3/build/openjdk/hotspot/src/share/vm/prims/jvm.cpp:1322
Event: 1.184 Thread 0x00007fe2f800a000 Threw 0x00000007d7d6dd78 at /build/openjdk-7-zaTxYK/openjdk-7-7u91-2.6.3/build/openjdk/hotspot/src/share/vm/prims/jvm.cpp:1322
Event: 1.195 Thread 0x00007fe2f800a000 Threw 0x00000007d7d895b8 at /build/openjdk-7-zaTxYK/openjdk-7-7u91-2.6.3/build/openjdk/hotspot/src/share/vm/prims/jvm.cpp:1322
Event: 1.195 Thread 0x00007fe2f800a000 Threw 0x00000007d7d8da28 at /build/openjdk-7-zaTxYK/openjdk-7-7u91-2.6.3/build/openjdk/hotspot/src/share/vm/prims/jvm.cpp:1322
Event: 1.195 Thread 0x00007fe2f800a000 Threw 0x00000007d7d91460 at /build/openjdk-7-zaTxYK/openjdk-7-7u91-2.6.3/build/openjdk/hotspot/src/share/vm/prims/jvm.cpp:1322
Event: 1.199 Thread 0x00007fe2f800a000 Threw 0x00000007d7d9b700 at /build/openjdk-7-zaTxYK/openjdk-7-7u91-2.6.3/build/openjdk/hotspot/src/share/vm/prims/jvm.cpp:1322
Event: 1.199 Thread 0x00007fe2f800a000 Threw 0x00000007d7da0178 at /build/openjdk-7-zaTxYK/openjdk-7-7u91-2.6.3/build/openjdk/hotspot/src/share/vm/prims/jvm.cpp:1322

Events (10 events):
Event: 1.195 loading class 0x00007fe2f812d010
Event: 1.195 loading class 0x00007fe2f812d010 done
Event: 1.195 loading class 0x00007fe2f8f080b0
Event: 1.195 loading class 0x00007fe2f8f080b0 done
Event: 1.195 loading class 0x00007fe2f8f080f0
Event: 1.195 loading class 0x00007fe2f8f080f0 done
Event: 1.199 loading class 0x00007fe2f8e0f0c0
Event: 1.199 loading class 0x00007fe2f8e0f0c0 done
Event: 1.199 loading class 0x00007fe2f80fe050
Event: 1.199 loading class 0x00007fe2f80fe050 done


Dynamic libraries:
00400000-00401000 r-xp 00000000 08:05 1183315                            /usr/lib/jvm/java-7-openjdk-amd64/jre/bin/java
00600000-00601000 r--p 00000000 08:05 1183315                            /usr/lib/jvm/java-7-openjdk-amd64/jre/bin/java
00601000-00602000 rw-p 00001000 08:05 1183315                            /usr/lib/jvm/java-7-openjdk-amd64/jre/bin/java
01374000-01395000 rw-p 00000000 00:00 0                                  [heap]
77ac00000-77c100000 rw-p 00000000 00:00 0 
77c100000-785200000 rw-p 00000000 00:00 0 
785200000-78a380000 rw-p 00000000 00:00 0 
78a380000-7d7080000 rw-p 00000000 00:00 0 
7d7080000-7d9980000 rw-p 00000000 00:00 0 
7d9980000-800000000 rw-p 00000000 00:00 0 
7fe2b0000000-7fe2b0021000 rw-p 00000000 00:00 0 
7fe2b0021000-7fe2b4000000 ---p 00000000 00:00 0 
7fe2b8000000-7fe2b80af000 rw-p 00000000 00:00 0 
7fe2b80af000-7fe2bc000000 ---p 00000000 00:00 0 
7fe2bc000000-7fe2bc021000 rw-p 00000000 00:00 0 
7fe2bc021000-7fe2c0000000 ---p 00000000 00:00 0 
7fe2c0000000-7fe2c0021000 rw-p 00000000 00:00 0 
7fe2c0021000-7fe2c4000000 ---p 00000000 00:00 0 
7fe2c4000000-7fe2c412d000 rw-p 00000000 00:00 0 
7fe2c412d000-7fe2c8000000 ---p 00000000 00:00 0 
7fe2c8000000-7fe2c8021000 rw-p 00000000 00:00 0 
7fe2c8021000-7fe2cc000000 ---p 00000000 00:00 0 
7fe2cc000000-7fe2cc021000 rw-p 00000000 00:00 0 
7fe2cc021000-7fe2d0000000 ---p 00000000 00:00 0 
7fe2d0000000-7fe2d0021000 rw-p 00000000 00:00 0 
7fe2d0021000-7fe2d4000000 ---p 00000000 00:00 0 
7fe2d4e82000-7fe2d4ebf000 r-xp 00000000 08:05 528522                     /lib/x86_64-linux-gnu/libpcre.so.3.13.1
7fe2d4ebf000-7fe2d50be000 ---p 0003d000 08:05 528522                     /lib/x86_64-linux-gnu/libpcre.so.3.13.1
7fe2d50be000-7fe2d50bf000 r--p 0003c000 08:05 528522                     /lib/x86_64-linux-gnu/libpcre.so.3.13.1
7fe2d50bf000-7fe2d50c0000 rw-p 0003d000 08:05 528522                     /lib/x86_64-linux-gnu/libpcre.so.3.13.1
7fe2d50c0000-7fe2d50c7000 r-xp 00000000 08:05 1179820                    /usr/lib/x86_64-linux-gnu/libffi.so.6.0.1
7fe2d50c7000-7fe2d52c6000 ---p 00007000 08:05 1179820                    /usr/lib/x86_64-linux-gnu/libffi.so.6.0.1
7fe2d52c6000-7fe2d52c7000 r--p 00006000 08:05 1179820                    /usr/lib/x86_64-linux-gnu/libffi.so.6.0.1
7fe2d52c7000-7fe2d52c8000 rw-p 00007000 08:05 1179820                    /usr/lib/x86_64-linux-gnu/libffi.so.6.0.1
7fe2d52c8000-7fe2d52df000 r-xp 00000000 08:05 524388                     /lib/x86_64-linux-gnu/libresolv-2.19.so
7fe2d52df000-7fe2d54df000 ---p 00017000 08:05 524388                     /lib/x86_64-linux-gnu/libresolv-2.19.so
7fe2d54df000-7fe2d54e0000 r--p 00017000 08:05 524388                     /lib/x86_64-linux-gnu/libresolv-2.19.so
7fe2d54e0000-7fe2d54e1000 rw-p 00018000 08:05 524388                     /lib/x86_64-linux-gnu/libresolv-2.19.so
7fe2d54e1000-7fe2d54e3000 rw-p 00000000 00:00 0 
7fe2d54e3000-7fe2d5503000 r-xp 00000000 08:05 524308                     /lib/x86_64-linux-gnu/libselinux.so.1
7fe2d5503000-7fe2d5702000 ---p 00020000 08:05 524308                     /lib/x86_64-linux-gnu/libselinux.so.1
7fe2d5702000-7fe2d5703000 r--p 0001f000 08:05 524308                     /lib/x86_64-linux-gnu/libselinux.so.1
7fe2d5703000-7fe2d5704000 rw-p 00020000 08:05 524308                     /lib/x86_64-linux-gnu/libselinux.so.1
7fe2d5704000-7fe2d5706000 rw-p 00000000 00:00 0 
7fe2d5706000-7fe2d5709000 r-xp 00000000 08:05 1185438                    /usr/lib/x86_64-linux-gnu/libgmodule-2.0.so.0.4002.0
7fe2d5709000-7fe2d5908000 ---p 00003000 08:05 1185438                    /usr/lib/x86_64-linux-gnu/libgmodule-2.0.so.0.4002.0
7fe2d5908000-7fe2d5909000 r--p 00002000 08:05 1185438                    /usr/lib/x86_64-linux-gnu/libgmodule-2.0.so.0.4002.0
7fe2d5909000-7fe2d590a000 rw-p 00003000 08:05 1185438                    /usr/lib/x86_64-linux-gnu/libgmodule-2.0.so.0.4002.0
7fe2d590a000-7fe2d5a10000 r-xp 00000000 08:05 524681                     /lib/x86_64-linux-gnu/libglib-2.0.so.0.4002.0
7fe2d5a10000-7fe2d5c0f000 ---p 00106000 08:05 524681                     /lib/x86_64-linux-gnu/libglib-2.0.so.0.4002.0
7fe2d5c0f000-7fe2d5c10000 r--p 00105000 08:05 524681                     /lib/x86_64-linux-gnu/libglib-2.0.so.0.4002.0
7fe2d5c10000-7fe2d5c11000 rw-p 00106000 08:05 524681                     /lib/x86_64-linux-gnu/libglib-2.0.so.0.4002.0
7fe2d5c11000-7fe2d5c12000 rw-p 00000000 00:00 0 
7fe2d5c12000-7fe2d5c61000 r-xp 00000000 08:05 1185440                    /usr/lib/x86_64-linux-gnu/libgobject-2.0.so.0.4002.0
7fe2d5c61000-7fe2d5e61000 ---p 0004f000 08:05 1185440                    /usr/lib/x86_64-linux-gnu/libgobject-2.0.so.0.4002.0
7fe2d5e61000-7fe2d5e62000 r--p 0004f000 08:05 1185440                    /usr/lib/x86_64-linux-gnu/libgobject-2.0.so.0.4002.0
7fe2d5e62000-7fe2d5e63000 rw-p 00050000 08:05 1185440                    /usr/lib/x86_64-linux-gnu/libgobject-2.0.so.0.4002.0
7fe2d5e63000-7fe2d5fcf000 r-xp 00000000 08:05 1185447                    /usr/lib/x86_64-linux-gnu/libgio-2.0.so.0.4002.0
7fe2d5fcf000-7fe2d61ce000 ---p 0016c000 08:05 1185447                    /usr/lib/x86_64-linux-gnu/libgio-2.0.so.0.4002.0
7fe2d61ce000-7fe2d61d2000 r--p 0016b000 08:05 1185447                    /usr/lib/x86_64-linux-gnu/libgio-2.0.so.0.4002.0
7fe2d61d2000-7fe2d61d4000 rw-p 0016f000 08:05 1185447                    /usr/lib/x86_64-linux-gnu/libgio-2.0.so.0.4002.0
7fe2d61d4000-7fe2d61d6000 rw-p 00000000 00:00 0 
7fe2d61d6000-7fe2d61ed000 r-xp 00000000 08:05 1183375                    /usr/lib/jvm/java-7-openjdk-amd64/jre/lib/amd64/libnet.so
7fe2d61ed000-7fe2d63ec000 ---p 00017000 08:05 1183375                    /usr/lib/jvm/java-7-openjdk-amd64/jre/lib/amd64/libnet.so
7fe2d63ec000-7fe2d63ed000 r--p 00016000 08:05 1183375                    /usr/lib/jvm/java-7-openjdk-amd64/jre/lib/amd64/libnet.so
7fe2d63ed000-7fe2d63ee000 rw-p 00017000 08:05 1183375                    /usr/lib/jvm/java-7-openjdk-amd64/jre/lib/amd64/libnet.so
7fe2d63ee000-7fe2d63fe000 r-xp 00000000 08:05 1183344                    /usr/lib/jvm/java-7-openjdk-amd64/jre/lib/amd64/libnio.so
7fe2d63fe000-7fe2d65fe000 ---p 00010000 08:05 1183344                    /usr/lib/jvm/java-7-openjdk-amd64/jre/lib/amd64/libnio.so
7fe2d65fe000-7fe2d65ff000 r--p 00010000 08:05 1183344                    /usr/lib/jvm/java-7-openjdk-amd64/jre/lib/amd64/libnio.so
7fe2d65ff000-7fe2d6600000 rw-p 00011000 08:05 1183344                    /usr/lib/jvm/java-7-openjdk-amd64/jre/lib/amd64/libnio.so
7fe2d6600000-7fe2d6800000 rw-p 00000000 00:00 0 
7fe2d68ea000-7fe2d698a000 rw-s 1032c5000 00:06 10475                     /dev/dri/card0
7fe2d698a000-7fe2d7b28000 rw-p 00000000 00:00 0 
7fe2d7b28000-7fe2d7b5f000 r-xp 00000000 08:05 1185873                    /usr/lib/x86_64-linux-gnu/libtxc_dxtn_s2tc.so.0.0.0
7fe2d7b5f000-7fe2d7d5e000 ---p 00037000 08:05 1185873                    /usr/lib/x86_64-linux-gnu/libtxc_dxtn_s2tc.so.0.0.0
7fe2d7d5e000-7fe2d7d5f000 r--p 00036000 08:05 1185873                    /usr/lib/x86_64-linux-gnu/libtxc_dxtn_s2tc.so.0.0.0
7fe2d7d5f000-7fe2d7d60000 rw-p 00037000 08:05 1185873                    /usr/lib/x86_64-linux-gnu/libtxc_dxtn_s2tc.so.0.0.0
7fe2d7d60000-7fe2dc000000 rw-p 00000000 00:00 0 
7fe2dc000000-7fe2dc021000 rw-p 00000000 00:00 0 
7fe2dc021000-7fe2e0000000 ---p 00000000 00:00 0 
7fe2e0040000-7fe2e0048000 r-xp 00000000 08:05 1185761                    /usr/lib/x86_64-linux-gnu/libpciaccess.so.0.11.1
7fe2e0048000-7fe2e0247000 ---p 00008000 08:05 1185761                    /usr/lib/x86_64-linux-gnu/libpciaccess.so.0.11.1
7fe2e0247000-7fe2e0248000 r--p 00007000 08:05 1185761                    /usr/lib/x86_64-linux-gnu/libpciaccess.so.0.11.1
7fe2e0248000-7fe2e0249000 rw-p 00008000 08:05 1185761                    /usr/lib/x86_64-linux-gnu/libpciaccess.so.0.11.1
7fe2e0249000-7fe2e0255000 r-xp 00000000 08:05 1185770                    /usr/lib/x86_64-linux-gnu/libdrm_radeon.so.1.0.1
7fe2e0255000-7fe2e0454000 ---p 0000c000 08:05 1185770                    /usr/lib/x86_64-linux-gnu/libdrm_radeon.so.1.0.1
7fe2e0454000-7fe2e0455000 r--p 0000b000 08:05 1185770                    /usr/lib/x86_64-linux-gnu/libdrm_radeon.so.1.0.1
7fe2e0455000-7fe2e0456000 rw-p 0000c000 08:05 1185770                    /usr/lib/x86_64-linux-gnu/libdrm_radeon.so.1.0.1
7fe2e0456000-7fe2e045c000 r-xp 00000000 08:05 1185768                    /usr/lib/x86_64-linux-gnu/libdrm_nouveau.so.2.0.0
7fe2e045c000-7fe2e065b000 ---p 00006000 08:05 1185768                    /usr/lib/x86_64-linux-gnu/libdrm_nouveau.so.2.0.0
7fe2e065b000-7fe2e065c000 r--p 00005000 08:05 1185768                    /usr/lib/x86_64-linux-gnu/libdrm_nouveau.so.2.0.0
7fe2e065c000-7fe2e065d000 rw-p 00006000 08:05 1185768                    /usr/lib/x86_64-linux-gnu/libdrm_nouveau.so.2.0.0
7fe2e065d000-7fe2e067d000 r-xp 00000000 08:05 1185764                    /usr/lib/x86_64-linux-gnu/libdrm_intel.so.1.0.0
7fe2e067d000-7fe2e087c000 ---p 00020000 08:05 1185764                    /usr/lib/x86_64-linux-gnu/libdrm_intel.so.1.0.0
7fe2e087c000-7fe2e087d000 r--p 0001f000 08:05 1185764                    /usr/lib/x86_64-linux-gnu/libdrm_intel.so.1.0.0
7fe2e087d000-7fe2e087e000 rw-p 00020000 08:05 1185764                    /usr/lib/x86_64-linux-gnu/libdrm_intel.so.1.0.0
7fe2e087e000-7fe2e0dd2000 r-xp 00000000 08:05 1311633                    /usr/lib/x86_64-linux-gnu/dri/i965_dri.so
7fe2e0dd2000-7fe2e0fd2000 ---p 00554000 08:05 1311633                    /usr/lib/x86_64-linux-gnu/dri/i965_dri.so
7fe2e0fd2000-7fe2e0ff3000 r--p 00554000 08:05 1311633                    /usr/lib/x86_64-linux-gnu/dri/i965_dri.so
7fe2e0ff3000-7fe2e0ffa000 rw-p 00575000 08:05 1311633                    /usr/lib/x86_64-linux-gnu/dri/i965_dri.so
7fe2e0ffa000-7fe2e1001000 rw-p 00000000 00:00 0 
7fe2e1001000-7fe2e1045000 r-xp 00000000 08:05 524292                     /lib/x86_64-linux-gnu/libdbus-1.so.3.7.6
7fe2e1045000-7fe2e1244000 ---p 00044000 08:05 524292                     /lib/x86_64-linux-gnu/libdbus-1.so.3.7.6
7fe2e1244000-7fe2e1245000 r--p 00043000 08:05 524292                     /lib/x86_64-linux-gnu/libdbus-1.so.3.7.6
7fe2e1245000-7fe2e1246000 rw-p 00044000 08:05 524292                     /lib/x86_64-linux-gnu/libdbus-1.so.3.7.6
7fe2e1246000-7fe2e124e000 r-xp 00000000 08:05 524367                     /lib/x86_64-linux-gnu/libnih-dbus.so.1.0.0
7fe2e124e000-7fe2e144e000 ---p 00008000 08:05 524367                     /lib/x86_64-linux-gnu/libnih-dbus.so.1.0.0
7fe2e144e000-7fe2e144f000 r--p 00008000 08:05 524367                     /lib/x86_64-linux-gnu/libnih-dbus.so.1.0.0
7fe2e144f000-7fe2e1450000 rw-p 00009000 08:05 524367                     /lib/x86_64-linux-gnu/libnih-dbus.so.1.0.0
7fe2e1450000-7fe2e1467000 r-xp 00000000 08:05 524369                     /lib/x86_64-linux-gnu/libnih.so.1.0.0
7fe2e1467000-7fe2e1666000 ---p 00017000 08:05 524369                     /lib/x86_64-linux-gnu/libnih.so.1.0.0
7fe2e1666000-7fe2e1667000 r--p 00016000 08:05 524369                     /lib/x86_64-linux-gnu/libnih.so.1.0.0
7fe2e1667000-7fe2e1668000 rw-p 00017000 08:05 524369                     /lib/x86_64-linux-gnu/libnih.so.1.0.0
7fe2e1668000-7fe2e1681000 r-xp 00000000 08:05 524302                     /lib/x86_64-linux-gnu/libcgmanager.so.0.0.0
7fe2e1681000-7fe2e1880000 ---p 00019000 08:05 524302                     /lib/x86_64-linux-gnu/libcgmanager.so.0.0.0
7fe2e1880000-7fe2e1882000 r--p 00018000 08:05 524302                     /lib/x86_64-linux-gnu/libcgmanager.so.0.0.0
7fe2e1882000-7fe2e1883000 rw-p 0001a000 08:05 524302                     /lib/x86_64-linux-gnu/libcgmanager.so.0.0.0
7fe2e1883000-7fe2e1893000 r-xp 00000000 08:05 524473                     /lib/x86_64-linux-gnu/libudev.so.1.3.5
7fe2e1893000-7fe2e1a92000 ---p 00010000 08:05 524473                     /lib/x86_64-linux-gnu/libudev.so.1.3.5
7fe2e1a92000-7fe2e1a93000 r--p 0000f000 08:05 524473                     /lib/x86_64-linux-gnu/libudev.so.1.3.5
7fe2e1a93000-7fe2e1a94000 rw-p 00010000 08:05 524473                     /lib/x86_64-linux-gnu/libudev.so.1.3.5
7fe2e1a94000-7fe2e1a9f000 r-xp 00000000 08:05 1184048                    /usr/lib/x86_64-linux-gnu/libdrm.so.2.4.0
7fe2e1a9f000-7fe2e1c9e000 ---p 0000b000 08:05 1184048                    /usr/lib/x86_64-linux-gnu/libdrm.so.2.4.0
7fe2e1c9e000-7fe2e1c9f000 r--p 0000a000 08:05 1184048                    /usr/lib/x86_64-linux-gnu/libdrm.so.2.4.0
7fe2e1c9f000-7fe2e1ca0000 rw-p 0000b000 08:05 1184048                    /usr/lib/x86_64-linux-gnu/libdrm.so.2.4.0
7fe2e1ca0000-7fe2e1ca1000 r-xp 00000000 08:05 1185815                    /usr/lib/x86_64-linux-gnu/libxshmfence.so.1.0.0
7fe2e1ca1000-7fe2e1ea0000 ---p 00001000 08:05 1185815                    /usr/lib/x86_64-linux-gnu/libxshmfence.so.1.0.0
7fe2e1ea0000-7fe2e1ea1000 r--p 00000000 08:05 1185815                    /usr/lib/x86_64-linux-gnu/libxshmfence.so.1.0.0
7fe2e1ea1000-7fe2e1ea2000 rw-p 00001000 08:05 1185815                    /usr/lib/x86_64-linux-gnu/libxshmfence.so.1.0.0
7fe2e1ea2000-7fe2e1ea7000 r-xp 00000000 08:05 1185810                    /usr/lib/x86_64-linux-gnu/libxcb-sync.so.1.0.0
7fe2e1ea7000-7fe2e20a6000 ---p 00005000 08:05 1185810                    /usr/lib/x86_64-linux-gnu/libxcb-sync.so.1.0.0
7fe2e20a6000-7fe2e20a7000 r--p 00004000 08:05 1185810                    /usr/lib/x86_64-linux-gnu/libxcb-sync.so.1.0.0
7fe2e20a7000-7fe2e20a8000 rw-p 00005000 08:05 1185810                    /usr/lib/x86_64-linux-gnu/libxcb-sync.so.1.0.0
7fe2e20a8000-7fe2e20aa000 r-xp 00000000 08:05 1185808                    /usr/lib/x86_64-linux-gnu/libxcb-present.so.0.0.0
7fe2e20aa000-7fe2e22a9000 ---p 00002000 08:05 1185808                    /usr/lib/x86_64-linux-gnu/libxcb-present.so.0.0.0
7fe2e22a9000-7fe2e22aa000 r--p 00001000 08:05 1185808                    /usr/lib/x86_64-linux-gnu/libxcb-present.so.0.0.0
7fe2e22aa000-7fe2e22ab000 rw-p 00002000 08:05 1185808                    /usr/lib/x86_64-linux-gnu/libxcb-present.so.0.0.0
7fe2e22ab000-7fe2e22ad000 r-xp 00000000 08:05 1185804                    /usr/lib/x86_64-linux-gnu/libxcb-dri3.so.0.0.0
7fe2e22ad000-7fe2e24ac000 ---p 00002000 08:05 1185804                    /usr/lib/x86_64-linux-gnu/libxcb-dri3.so.0.0.0
7fe2e24ac000-7fe2e24ad000 r--p 00001000 08:05 1185804                    /usr/lib/x86_64-linux-gnu/libxcb-dri3.so.0.0.0
7fe2e24ad000-7fe2e24ae000 rw-p 00002000 08:05 1185804                    /usr/lib/x86_64-linux-gnu/libxcb-dri3.so.0.0.0
7fe2e24ae000-7fe2e24b1000 r-xp 00000000 08:05 1185781                    /usr/lib/x86_64-linux-gnu/libxcb-dri2.so.0.0.0
7fe2e24b1000-7fe2e26b1000 ---p 00003000 08:05 1185781                    /usr/lib/x86_64-linux-gnu/libxcb-dri2.so.0.0.0
7fe2e26b1000-7fe2e26b2000 r--p 00003000 08:05 1185781                    /usr/lib/x86_64-linux-gnu/libxcb-dri2.so.0.0.0
7fe2e26b2000-7fe2e26b3000 rw-p 00004000 08:05 1185781                    /usr/lib/x86_64-linux-gnu/libxcb-dri2.so.0.0.0
7fe2e26b3000-7fe2e26c8000 r-xp 00000000 08:05 1185806                    /usr/lib/x86_64-linux-gnu/libxcb-glx.so.0.0.0
7fe2e26c8000-7fe2e28c7000 ---p 00015000 08:05 1185806                    /usr/lib/x86_64-linux-gnu/libxcb-glx.so.0.0.0
7fe2e28c7000-7fe2e28c9000 r--p 00014000 08:05 1185806                    /usr/lib/x86_64-linux-gnu/libxcb-glx.so.0.0.0
7fe2e28c9000-7fe2e28ca000 rw-p 00016000 08:05 1185806                    /usr/lib/x86_64-linux-gnu/libxcb-glx.so.0.0.0
7fe2e28ca000-7fe2e28cb000 r-xp 00000000 08:05 1185787                    /usr/lib/x86_64-linux-gnu/libX11-xcb.so.1.0.0
7fe2e28cb000-7fe2e2aca000 ---p 00001000 08:05 1185787                    /usr/lib/x86_64-linux-gnu/libX11-xcb.so.1.0.0
7fe2e2aca000-7fe2e2acb000 r--p 00000000 08:05 1185787                    /usr/lib/x86_64-linux-gnu/libX11-xcb.so.1.0.0
7fe2e2acb000-7fe2e2acc000 rw-p 00001000 08:05 1185787                    /usr/lib/x86_64-linux-gnu/libX11-xcb.so.1.0.0
7fe2e2acc000-7fe2e2ace000 r-xp 00000000 08:05 1185812                    /usr/lib/x86_64-linux-gnu/libXdamage.so.1.1.0
7fe2e2ace000-7fe2e2ccd000 ---p 00002000 08:05 1185812                    /usr/lib/x86_64-linux-gnu/libXdamage.so.1.1.0
7fe2e2ccd000-7fe2e2cce000 r--p 00001000 08:05 1185812                    /usr/lib/x86_64-linux-gnu/libXdamage.so.1.1.0
7fe2e2cce000-7fe2e2ccf000 rw-p 00002000 08:05 1185812                    /usr/lib/x86_64-linux-gnu/libXdamage.so.1.1.0
7fe2e2ccf000-7fe2e2cf4000 r-xp 00000000 08:05 1181485                    /usr/lib/x86_64-linux-gnu/libglapi.so.0.0.0
7fe2e2cf4000-7fe2e2ef4000 ---p 00025000 08:05 1181485                    /usr/lib/x86_64-linux-gnu/libglapi.so.0.0.0
7fe2e2ef4000-7fe2e2ef7000 r--p 00025000 08:05 1181485                    /usr/lib/x86_64-linux-gnu/libglapi.so.0.0.0
7fe2e2ef7000-7fe2e2ef8000 rw-p 00028000 08:05 1181485                    /usr/lib/x86_64-linux-gnu/libglapi.so.0.0.0
7fe2e2ef8000-7fe2e2ef9000 rw-p 00000000 00:00 0 
7fe2e2ef9000-7fe2e2f20000 r-xp 00000000 08:05 524403                     /lib/x86_64-linux-gnu/libexpat.so.1.6.0
7fe2e2f20000-7fe2e3120000 ---p 00027000 08:05 524403                     /lib/x86_64-linux-gnu/libexpat.so.1.6.0
7fe2e3120000-7fe2e3122000 r--p 00027000 08:05 524403                     /lib/x86_64-linux-gnu/libexpat.so.1.6.0
7fe2e3122000-7fe2e3123000 rw-p 00029000 08:05 524403                     /lib/x86_64-linux-gnu/libexpat.so.1.6.0
7fe2e3123000-7fe2e31b1000 r-xp 00000000 08:05 1446318                    /usr/lib/x86_64-linux-gnu/mesa/libGL.so.1.2.0
7fe2e31b1000-7fe2e33b0000 ---p 0008e000 08:05 1446318                    /usr/lib/x86_64-linux-gnu/mesa/libGL.so.1.2.0
7fe2e33b0000-7fe2e33b3000 r--p 0008d000 08:05 1446318                    /usr/lib/x86_64-linux-gnu/mesa/libGL.so.1.2.0
7fe2e33b3000-7fe2e33b4000 rw-p 00090000 08:05 1446318                    /usr/lib/x86_64-linux-gnu/mesa/libGL.so.1.2.0
7fe2e33b4000-7fe2e33b5000 rw-p 00000000 00:00 0 
7fe2e33b5000-7fe2e33ba000 r-xp 00000000 08:05 1185723                    /usr/lib/x86_64-linux-gnu/libXdmcp.so.6.0.0
7fe2e33ba000-7fe2e35b9000 ---p 00005000 08:05 1185723                    /usr/lib/x86_64-linux-gnu/libXdmcp.so.6.0.0
7fe2e35b9000-7fe2e35ba000 r--p 00004000 08:05 1185723                    /usr/lib/x86_64-linux-gnu/libXdmcp.so.6.0.0
7fe2e35ba000-7fe2e35bb000 rw-p 00005000 08:05 1185723                    /usr/lib/x86_64-linux-gnu/libXdmcp.so.6.0.0
7fe2e35bb000-7fe2e35bd000 r-xp 00000000 08:05 1185718                    /usr/lib/x86_64-linux-gnu/libXau.so.6.0.0
7fe2e35bd000-7fe2e37bd000 ---p 00002000 08:05 1185718                    /usr/lib/x86_64-linux-gnu/libXau.so.6.0.0
7fe2e37bd000-7fe2e37be000 r--p 00002000 08:05 1185718                    /usr/lib/x86_64-linux-gnu/libXau.so.6.0.0
7fe2e37be000-7fe2e37bf000 rw-p 00003000 08:05 1185718                    /usr/lib/x86_64-linux-gnu/libXau.so.6.0.0
7fe2e37bf000-7fe2e37c4000 r-xp 00000000 08:05 1185796                    /usr/lib/x86_64-linux-gnu/libXfixes.so.3.1.0
7fe2e37c4000-7fe2e39c3000 ---p 00005000 08:05 1185796                    /usr/lib/x86_64-linux-gnu/libXfixes.so.3.1.0
7fe2e39c3000-7fe2e39c4000 r--p 00004000 08:05 1185796                    /usr/lib/x86_64-linux-gnu/libXfixes.so.3.1.0
7fe2e39c4000-7fe2e39c5000 rw-p 00005000 08:05 1185796                    /usr/lib/x86_64-linux-gnu/libXfixes.so.3.1.0
7fe2e39c5000-7fe2e39ce000 r-xp 00000000 08:05 1185863                    /usr/lib/x86_64-linux-gnu/libXrender.so.1.3.0
7fe2e39ce000-7fe2e3bcd000 ---p 00009000 08:05 1185863                    /usr/lib/x86_64-linux-gnu/libXrender.so.1.3.0
7fe2e3bcd000-7fe2e3bce000 r--p 00008000 08:05 1185863                    /usr/lib/x86_64-linux-gnu/libXrender.so.1.3.0
7fe2e3bce000-7fe2e3bcf000 rw-p 00009000 08:05 1185863                    /usr/lib/x86_64-linux-gnu/libXrender.so.1.3.0
7fe2e3bcf000-7fe2e3be0000 r-xp 00000000 08:05 1185754                    /usr/lib/x86_64-linux-gnu/libXext.so.6.4.0
7fe2e3be0000-7fe2e3ddf000 ---p 00011000 08:05 1185754                    /usr/lib/x86_64-linux-gnu/libXext.so.6.4.0
7fe2e3ddf000-7fe2e3de0000 r--p 00010000 08:05 1185754                    /usr/lib/x86_64-linux-gnu/libXext.so.6.4.0
7fe2e3de0000-7fe2e3de1000 rw-p 00011000 08:05 1185754                    /usr/lib/x86_64-linux-gnu/libXext.so.6.4.0
7fe2e3de1000-7fe2e3dfe000 r-xp 00000000 08:05 1185731                    /usr/lib/x86_64-linux-gnu/libxcb.so.1.1.0
7fe2e3dfe000-7fe2e3ffe000 ---p 0001d000 08:05 1185731                    /usr/lib/x86_64-linux-gnu/libxcb.so.1.1.0
7fe2e3ffe000-7fe2e3fff000 r--p 0001d000 08:05 1185731                    /usr/lib/x86_64-linux-gnu/libxcb.so.1.1.0
7fe2e3fff000-7fe2e4000000 rw-p 0001e000 08:05 1185731                    /usr/lib/x86_64-linux-gnu/libxcb.so.1.1.0
7fe2e4000000-7fe2e4021000 rw-p 00000000 00:00 0 
7fe2e4021000-7fe2e8000000 ---p 00000000 00:00 0 
7fe2e8000000-7fe2e8021000 rw-p 00000000 00:00 0 
7fe2e8021000-7fe2ec000000 ---p 00000000 00:00 0 
7fe2ec000000-7fe2ec021000 rw-p 00000000 00:00 0 
7fe2ec021000-7fe2f0000000 ---p 00000000 00:00 0 
7fe2f0085000-7fe2f008e000 r-xp 00000000 08:05 1188819                    /usr/lib/x86_64-linux-gnu/libXcursor.so.1.0.2
7fe2f008e000-7fe2f028d000 ---p 00009000 08:05 1188819                    /usr/lib/x86_64-linux-gnu/libXcursor.so.1.0.2
7fe2f028d000-7fe2f028e000 r--p 00008000 08:05 1188819                    /usr/lib/x86_64-linux-gnu/libXcursor.so.1.0.2
7fe2f028e000-7fe2f028f000 rw-p 00009000 08:05 1188819                    /usr/lib/x86_64-linux-gnu/libXcursor.so.1.0.2
7fe2f028f000-7fe2f0293000 r-xp 00000000 08:05 1185817                    /usr/lib/x86_64-linux-gnu/libXxf86vm.so.1.0.0
7fe2f0293000-7fe2f0493000 ---p 00004000 08:05 1185817                    /usr/lib/x86_64-linux-gnu/libXxf86vm.so.1.0.0
7fe2f0493000-7fe2f0494000 r--p 00004000 08:05 1185817                    /usr/lib/x86_64-linux-gnu/libXxf86vm.so.1.0.0
7fe2f0494000-7fe2f0495000 rw-p 00005000 08:05 1185817                    /usr/lib/x86_64-linux-gnu/libXxf86vm.so.1.0.0
7fe2f0495000-7fe2f04a4000 r-xp 00000000 08:05 1185857                    /usr/lib/x86_64-linux-gnu/libXi.so.6.1.0
7fe2f04a4000-7fe2f06a3000 ---p 0000f000 08:05 1185857                    /usr/lib/x86_64-linux-gnu/libXi.so.6.1.0
7fe2f06a3000-7fe2f06a4000 r--p 0000e000 08:05 1185857                    /usr/lib/x86_64-linux-gnu/libXi.so.6.1.0
7fe2f06a4000-7fe2f06a5000 rw-p 0000f000 08:05 1185857                    /usr/lib/x86_64-linux-gnu/libXi.so.6.1.0
7fe2f06a5000-7fe2f06a7000 r-xp 00000000 08:05 1185859                    /usr/lib/x86_64-linux-gnu/libXinerama.so.1.0.0
7fe2f06a7000-7fe2f08a6000 ---p 00002000 08:05 1185859                    /usr/lib/x86_64-linux-gnu/libXinerama.so.1.0.0
7fe2f08a6000-7fe2f08a7000 r--p 00001000 08:05 1185859                    /usr/lib/x86_64-linux-gnu/libXinerama.so.1.0.0
7fe2f08a7000-7fe2f08a8000 rw-p 00002000 08:05 1185859                    /usr/lib/x86_64-linux-gnu/libXinerama.so.1.0.0
7fe2f08a8000-7fe2f08b1000 r-xp 00000000 08:05 1185865                    /usr/lib/x86_64-linux-gnu/libXrandr.so.2.2.0
7fe2f08b1000-7fe2f0ab0000 ---p 00009000 08:05 1185865                    /usr/lib/x86_64-linux-gnu/libXrandr.so.2.2.0
7fe2f0ab0000-7fe2f0ab1000 r--p 00008000 08:05 1185865                    /usr/lib/x86_64-linux-gnu/libXrandr.so.2.2.0
7fe2f0ab1000-7fe2f0ab2000 rw-p 00009000 08:05 1185865                    /usr/lib/x86_64-linux-gnu/libXrandr.so.2.2.0
7fe2f0ab2000-7fe2f0be2000 r-xp 00000000 08:05 1185745                    /usr/lib/x86_64-linux-gnu/libX11.so.6.3.0
7fe2f0be2000-7fe2f0de2000 ---p 00130000 08:05 1185745                    /usr/lib/x86_64-linux-gnu/libX11.so.6.3.0
7fe2f0de2000-7fe2f0de3000 r--p 00130000 08:05 1185745                    /usr/lib/x86_64-linux-gnu/libX11.so.6.3.0
7fe2f0de3000-7fe2f0de7000 rw-p 00131000 08:05 1185745                    /usr/lib/x86_64-linux-gnu/libX11.so.6.3.0
7fe2f0de7000-7fe2f0deb000 r-xp 00000000 08:05 655487                     /tmp/lwjgllahtelat/6f5f8e99/libglfw.so
7fe2f0deb000-7fe2f0dff000 r-xp 00000000 00:00 0 
7fe2f0dff000-7fe2f0ffe000 ---p 00018000 08:05 655487                     /tmp/lwjgllahtelat/6f5f8e99/libglfw.so
7fe2f0ffe000-7fe2f0fff000 rw-p 0000d000 08:05 655487                     /tmp/lwjgllahtelat/6f5f8e99/libglfw.so
7fe2f0fff000-7fe2f1200000 rw-p 00000000 00:00 0 
7fe2f1204000-7fe2f1235000 rw-p 00000000 00:00 0 
7fe2f1242000-7fe2f1252000 rw-s 00000000 00:05 424963                     /drm mm object (deleted)
7fe2f1252000-7fe2f125a000 rw-s 00000000 00:05 421882                     /drm mm object (deleted)
7fe2f125a000-7fe2f1280000 rw-p 00000000 00:00 0 
7fe2f1280000-7fe2f1283000 r-xp 00000000 08:05 655486                     /tmp/lwjgllahtelat/6f5f8e99/libjemalloc.so
7fe2f1283000-7fe2f12bf000 r-xp 00000000 00:00 0 
7fe2f12bf000-7fe2f14be000 ---p 0003f000 08:05 655486                     /tmp/lwjgllahtelat/6f5f8e99/libjemalloc.so
7fe2f14be000-7fe2f14c0000 r--p 0001c000 08:05 655486                     /tmp/lwjgllahtelat/6f5f8e99/libjemalloc.so
7fe2f14c0000-7fe2f14c1000 rw-p 0001e000 08:05 655486                     /tmp/lwjgllahtelat/6f5f8e99/libjemalloc.so
7fe2f14c1000-7fe2f14c2000 rw-p 00000000 00:00 0 
7fe2f14c2000-7fe2f14cf000 r-xp 00000000 08:05 655408                     /tmp/lwjgllahtelat/6f5f8e99/liblwjgl.so
7fe2f14cf000-7fe2f1523000 r-xp 00000000 00:00 0 
7fe2f1523000-7fe2f1722000 ---p 00061000 08:05 655408                     /tmp/lwjgllahtelat/6f5f8e99/liblwjgl.so
7fe2f1722000-7fe2f1724000 rw-p 00033000 08:05 655408                     /tmp/lwjgllahtelat/6f5f8e99/liblwjgl.so
7fe2f1724000-7fe2f1725000 rw-p 00000000 00:00 0 
7fe2f1725000-7fe2f1740000 r--s 001e6000 08:07 3146606                    /home/lahtelat/.m2/repository/org/lwjgl/lwjgl/3.0.0b/lwjgl-3.0.0b.jar
7fe2f1740000-7fe2f1741000 ---p 00000000 00:00 0 
7fe2f1741000-7fe2f1841000 rw-p 00000000 00:00 0                          [stack:3690]
7fe2f1841000-7fe2f1844000 ---p 00000000 00:00 0 
7fe2f1844000-7fe2f1942000 rw-p 00000000 00:00 0                          [stack:3689]
7fe2f1942000-7fe2f1945000 ---p 00000000 00:00 0 
7fe2f1945000-7fe2f1a43000 rw-p 00000000 00:00 0                          [stack:3688]
7fe2f1a43000-7fe2f1a46000 ---p 00000000 00:00 0 
7fe2f1a46000-7fe2f1b44000 rw-p 00000000 00:00 0                          [stack:3687]
7fe2f1b44000-7fe2f1b47000 ---p 00000000 00:00 0 
7fe2f1b47000-7fe2f1c45000 rw-p 00000000 00:00 0                          [stack:3686]
7fe2f1c45000-7fe2f2170000 r--p 00000000 08:05 1179799                    /usr/lib/locale/locale-archive
7fe2f2170000-7fe2f2173000 ---p 00000000 00:00 0 
7fe2f2173000-7fe2f2271000 rw-p 00000000 00:00 0                          [stack:3685]
7fe2f2271000-7fe2f2274000 ---p 00000000 00:00 0 
7fe2f2274000-7fe2f2372000 rw-p 00000000 00:00 0                          [stack:3684]
7fe2f2372000-7fe2f2373000 ---p 00000000 00:00 0 
7fe2f2373000-7fe2f344f000 rw-p 00000000 00:00 0                          [stack:3683]
7fe2f344f000-7fe2f3601000 r--s 01d2e000 08:05 1183336                    /usr/lib/jvm/java-7-openjdk-amd64/jre/lib/rt.jar
7fe2f3601000-7fe2f3afc000 rw-p 00000000 00:00 0 
7fe2f3afc000-7fe2f3afd000 ---p 00000000 00:00 0 
7fe2f3afd000-7fe2f3bfd000 rw-p 00000000 00:00 0                          [stack:3682]
7fe2f3bfd000-7fe2f3bfe000 ---p 00000000 00:00 0 
7fe2f3bfe000-7fe2f3cfe000 rw-p 00000000 00:00 0                          [stack:3681]
7fe2f3cfe000-7fe2f3cff000 ---p 00000000 00:00 0 
7fe2f3cff000-7fe2f3dff000 rw-p 00000000 00:00 0                          [stack:3680]
7fe2f3dff000-7fe2f3e00000 ---p 00000000 00:00 0 
7fe2f3e00000-7fe2f3f29000 rw-p 00000000 00:00 0                          [stack:3679]
7fe2f3f29000-7fe2f4190000 rw-p 00000000 00:00 0 
7fe2f4190000-7fe2f419b000 rw-p 00000000 00:00 0 
7fe2f419b000-7fe2f41e3000 rw-p 00000000 00:00 0 
7fe2f41e3000-7fe2f420c000 rw-p 00000000 00:00 0 
7fe2f420c000-7fe2f4472000 rw-p 00000000 00:00 0 
7fe2f4472000-7fe2f4487000 rw-p 00000000 00:00 0 
7fe2f4487000-7fe2f45ba000 rw-p 00000000 00:00 0 
7fe2f45ba000-7fe2f45bb000 rw-p 00000000 00:00 0 
7fe2f45bb000-7fe2f482b000 rwxp 00000000 00:00 0 
7fe2f482b000-7fe2f75bb000 rw-p 00000000 00:00 0 
7fe2f75bb000-7fe2f75c3000 r-xp 00000000 08:05 1183349                    /usr/lib/jvm/java-7-openjdk-amd64/jre/lib/amd64/libzip.so
7fe2f75c3000-7fe2f77c2000 ---p 00008000 08:05 1183349                    /usr/lib/jvm/java-7-openjdk-amd64/jre/lib/amd64/libzip.so
7fe2f77c2000-7fe2f77c3000 r--p 00007000 08:05 1183349                    /usr/lib/jvm/java-7-openjdk-amd64/jre/lib/amd64/libzip.so
7fe2f77c3000-7fe2f77c4000 rw-p 00008000 08:05 1183349                    /usr/lib/jvm/java-7-openjdk-amd64/jre/lib/amd64/libzip.so
7fe2f77c4000-7fe2f77cf000 r-xp 00000000 08:05 528525                     /lib/x86_64-linux-gnu/libnss_files-2.19.so
7fe2f77cf000-7fe2f79ce000 ---p 0000b000 08:05 528525                     /lib/x86_64-linux-gnu/libnss_files-2.19.so
7fe2f79ce000-7fe2f79cf000 r--p 0000a000 08:05 528525                     /lib/x86_64-linux-gnu/libnss_files-2.19.so
7fe2f79cf000-7fe2f79d0000 rw-p 0000b000 08:05 528525                     /lib/x86_64-linux-gnu/libnss_files-2.19.so
7fe2f79d0000-7fe2f79db000 r-xp 00000000 08:05 528545                     /lib/x86_64-linux-gnu/libnss_nis-2.19.so
7fe2f79db000-7fe2f7bda000 ---p 0000b000 08:05 528545                     /lib/x86_64-linux-gnu/libnss_nis-2.19.so
7fe2f7bda000-7fe2f7bdb000 r--p 0000a000 08:05 528545                     /lib/x86_64-linux-gnu/libnss_nis-2.19.so
7fe2f7bdb000-7fe2f7bdc000 rw-p 0000b000 08:05 528545                     /lib/x86_64-linux-gnu/libnss_nis-2.19.so
7fe2f7bdc000-7fe2f7bf3000 r-xp 00000000 08:05 528534                     /lib/x86_64-linux-gnu/libnsl-2.19.so
7fe2f7bf3000-7fe2f7df2000 ---p 00017000 08:05 528534                     /lib/x86_64-linux-gnu/libnsl-2.19.so
7fe2f7df2000-7fe2f7df3000 r--p 00016000 08:05 528534                     /lib/x86_64-linux-gnu/libnsl-2.19.so
7fe2f7df3000-7fe2f7df4000 rw-p 00017000 08:05 528534                     /lib/x86_64-linux-gnu/libnsl-2.19.so
7fe2f7df4000-7fe2f7df6000 rw-p 00000000 00:00 0 
7fe2f7df6000-7fe2f7dff000 r-xp 00000000 08:05 528533                     /lib/x86_64-linux-gnu/libnss_compat-2.19.so
7fe2f7dff000-7fe2f7ffe000 ---p 00009000 08:05 528533                     /lib/x86_64-linux-gnu/libnss_compat-2.19.so
7fe2f7ffe000-7fe2f7fff000 r--p 00008000 08:05 528533                     /lib/x86_64-linux-gnu/libnss_compat-2.19.so
7fe2f7fff000-7fe2f8000000 rw-p 00009000 08:05 528533                     /lib/x86_64-linux-gnu/libnss_compat-2.19.so
7fe2f8000000-7fe2f90b4000 rw-p 00000000 00:00 0 
7fe2f90b4000-7fe2fc000000 ---p 00000000 00:00 0 
7fe2fc004000-7fe2fc005000 rw-p 00000000 00:00 0 
7fe2fc005000-7fe2fc007000 rwxp 00000000 00:00 0 
7fe2fc007000-7fe2fc008000 rw-s 103365000 00:06 10475                     /dev/dri/card0
7fe2fc008000-7fe2fc009000 rw-s 1032c4000 00:06 10475                     /dev/dri/card0
7fe2fc009000-7fe2fc087000 rw-p 00000000 00:00 0 
7fe2fc087000-7fe2fc0cf000 rw-p 00000000 00:00 0 
7fe2fc0cf000-7fe2fc0fa000 r-xp 00000000 08:05 1183357                    /usr/lib/jvm/java-7-openjdk-amd64/jre/lib/amd64/libjava.so
7fe2fc0fa000-7fe2fc2fa000 ---p 0002b000 08:05 1183357                    /usr/lib/jvm/java-7-openjdk-amd64/jre/lib/amd64/libjava.so
7fe2fc2fa000-7fe2fc2fb000 r--p 0002b000 08:05 1183357                    /usr/lib/jvm/java-7-openjdk-amd64/jre/lib/amd64/libjava.so
7fe2fc2fb000-7fe2fc2fd000 rw-p 0002c000 08:05 1183357                    /usr/lib/jvm/java-7-openjdk-amd64/jre/lib/amd64/libjava.so
7fe2fc2fd000-7fe2fc30d000 r-xp 00000000 08:05 1183371                    /usr/lib/jvm/java-7-openjdk-amd64/jre/lib/amd64/libverify.so
7fe2fc30d000-7fe2fc50c000 ---p 00010000 08:05 1183371                    /usr/lib/jvm/java-7-openjdk-amd64/jre/lib/amd64/libverify.so
7fe2fc50c000-7fe2fc50e000 r--p 0000f000 08:05 1183371                    /usr/lib/jvm/java-7-openjdk-amd64/jre/lib/amd64/libverify.so
7fe2fc50e000-7fe2fc50f000 rw-p 00011000 08:05 1183371                    /usr/lib/jvm/java-7-openjdk-amd64/jre/lib/amd64/libverify.so
7fe2fc50f000-7fe2fc516000 r-xp 00000000 08:05 528542                     /lib/x86_64-linux-gnu/librt-2.19.so
7fe2fc516000-7fe2fc715000 ---p 00007000 08:05 528542                     /lib/x86_64-linux-gnu/librt-2.19.so
7fe2fc715000-7fe2fc716000 r--p 00006000 08:05 528542                     /lib/x86_64-linux-gnu/librt-2.19.so
7fe2fc716000-7fe2fc717000 rw-p 00007000 08:05 528542                     /lib/x86_64-linux-gnu/librt-2.19.so
7fe2fc717000-7fe2fc72d000 r-xp 00000000 08:05 525956                     /lib/x86_64-linux-gnu/libgcc_s.so.1
7fe2fc72d000-7fe2fc92c000 ---p 00016000 08:05 525956                     /lib/x86_64-linux-gnu/libgcc_s.so.1
7fe2fc92c000-7fe2fc92d000 rw-p 00015000 08:05 525956                     /lib/x86_64-linux-gnu/libgcc_s.so.1
7fe2fc92d000-7fe2fca32000 r-xp 00000000 08:05 528524                     /lib/x86_64-linux-gnu/libm-2.19.so
7fe2fca32000-7fe2fcc31000 ---p 00105000 08:05 528524                     /lib/x86_64-linux-gnu/libm-2.19.so
7fe2fcc31000-7fe2fcc32000 r--p 00104000 08:05 528524                     /lib/x86_64-linux-gnu/libm-2.19.so
7fe2fcc32000-7fe2fcc33000 rw-p 00105000 08:05 528524                     /lib/x86_64-linux-gnu/libm-2.19.so
7fe2fcc33000-7fe2fcd19000 r-xp 00000000 08:05 1181532                    /usr/lib/x86_64-linux-gnu/libstdc++.so.6.0.19
7fe2fcd19000-7fe2fcf18000 ---p 000e6000 08:05 1181532                    /usr/lib/x86_64-linux-gnu/libstdc++.so.6.0.19
7fe2fcf18000-7fe2fcf20000 r--p 000e5000 08:05 1181532                    /usr/lib/x86_64-linux-gnu/libstdc++.so.6.0.19
7fe2fcf20000-7fe2fcf22000 rw-p 000ed000 08:05 1181532                    /usr/lib/x86_64-linux-gnu/libstdc++.so.6.0.19
7fe2fcf22000-7fe2fcf37000 rw-p 00000000 00:00 0 
7fe2fcf37000-7fe2fda5b000 r-xp 00000000 08:05 1183363                    /usr/lib/jvm/java-7-openjdk-amd64/jre/lib/amd64/server/libjvm.so
7fe2fda5b000-7fe2fdc5b000 ---p 00b24000 08:05 1183363                    /usr/lib/jvm/java-7-openjdk-amd64/jre/lib/amd64/server/libjvm.so
7fe2fdc5b000-7fe2fdcf5000 r--p 00b24000 08:05 1183363                    /usr/lib/jvm/java-7-openjdk-amd64/jre/lib/amd64/server/libjvm.so
7fe2fdcf5000-7fe2fdd18000 rw-p 00bbe000 08:05 1183363                    /usr/lib/jvm/java-7-openjdk-amd64/jre/lib/amd64/server/libjvm.so
7fe2fdd18000-7fe2fdd46000 rw-p 00000000 00:00 0 
7fe2fdd46000-7fe2fdd5e000 r-xp 00000000 08:05 524534                     /lib/x86_64-linux-gnu/libz.so.1.2.8
7fe2fdd5e000-7fe2fdf5d000 ---p 00018000 08:05 524534                     /lib/x86_64-linux-gnu/libz.so.1.2.8
7fe2fdf5d000-7fe2fdf5e000 r--p 00017000 08:05 524534                     /lib/x86_64-linux-gnu/libz.so.1.2.8
7fe2fdf5e000-7fe2fdf5f000 rw-p 00018000 08:05 524534                     /lib/x86_64-linux-gnu/libz.so.1.2.8
7fe2fdf5f000-7fe2fdf78000 r-xp 00000000 08:05 528540                     /lib/x86_64-linux-gnu/libpthread-2.19.so
7fe2fdf78000-7fe2fe177000 ---p 00019000 08:05 528540                     /lib/x86_64-linux-gnu/libpthread-2.19.so
7fe2fe177000-7fe2fe178000 r--p 00018000 08:05 528540                     /lib/x86_64-linux-gnu/libpthread-2.19.so
7fe2fe178000-7fe2fe179000 rw-p 00019000 08:05 528540                     /lib/x86_64-linux-gnu/libpthread-2.19.so
7fe2fe179000-7fe2fe17d000 rw-p 00000000 00:00 0 
7fe2fe17d000-7fe2fe180000 r-xp 00000000 08:05 528528                     /lib/x86_64-linux-gnu/libdl-2.19.so
7fe2fe180000-7fe2fe37f000 ---p 00003000 08:05 528528                     /lib/x86_64-linux-gnu/libdl-2.19.so
7fe2fe37f000-7fe2fe380000 r--p 00002000 08:05 528528                     /lib/x86_64-linux-gnu/libdl-2.19.so
7fe2fe380000-7fe2fe381000 rw-p 00003000 08:05 528528                     /lib/x86_64-linux-gnu/libdl-2.19.so
7fe2fe381000-7fe2fe53c000 r-xp 00000000 08:05 528539                     /lib/x86_64-linux-gnu/libc-2.19.so
7fe2fe53c000-7fe2fe73b000 ---p 001bb000 08:05 528539                     /lib/x86_64-linux-gnu/libc-2.19.so
7fe2fe73b000-7fe2fe73f000 r--p 001ba000 08:05 528539                     /lib/x86_64-linux-gnu/libc-2.19.so
7fe2fe73f000-7fe2fe741000 rw-p 001be000 08:05 528539                     /lib/x86_64-linux-gnu/libc-2.19.so
7fe2fe741000-7fe2fe746000 rw-p 00000000 00:00 0 
7fe2fe746000-7fe2fe753000 r-xp 00000000 08:05 1183372                    /usr/lib/jvm/java-7-openjdk-amd64/jre/lib/amd64/jli/libjli.so
7fe2fe753000-7fe2fe952000 ---p 0000d000 08:05 1183372                    /usr/lib/jvm/java-7-openjdk-amd64/jre/lib/amd64/jli/libjli.so
7fe2fe952000-7fe2fe953000 r--p 0000c000 08:05 1183372                    /usr/lib/jvm/java-7-openjdk-amd64/jre/lib/amd64/jli/libjli.so
7fe2fe953000-7fe2fe954000 rw-p 0000d000 08:05 1183372                    /usr/lib/jvm/java-7-openjdk-amd64/jre/lib/amd64/jli/libjli.so
7fe2fe954000-7fe2fe977000 r-xp 00000000 08:05 528536                     /lib/x86_64-linux-gnu/ld-2.19.so
7fe2fe977000-7fe2fe97f000 rw-s 00000000 00:05 421869                     /drm mm object (deleted)
7fe2fe97f000-7fe2fe986000 r--s 00000000 08:05 1182857                    /usr/lib/x86_64-linux-gnu/gconv/gconv-modules.cache
7fe2fe986000-7fe2fe987000 r--p 00000000 08:05 2097571                    /usr/share/locale-langpack/en_GB/LC_MESSAGES/libc.mo
7fe2fe987000-7fe2fe98c000 r--s 0004e000 08:05 1183386                    /usr/lib/jvm/java-7-openjdk-amd64/jre/lib/jsse.jar
7fe2fe98c000-7fe2fe98d000 r--s 000f9000 08:07 3146689                    /home/lahtelat/.m2/repository/org/lwjgl/lwjgl-platform/3.0.0b/lwjgl-platform-3.0.0b-natives-linux.jar
7fe2fe98d000-7fe2fe98e000 r--s 00076000 08:07 3146688                    /home/lahtelat/.m2/repository/org/lwjgl/lwjgl-platform/3.0.0b/lwjgl-platform-3.0.0b-natives-osx.jar
7fe2fe98e000-7fe2fe98f000 r--s 00149000 08:07 3146687                    /home/lahtelat/.m2/repository/org/lwjgl/lwjgl-platform/3.0.0b/lwjgl-platform-3.0.0b-natives-windows.jar
7fe2fe98f000-7fe2fe990000 r--s 0002c000 08:07 3277438                    /home/lahtelat/.m2/repository/org/joml/joml/1.6.8/joml-1.6.8.jar
7fe2fe990000-7fe2fe991000 r--s 00002000 08:05 1183331                    /usr/lib/jvm/java-7-openjdk-amd64/jre/lib/ext/dnsns.jar
7fe2fe991000-7fe2fe99b000 rw-p 00000000 00:00 0 
7fe2fe99b000-7fe2fea51000 rw-p 00000000 00:00 0 
7fe2fea51000-7fe2fea54000 ---p 00000000 00:00 0 
7fe2fea54000-7fe2feb57000 rw-p 00000000 00:00 0                          [stack:3678]
7fe2feb57000-7fe2feb5b000 r--s 00085000 08:05 1183327                    /usr/lib/jvm/java-7-openjdk-amd64/jre/lib/ext/localedata.jar
7fe2feb5b000-7fe2feb5d000 r--s 00012000 08:05 1183326                    /usr/lib/jvm/java-7-openjdk-amd64/jre/lib/ext/zipfs.jar
7fe2feb5d000-7fe2feb60000 r--s 0000f000 08:05 1183328                    /usr/lib/jvm/java-7-openjdk-amd64/jre/lib/ext/icedtea-sound.jar
7fe2feb60000-7fe2feb64000 r--s 00034000 08:05 1183329                    /usr/lib/jvm/java-7-openjdk-amd64/jre/lib/ext/sunjce_provider.jar
7fe2feb64000-7fe2feb66000 r--s 00006000 08:05 2252021                    /usr/share/java/java-atk-wrapper.jar
7fe2feb66000-7fe2feb6a000 r--s 0003c000 08:05 1183330                    /usr/lib/jvm/java-7-openjdk-amd64/jre/lib/ext/sunpkcs11.jar
7fe2feb6a000-7fe2feb72000 rw-s 00000000 08:05 655489                     /tmp/hsperfdata_lahtelat/3674
7fe2feb72000-7fe2feb73000 rw-p 00000000 00:00 0 
7fe2feb73000-7fe2feb74000 r--p 00000000 00:00 0 
7fe2feb74000-7fe2feb76000 rw-p 00000000 00:00 0 
7fe2feb76000-7fe2feb77000 r--p 00022000 08:05 528536                     /lib/x86_64-linux-gnu/ld-2.19.so
7fe2feb77000-7fe2feb78000 rw-p 00023000 08:05 528536                     /lib/x86_64-linux-gnu/ld-2.19.so
7fe2feb78000-7fe2feb79000 rw-p 00000000 00:00 0 
7ffe21db4000-7ffe21dd5000 rw-p 00000000 00:00 0                          [stack]
7ffe21dd7000-7ffe21dd9000 r--p 00000000 00:00 0                          [vvar]
7ffe21dd9000-7ffe21ddb000 r-xp 00000000 00:00 0                          [vdso]
ffffffffff600000-ffffffffff601000 r-xp 00000000 00:00 0                  [vsyscall]

VM Arguments:
java_command: com.goodgames.ponggame.Main
Launcher Type: SUN_STANDARD

Environment Variables:
JAVA_HOME=/usr/lib/jvm/default-java
PATH=/bin:/usr/local/sbin:/usr/local/bin:/usr/sbin:/usr/bin:/sbin:/bin:/usr/games:/usr/local/games
LD_LIBRARY_PATH=/usr/lib/jvm/default-java/jre/lib/amd64:/usr/lib/jvm/default-java/jre/lib/i386:
SHELL=/bin/bash
DISPLAY=:0

Signal Handlers:
SIGSEGV: [libjvm.so+0x9548f0], sa_mask[0]=0x7ffbfeff, sa_flags=0x10000004
SIGBUS: [libjvm.so+0x9548f0], sa_mask[0]=0x7ffbfeff, sa_flags=0x10000004
SIGFPE: [libjvm.so+0x7cb0b0], sa_mask[0]=0x7ffbfeff, sa_flags=0x10000004
SIGPIPE: [libjvm.so+0x7cb0b0], sa_mask[0]=0x7ffbfeff, sa_flags=0x10000004
SIGXFSZ: [libjvm.so+0x7cb0b0], sa_mask[0]=0x7ffbfeff, sa_flags=0x10000004
SIGILL: [libjvm.so+0x7cb0b0], sa_mask[0]=0x7ffbfeff, sa_flags=0x10000004
SIGUSR1: SIG_DFL, sa_mask[0]=0x00000000, sa_flags=0x00000000
SIGUSR2: [libjvm.so+0x7caf50], sa_mask[0]=0x00000004, sa_flags=0x10000004
SIGHUP: [libjvm.so+0x7cb130], sa_mask[0]=0x7ffbfeff, sa_flags=0x10000004
SIGINT: SIG_IGN, sa_mask[0]=0x00000000, sa_flags=0x00000000
SIGTERM: [libjvm.so+0x7cb130], sa_mask[0]=0x7ffbfeff, sa_flags=0x10000004
SIGQUIT: [libjvm.so+0x7cb130], sa_mask[0]=0x7ffbfeff, sa_flags=0x10000004
SIGTRAP: SIG_DFL, sa_mask[0]=0x00000000, sa_flags=0x00000000


---------------  S Y S T E M  ---------------

OS:Ubuntu 14.04 (trusty)
uname:Linux 3.19.0-47-generic #53~14.04.1-Ubuntu SMP Mon Jan 18 16:09:14 UTC 2016 x86_64
libc:glibc 2.19 NPTL 2.19 
rlimit: STACK 8192k, CORE 0k, NPROC 31353, NOFILE 4096, AS infinity
load average:1.39 0.88 0.51

/proc/meminfo:
MemTotal:        8048044 kB
MemFree:         4075876 kB
MemAvailable:    5075520 kB
Buffers:          246044 kB
Cached:          1252856 kB
SwapCached:        30560 kB
Active:          2721460 kB
Inactive:         981824 kB
Active(anon):    1974440 kB
Inactive(anon):   631836 kB
Active(file):     747020 kB
Inactive(file):   349988 kB
Unevictable:          32 kB
Mlocked:              32 kB
SwapTotal:       4999164 kB
SwapFree:        4959568 kB
Dirty:               728 kB
Writeback:             0 kB
AnonPages:       2173896 kB
Mapped:           337636 kB
Shmem:            401888 kB
Slab:             177664 kB
SReclaimable:     143124 kB
SUnreclaim:        34540 kB
KernelStack:        8960 kB
PageTables:        33760 kB
NFS_Unstable:          0 kB
Bounce:                0 kB
WritebackTmp:          0 kB
CommitLimit:     9023184 kB
Committed_AS:    5708204 kB
VmallocTotal:   34359738367 kB
VmallocUsed:      561664 kB
VmallocChunk:   34359033212 kB
HardwareCorrupted:     0 kB
AnonHugePages:   1347584 kB
CmaTotal:              0 kB
CmaFree:               0 kB
HugePages_Total:       0
HugePages_Free:        0
HugePages_Rsvd:        0
HugePages_Surp:        0
Hugepagesize:       2048 kB
DirectMap4k:      103936 kB
DirectMap2M:     3962880 kB
DirectMap1G:     5242880 kB


CPU:total 4 (2 cores per cpu, 2 threads per core) family 6 model 61 stepping 4, cmov, cx8, fxsr, mmx, sse, sse2, sse3, ssse3, sse4.1, sse4.2, popcnt, avx, avx2, aes, erms, ht, tsc, tscinvbit

/proc/cpuinfo:
processor	: 0
vendor_id	: GenuineIntel
cpu family	: 6
model		: 61
model name	: Intel(R) Core(TM) i5-5300U CPU @ 2.30GHz
stepping	: 4
microcode	: 0x1f
cpu MHz		: 2699.984
cache size	: 3072 KB
physical id	: 0
siblings	: 4
core id		: 0
cpu cores	: 2
apicid		: 0
initial apicid	: 0
fpu		: yes
fpu_exception	: yes
cpuid level	: 20
wp		: yes
flags		: fpu vme de pse tsc msr pae mce cx8 apic sep mtrr pge mca cmov pat pse36 clflush dts acpi mmx fxsr sse sse2 ss ht tm pbe syscall nx pdpe1gb rdtscp lm constant_tsc arch_perfmon pebs bts rep_good nopl xtopology nonstop_tsc aperfmperf eagerfpu pni pclmulqdq dtes64 monitor ds_cpl vmx smx est tm2 ssse3 fma cx16 xtpr pdcm pcid sse4_1 sse4_2 x2apic movbe popcnt tsc_deadline_timer aes xsave avx f16c rdrand lahf_lm abm 3dnowprefetch ida arat epb pln pts dtherm tpr_shadow vnmi flexpriority ept vpid fsgsbase tsc_adjust bmi1 hle avx2 smep bmi2 erms invpcid rtm rdseed adx smap xsaveopt
bugs		:
bogomips	: 4589.46
clflush size	: 64
cache_alignment	: 64
address sizes	: 39 bits physical, 48 bits virtual
power management:

processor	: 1
vendor_id	: GenuineIntel
cpu family	: 6
model		: 61
model name	: Intel(R) Core(TM) i5-5300U CPU @ 2.30GHz
stepping	: 4
microcode	: 0x1f
cpu MHz		: 2699.984
cache size	: 3072 KB
physical id	: 0
siblings	: 4
core id		: 0
cpu cores	: 2
apicid		: 1
initial apicid	: 1
fpu		: yes
fpu_exception	: yes
cpuid level	: 20
wp		: yes
flags		: fpu vme de pse tsc msr pae mce cx8 apic sep mtrr pge mca cmov pat pse36 clflush dts acpi mmx fxsr sse sse2 ss ht tm pbe syscall nx pdpe1gb rdtscp lm constant_tsc arch_perfmon pebs bts rep_good nopl xtopology nonstop_tsc aperfmperf eagerfpu pni pclmulqdq dtes64 monitor ds_cpl vmx smx est tm2 ssse3 fma cx16 xtpr pdcm pcid sse4_1 sse4_2 x2apic movbe popcnt tsc_deadline_timer aes xsave avx f16c rdrand lahf_lm abm 3dnowprefetch ida arat epb pln pts dtherm tpr_shadow vnmi flexpriority ept vpid fsgsbase tsc_adjust bmi1 hle avx2 smep bmi2 erms invpcid rtm rdseed adx smap xsaveopt
bugs		:
bogomips	: 4589.46
clflush size	: 64
cache_alignment	: 64
address sizes	: 39 bits physical, 48 bits virtual
power management:

processor	: 2
vendor_id	: GenuineIntel
cpu family	: 6
model		: 61
model name	: Intel(R) Core(TM) i5-5300U CPU @ 2.30GHz
stepping	: 4
microcode	: 0x1f
cpu MHz		: 2885.691
cache size	: 3072 KB
physical id	: 0
siblings	: 4
core id		: 1
cpu cores	: 2
apicid		: 2
initial apicid	: 2
fpu		: yes
fpu_exception	: yes
cpuid level	: 20
wp		: yes
flags		: fpu vme de pse tsc msr pae mce cx8 apic sep mtrr pge mca cmov pat pse36 clflush dts acpi mmx fxsr sse sse2 ss ht tm pbe syscall nx pdpe1gb rdtscp lm constant_tsc arch_perfmon pebs bts rep_good nopl xtopology nonstop_tsc aperfmperf eagerfpu pni pclmulqdq dtes64 monitor ds_cpl vmx smx est tm2 ssse3 fma cx16 xtpr pdcm pcid sse4_1 sse4_2 x2apic movbe popcnt tsc_deadline_timer aes xsave avx f16c rdrand lahf_lm abm 3dnowprefetch ida arat epb pln pts dtherm tpr_shadow vnmi flexpriority ept vpid fsgsbase tsc_adjust bmi1 hle avx2 smep bmi2 erms invpcid rtm rdseed adx smap xsaveopt
bugs		:
bogomips	: 4589.46
clflush size	: 64
cache_alignment	: 64
address sizes	: 39 bits physical, 48 bits virtual
power management:

processor	: 3
vendor_id	: GenuineIntel
cpu family	: 6
model		: 61
model name	: Intel(R) Core(TM) i5-5300U CPU @ 2.30GHz
stepping	: 4
microcode	: 0x1f
cpu MHz		: 2784.796
cache size	: 3072 KB
physical id	: 0
siblings	: 4
core id		: 1
cpu cores	: 2
apicid		: 3
initial apicid	: 3
fpu		: yes
fpu_exception	: yes
cpuid level	: 20
wp		: yes
flags		: fpu vme de pse tsc msr pae mce cx8 apic sep mtrr pge mca cmov pat pse36 clflush dts acpi mmx fxsr sse sse2 ss ht tm pbe syscall nx pdpe1gb rdtscp lm constant_tsc arch_perfmon pebs bts rep_good nopl xtopology nonstop_tsc aperfmperf eagerfpu pni pclmulqdq dtes64 monitor ds_cpl vmx smx est tm2 ssse3 fma cx16 xtpr pdcm pcid sse4_1 sse4_2 x2apic movbe popcnt tsc_deadline_timer aes xsave avx f16c rdrand lahf_lm abm 3dnowprefetch ida arat epb pln pts dtherm tpr_shadow vnmi flexpriority ept vpid fsgsbase tsc_adjust bmi1 hle avx2 smep bmi2 erms invpcid rtm rdseed adx smap xsaveopt
bugs		:
bogomips	: 4589.46
clflush size	: 64
cache_alignment	: 64
address sizes	: 39 bits physical, 48 bits virtual
power management:



Memory: 4k page, physical 8048044k(4075876k free), swap 4999164k(4959568k free)

vm_info: OpenJDK 64-Bit Server VM (24.91-b01) for linux-amd64 JRE (1.7.0_91-b02), built on Nov 19 2015 06:14:37 by "buildd" with gcc 4.8.2

time: Sun Jan 24 23:51:51 2016
elapsed time: 1 seconds

