#
# A fatal error has been detected by the Java Runtime Environment:
#
#  SIGSEGV (0xb) at pc=0x00007effab03fff0, pid=14382, tid=139636558497536
#
# JRE version: OpenJDK Runtime Environment (7.0_91-b02) (build 1.7.0_91-b02)
# Java VM: OpenJDK 64-Bit Server VM (24.91-b01 mixed mode linux-amd64 compressed oops)
# Derivative: IcedTea 2.6.3
# Distribution: Ubuntu 14.04 LTS, package 7u91-2.6.3-0ubuntu0.14.04.1
# Problematic frame:
# C  [libc.so.6+0x97ff0]
#
# Failed to write core dump. Core dumps have been disabled. To enable core dumping, try "ulimit -c unlimited" before starting Java again
#
# If you would like to submit a bug report, please include
# instructions on how to reproduce the bug and visit:
#   http://icedtea.classpath.org/bugzilla
# The crash happened outside the Java Virtual Machine in native code.
# See problematic frame for where to report the bug.
#

---------------  T H R E A D  ---------------

Current thread (0x00007effa400a000):  JavaThread "main" [_thread_in_native, id=14386, stack(0x00007effab678000,0x00007effab779000)]

siginfo:si_signo=SIGSEGV: si_errno=0, si_code=1 (SEGV_MAPERR), si_addr=0x0000000000000000

Registers:
RAX=0xffff8100764dae50, RBX=0x0000000000000000, RCX=0x0000000000000360, RDX=0x00000000000001b0
RSP=0x00007effab7772f8, RBP=0x0000000000000023, RSI=0x0000000000000000, RDI=0x00007eff89b25000
R8 =0x00007eff89bf8eb0, R9 =0x00007eff89b25000, R10=0x0000000000000000, R11=0x0000000000000246
R12=0x00000000000001b0, R13=0x000000000000000c, R14=0x00007eff89bf8ea8, R15=0x000000000000000c
RIP=0x00007effab03fff0, EFLAGS=0x0000000000010206, CSGSFS=0x0000000000000033, ERR=0x0000000000000004
  TRAPNO=0x000000000000000e

Top of Stack: (sp=0x00007effab7772f8)
0x00007effab7772f8:   00007eff693cda76 00007effa100ecd8
0x00007effab777308:   0000002489bd5038 00007effa4691e40
0x00007effab777318:   00007eff89bf8eb0 00007eff89bd5038
0x00007effab777328:   00007effab777380 00007eff89bf8da8
0x00007effab777338:   0000000000000000 0000000000000000
0x00007effab777348:   00007eff693ce2f4 00007effa100ecd8
0x00007effab777358:   00007eff00000001 0000002300000000
0x00007effab777368:   0000000000000000 00007effa4691c20
0x00007effab777378:   0000002300000001 00007eff89bf8da8
0x00007effab777388:   00007effab777490 0000000000000003
0x00007effab777398:   0000000100000001 00007effab777410
0x00007effab7773a8:   0000000000000001 00007effa4691c20
0x00007effab7773b8:   0000000000000000 0000000000000000
0x00007effab7773c8:   0000000000000001 00007eff89bd5038
0x00007effab7773d8:   00007eff6947580c 0000000800000000
0x00007effab7773e8:   0000000700000000 0000000700000001
0x00007effab7773f8:   0000000000000320 00007eff00000258
0x00007effab777408:   00007eff00000001 0000000000000000
0x00007effab777418:   00007eff00000000 000000016983ece8
0x00007effab777428:   00007eff00000001 0000000100000000
0x00007effab777438:   00007effa469f910 00007eff89bd5038
0x00007effab777448:   00007effa469f910 0000000000000001
0x00007effab777458:   0000000000000320 0000000000000258
0x00007effab777468:   00007effa4691c20 00007eff89bd5038
0x00007effab777478:   00007eff6942fd7c 00007eff00000001
0x00007effab777488:   00007eff00000001 0000000000000320
0x00007effab777498:   00007eff89bd5038 00007eff89bfa138
0x00007effab7774a8:   0000000000000036 0000000000000078
0x00007effab7774b8:   00007effab777610 00007eff6983ece8
0x00007effab7774c8:   00007eff69476c8c 0000032000000000
0x00007effab7774d8:   00007eff89bd5038 00007eff89bfa138
0x00007effab7774e8:   0000000000000036 00007eff6983ece8 

Instructions: (pc=0x00007effab03fff0)
0x00007effab03ffd0:   48 89 f0 48 8d 0c 12 48 29 f8 48 29 d0 48 39 c8
0x00007effab03ffe0:   0f 82 07 01 00 00 48 83 fa 10 0f 86 8b 01 00 00
0x00007effab03fff0:   f3 44 0f 6f 06 48 83 fa 20 f3 44 0f 7f 07 f3 44
0x00007effab040000:   0f 6f 44 16 f0 f3 44 0f 7f 44 17 f0 77 12 48 89 

Register to memory mapping:

RAX=0xffff8100764dae50 is an unknown value
RBX=0x0000000000000000 is an unknown value
RCX=0x0000000000000360 is an unknown value
RDX=0x00000000000001b0 is an unknown value
RSP=0x00007effab7772f8 is pointing into the stack for thread: 0x00007effa400a000
RBP=0x0000000000000023 is an unknown value
RSI=0x0000000000000000 is an unknown value
RDI=0x00007eff89b25000 is an unknown value
R8 =0x00007eff89bf8eb0 is an unknown value
R9 =0x00007eff89b25000 is an unknown value
R10=0x0000000000000000 is an unknown value
R11=0x0000000000000246 is an unknown value
R12=0x00000000000001b0 is an unknown value
R13=0x000000000000000c is an unknown value
R14=0x00007eff89bf8ea8 is an unknown value
R15=0x000000000000000c is an unknown value


Stack: [0x00007effab678000,0x00007effab779000],  sp=0x00007effab7772f8,  free space=1020k
Native frames: (J=compiled Java code, j=interpreted, Vv=VM code, C=native code)
C  [libc.so.6+0x97ff0]

Java frames: (J=compiled Java code, j=interpreted, Vv=VM code)
j  org.lwjgl.system.JNI.callIIIV(JIII)V+0
j  org.lwjgl.opengl.GL11.glDrawArrays(III)V+11
j  com.goodgames.ponggame.gameobjects.Bat.render()V+122
j  com.goodgames.ponggame.Game.render()V+4
j  com.goodgames.ponggame.GameWindow.render()V+17
j  com.goodgames.ponggame.GameWindow.run()V+15
j  com.goodgames.ponggame.GameWindow.startGame()V+19
j  com.goodgames.ponggame.Main.main([Ljava/lang/String;)V+7
v  ~StubRoutines::call_stub

---------------  P R O C E S S  ---------------

Java Threads: ( => current thread )
  0x00007effa40af800 JavaThread "Service Thread" daemon [_thread_blocked, id=14397, stack(0x00007eff8a1bc000,0x00007eff8a2bd000)]
  0x00007effa40ad000 JavaThread "C2 CompilerThread1" daemon [_thread_blocked, id=14396, stack(0x00007eff8a2bd000,0x00007eff8a3be000)]
  0x00007effa40aa000 JavaThread "C2 CompilerThread0" daemon [_thread_blocked, id=14395, stack(0x00007eff8a3be000,0x00007eff8a4bf000)]
  0x00007effa40a8000 JavaThread "Signal Dispatcher" daemon [_thread_blocked, id=14394, stack(0x00007eff8a4bf000,0x00007eff8a5c0000)]
  0x00007effa407c000 JavaThread "Finalizer" daemon [_thread_blocked, id=14393, stack(0x00007eff8aaeb000,0x00007eff8abec000)]
  0x00007effa407a000 JavaThread "Reference Handler" daemon [_thread_blocked, id=14392, stack(0x00007eff8abec000,0x00007eff8aced000)]
=>0x00007effa400a000 JavaThread "main" [_thread_in_native, id=14386, stack(0x00007effab678000,0x00007effab779000)]

Other Threads:
  0x00007effa4075800 VMThread [stack: 0x00007eff8aced000,0x00007eff8adee000] [id=14391]
  0x00007effa40ba000 WatcherThread [stack: 0x00007eff8a0bb000,0x00007eff8a1bc000] [id=14398]

VM state:not at safepoint (normal execution)

VM Mutex/Monitor currently owned by a thread: None

Heap
 PSYoungGen      total 36864K, used 13853K [0x00000007d7080000, 0x00000007d9980000, 0x0000000800000000)
  eden space 31744K, 43% used [0x00000007d7080000,0x00000007d7e07610,0x00000007d8f80000)
  from space 5120K, 0% used [0x00000007d9480000,0x00000007d9480000,0x00000007d9980000)
  to   space 5120K, 0% used [0x00000007d8f80000,0x00000007d8f80000,0x00000007d9480000)
 ParOldGen       total 83456K, used 0K [0x0000000785200000, 0x000000078a380000, 0x00000007d7080000)
  object space 83456K, 0% used [0x0000000785200000,0x0000000785200000,0x000000078a380000)
 PSPermGen       total 21504K, used 8855K [0x000000077ac00000, 0x000000077c100000, 0x0000000785200000)
  object space 21504K, 41% used [0x000000077ac00000,0x000000077b4a5da8,0x000000077c100000)

Card table byte_map: [0x00007effa0bd5000,0x00007effa1000000] byte_map_base: 0x00007eff9cfff000

Polling page: 0x00007effab79a000

Code Cache  [0x00007effa1000000, 0x00007effa1270000, 0x00007effa4000000)
 total_blobs=670 nmethods=29 adapters=595 free_code_cache=48484Kb largest_free_block=49645504

Compilation events (10 events):
Event: 1.036 Thread 0x00007effa40aa000 nmethod 24 0x00007effa1091fd0 code [0x00007effa1092120, 0x00007effa10923b8]
Event: 1.043 Thread 0x00007effa40ad000 nmethod 25 0x00007effa1095490 code [0x00007effa1095660, 0x00007effa1095ee8]
Event: 1.044 Thread 0x00007effa40aa000   26             java.lang.String::length (6 bytes)
Event: 1.044 Thread 0x00007effa40aa000 nmethod 26 0x00007effa1096b90 code [0x00007effa1096cc0, 0x00007effa1096d38]
Event: 1.057 Thread 0x00007effa40ad000   27             java.lang.Math::min (11 bytes)
Event: 1.057 Thread 0x00007effa40ad000 nmethod 27 0x00007effa1065910 code [0x00007effa1065a40, 0x00007effa1065a78]
Event: 1.116 Thread 0x00007effa40aa000   28 %           sun.net.www.ParseUtil::encodePath @ 29 (336 bytes)
Event: 1.129 Thread 0x00007effa40aa000 nmethod 28% 0x00007effa109e250 code [0x00007effa109e420, 0x00007effa109eba8]
Event: 1.129 Thread 0x00007effa40ad000   29             sun.net.www.ParseUtil::encodePath (336 bytes)
Event: 1.140 Thread 0x00007effa40ad000 nmethod 29 0x00007effa10a39d0 code [0x00007effa10a3b80, 0x00007effa10a4558]

GC Heap History (0 events):
No events

Deoptimization events (3 events):
Event: 0.077 Thread 0x00007effa400a000 Uncommon trap: reason=unstable_if action=reinterpret pc=0x00007effa10630b4 method=java.lang.String.indexOf([CII[CIII)I @ 134
Event: 0.089 Thread 0x00007effa400a000 Uncommon trap: reason=unstable_if action=reinterpret pc=0x00007effa105f940 method=java.lang.String.indexOf(II)I @ 49
Event: 1.092 Thread 0x00007effa400a000 Uncommon trap: reason=unstable_if action=reinterpret pc=0x00007effa1095d84 method=sun.net.www.ParseUtil.encodePath(Ljava/lang/String;Z)Ljava/lang/String; @ 109

Internal exceptions (10 events):
Event: 1.149 Thread 0x00007effa400a000 Threw 0x00000007d7d174e8 at /build/openjdk-7-zaTxYK/openjdk-7-7u91-2.6.3/build/openjdk/hotspot/src/share/vm/prims/jvm.cpp:1322
Event: 1.154 Thread 0x00007effa400a000 Threw 0x00000007d7d2e1c0 at /build/openjdk-7-zaTxYK/openjdk-7-7u91-2.6.3/build/openjdk/hotspot/src/share/vm/prims/jvm.cpp:1322
Event: 1.161 Thread 0x00007effa400a000 Threw 0x00000007d7d51168 at /build/openjdk-7-zaTxYK/openjdk-7-7u91-2.6.3/build/openjdk/hotspot/src/share/vm/prims/jvm.cpp:1322
Event: 1.161 Thread 0x00007effa400a000 Threw 0x00000007d7d6ae40 at /build/openjdk-7-zaTxYK/openjdk-7-7u91-2.6.3/build/openjdk/hotspot/src/share/vm/prims/jvm.cpp:1322
Event: 1.162 Thread 0x00007effa400a000 Threw 0x00000007d7d6df50 at /build/openjdk-7-zaTxYK/openjdk-7-7u91-2.6.3/build/openjdk/hotspot/src/share/vm/prims/jvm.cpp:1322
Event: 1.172 Thread 0x00007effa400a000 Threw 0x00000007d7d897f8 at /build/openjdk-7-zaTxYK/openjdk-7-7u91-2.6.3/build/openjdk/hotspot/src/share/vm/prims/jvm.cpp:1322
Event: 1.172 Thread 0x00007effa400a000 Threw 0x00000007d7d8dc68 at /build/openjdk-7-zaTxYK/openjdk-7-7u91-2.6.3/build/openjdk/hotspot/src/share/vm/prims/jvm.cpp:1322
Event: 1.172 Thread 0x00007effa400a000 Threw 0x00000007d7d916a0 at /build/openjdk-7-zaTxYK/openjdk-7-7u91-2.6.3/build/openjdk/hotspot/src/share/vm/prims/jvm.cpp:1322
Event: 1.176 Thread 0x00007effa400a000 Threw 0x00000007d7d9b4b8 at /build/openjdk-7-zaTxYK/openjdk-7-7u91-2.6.3/build/openjdk/hotspot/src/share/vm/prims/jvm.cpp:1322
Event: 1.176 Thread 0x00007effa400a000 Threw 0x00000007d7d9ff30 at /build/openjdk-7-zaTxYK/openjdk-7-7u91-2.6.3/build/openjdk/hotspot/src/share/vm/prims/jvm.cpp:1322

Events (10 events):
Event: 1.171 loading class 0x00007effa412cf70
Event: 1.171 loading class 0x00007effa412cf70 done
Event: 1.172 loading class 0x00007effa4f049c0
Event: 1.172 loading class 0x00007effa4f049c0 done
Event: 1.172 loading class 0x00007effa4f074f0
Event: 1.172 loading class 0x00007effa4f074f0 done
Event: 1.176 loading class 0x00007effa4e070b0
Event: 1.176 loading class 0x00007effa4e070b0 done
Event: 1.176 loading class 0x00007effa40fdfb0
Event: 1.176 loading class 0x00007effa40fdfb0 done


Dynamic libraries:
00400000-00401000 r-xp 00000000 08:05 1183315                            /usr/lib/jvm/java-7-openjdk-amd64/jre/bin/java
00600000-00601000 r--p 00000000 08:05 1183315                            /usr/lib/jvm/java-7-openjdk-amd64/jre/bin/java
00601000-00602000 rw-p 00001000 08:05 1183315                            /usr/lib/jvm/java-7-openjdk-amd64/jre/bin/java
00fec000-0100d000 rw-p 00000000 00:00 0                                  [heap]
77ac00000-77c100000 rw-p 00000000 00:00 0 
77c100000-785200000 rw-p 00000000 00:00 0 
785200000-78a380000 rw-p 00000000 00:00 0 
78a380000-7d7080000 rw-p 00000000 00:00 0 
7d7080000-7d9980000 rw-p 00000000 00:00 0 
7d9980000-800000000 rw-p 00000000 00:00 0 
7eff61894000-7eff618d1000 r-xp 00000000 08:05 528522                     /lib/x86_64-linux-gnu/libpcre.so.3.13.1
7eff618d1000-7eff61ad0000 ---p 0003d000 08:05 528522                     /lib/x86_64-linux-gnu/libpcre.so.3.13.1
7eff61ad0000-7eff61ad1000 r--p 0003c000 08:05 528522                     /lib/x86_64-linux-gnu/libpcre.so.3.13.1
7eff61ad1000-7eff61ad2000 rw-p 0003d000 08:05 528522                     /lib/x86_64-linux-gnu/libpcre.so.3.13.1
7eff61ad2000-7eff61ad9000 r-xp 00000000 08:05 1179820                    /usr/lib/x86_64-linux-gnu/libffi.so.6.0.1
7eff61ad9000-7eff61cd8000 ---p 00007000 08:05 1179820                    /usr/lib/x86_64-linux-gnu/libffi.so.6.0.1
7eff61cd8000-7eff61cd9000 r--p 00006000 08:05 1179820                    /usr/lib/x86_64-linux-gnu/libffi.so.6.0.1
7eff61cd9000-7eff61cda000 rw-p 00007000 08:05 1179820                    /usr/lib/x86_64-linux-gnu/libffi.so.6.0.1
7eff61cda000-7eff61cf1000 r-xp 00000000 08:05 524388                     /lib/x86_64-linux-gnu/libresolv-2.19.so
7eff61cf1000-7eff61ef1000 ---p 00017000 08:05 524388                     /lib/x86_64-linux-gnu/libresolv-2.19.so
7eff61ef1000-7eff61ef2000 r--p 00017000 08:05 524388                     /lib/x86_64-linux-gnu/libresolv-2.19.so
7eff61ef2000-7eff61ef3000 rw-p 00018000 08:05 524388                     /lib/x86_64-linux-gnu/libresolv-2.19.so
7eff61ef3000-7eff61ef5000 rw-p 00000000 00:00 0 
7eff61ef5000-7eff61f15000 r-xp 00000000 08:05 524308                     /lib/x86_64-linux-gnu/libselinux.so.1
7eff61f15000-7eff62114000 ---p 00020000 08:05 524308                     /lib/x86_64-linux-gnu/libselinux.so.1
7eff62114000-7eff62115000 r--p 0001f000 08:05 524308                     /lib/x86_64-linux-gnu/libselinux.so.1
7eff62115000-7eff62116000 rw-p 00020000 08:05 524308                     /lib/x86_64-linux-gnu/libselinux.so.1
7eff62116000-7eff62118000 rw-p 00000000 00:00 0 
7eff62118000-7eff6211b000 r-xp 00000000 08:05 1185438                    /usr/lib/x86_64-linux-gnu/libgmodule-2.0.so.0.4002.0
7eff6211b000-7eff6231a000 ---p 00003000 08:05 1185438                    /usr/lib/x86_64-linux-gnu/libgmodule-2.0.so.0.4002.0
7eff6231a000-7eff6231b000 r--p 00002000 08:05 1185438                    /usr/lib/x86_64-linux-gnu/libgmodule-2.0.so.0.4002.0
7eff6231b000-7eff6231c000 rw-p 00003000 08:05 1185438                    /usr/lib/x86_64-linux-gnu/libgmodule-2.0.so.0.4002.0
7eff6231c000-7eff62422000 r-xp 00000000 08:05 524681                     /lib/x86_64-linux-gnu/libglib-2.0.so.0.4002.0
7eff62422000-7eff62621000 ---p 00106000 08:05 524681                     /lib/x86_64-linux-gnu/libglib-2.0.so.0.4002.0
7eff62621000-7eff62622000 r--p 00105000 08:05 524681                     /lib/x86_64-linux-gnu/libglib-2.0.so.0.4002.0
7eff62622000-7eff62623000 rw-p 00106000 08:05 524681                     /lib/x86_64-linux-gnu/libglib-2.0.so.0.4002.0
7eff62623000-7eff62624000 rw-p 00000000 00:00 0 
7eff62624000-7eff62673000 r-xp 00000000 08:05 1185440                    /usr/lib/x86_64-linux-gnu/libgobject-2.0.so.0.4002.0
7eff62673000-7eff62873000 ---p 0004f000 08:05 1185440                    /usr/lib/x86_64-linux-gnu/libgobject-2.0.so.0.4002.0
7eff62873000-7eff62874000 r--p 0004f000 08:05 1185440                    /usr/lib/x86_64-linux-gnu/libgobject-2.0.so.0.4002.0
7eff62874000-7eff62875000 rw-p 00050000 08:05 1185440                    /usr/lib/x86_64-linux-gnu/libgobject-2.0.so.0.4002.0
7eff62875000-7eff629e1000 r-xp 00000000 08:05 1185447                    /usr/lib/x86_64-linux-gnu/libgio-2.0.so.0.4002.0
7eff629e1000-7eff62be0000 ---p 0016c000 08:05 1185447                    /usr/lib/x86_64-linux-gnu/libgio-2.0.so.0.4002.0
7eff62be0000-7eff62be4000 r--p 0016b000 08:05 1185447                    /usr/lib/x86_64-linux-gnu/libgio-2.0.so.0.4002.0
7eff62be4000-7eff62be6000 rw-p 0016f000 08:05 1185447                    /usr/lib/x86_64-linux-gnu/libgio-2.0.so.0.4002.0
7eff62be6000-7eff62be8000 rw-p 00000000 00:00 0 
7eff62be8000-7eff62bff000 r-xp 00000000 08:05 1183375                    /usr/lib/jvm/java-7-openjdk-amd64/jre/lib/amd64/libnet.so
7eff62bff000-7eff62dfe000 ---p 00017000 08:05 1183375                    /usr/lib/jvm/java-7-openjdk-amd64/jre/lib/amd64/libnet.so
7eff62dfe000-7eff62dff000 r--p 00016000 08:05 1183375                    /usr/lib/jvm/java-7-openjdk-amd64/jre/lib/amd64/libnet.so
7eff62dff000-7eff62e00000 rw-p 00017000 08:05 1183375                    /usr/lib/jvm/java-7-openjdk-amd64/jre/lib/amd64/libnet.so
7eff62e00000-7eff63000000 rw-p 00000000 00:00 0 
7eff630fb000-7eff64000000 rw-p 00000000 00:00 0 
7eff64000000-7eff64021000 rw-p 00000000 00:00 0 
7eff64021000-7eff68000000 ---p 00000000 00:00 0 
7eff6819e000-7eff681ae000 r-xp 00000000 08:05 1183344                    /usr/lib/jvm/java-7-openjdk-amd64/jre/lib/amd64/libnio.so
7eff681ae000-7eff683ae000 ---p 00010000 08:05 1183344                    /usr/lib/jvm/java-7-openjdk-amd64/jre/lib/amd64/libnio.so
7eff683ae000-7eff683af000 r--p 00010000 08:05 1183344                    /usr/lib/jvm/java-7-openjdk-amd64/jre/lib/amd64/libnio.so
7eff683af000-7eff683b0000 rw-p 00011000 08:05 1183344                    /usr/lib/jvm/java-7-openjdk-amd64/jre/lib/amd64/libnio.so
7eff683b0000-7eff68649000 rw-p 00000000 00:00 0 
7eff68649000-7eff68680000 r-xp 00000000 08:05 1185873                    /usr/lib/x86_64-linux-gnu/libtxc_dxtn_s2tc.so.0.0.0
7eff68680000-7eff6887f000 ---p 00037000 08:05 1185873                    /usr/lib/x86_64-linux-gnu/libtxc_dxtn_s2tc.so.0.0.0
7eff6887f000-7eff68880000 r--p 00036000 08:05 1185873                    /usr/lib/x86_64-linux-gnu/libtxc_dxtn_s2tc.so.0.0.0
7eff68880000-7eff68881000 rw-p 00037000 08:05 1185873                    /usr/lib/x86_64-linux-gnu/libtxc_dxtn_s2tc.so.0.0.0
7eff68881000-7eff68889000 r-xp 00000000 08:05 1185761                    /usr/lib/x86_64-linux-gnu/libpciaccess.so.0.11.1
7eff68889000-7eff68a88000 ---p 00008000 08:05 1185761                    /usr/lib/x86_64-linux-gnu/libpciaccess.so.0.11.1
7eff68a88000-7eff68a89000 r--p 00007000 08:05 1185761                    /usr/lib/x86_64-linux-gnu/libpciaccess.so.0.11.1
7eff68a89000-7eff68a8a000 rw-p 00008000 08:05 1185761                    /usr/lib/x86_64-linux-gnu/libpciaccess.so.0.11.1
7eff68a8a000-7eff68a96000 r-xp 00000000 08:05 1185770                    /usr/lib/x86_64-linux-gnu/libdrm_radeon.so.1.0.1
7eff68a96000-7eff68c95000 ---p 0000c000 08:05 1185770                    /usr/lib/x86_64-linux-gnu/libdrm_radeon.so.1.0.1
7eff68c95000-7eff68c96000 r--p 0000b000 08:05 1185770                    /usr/lib/x86_64-linux-gnu/libdrm_radeon.so.1.0.1
7eff68c96000-7eff68c97000 rw-p 0000c000 08:05 1185770                    /usr/lib/x86_64-linux-gnu/libdrm_radeon.so.1.0.1
7eff68c97000-7eff68c9d000 r-xp 00000000 08:05 1185768                    /usr/lib/x86_64-linux-gnu/libdrm_nouveau.so.2.0.0
7eff68c9d000-7eff68e9c000 ---p 00006000 08:05 1185768                    /usr/lib/x86_64-linux-gnu/libdrm_nouveau.so.2.0.0
7eff68e9c000-7eff68e9d000 r--p 00005000 08:05 1185768                    /usr/lib/x86_64-linux-gnu/libdrm_nouveau.so.2.0.0
7eff68e9d000-7eff68e9e000 rw-p 00006000 08:05 1185768                    /usr/lib/x86_64-linux-gnu/libdrm_nouveau.so.2.0.0
7eff68e9e000-7eff68ebe000 r-xp 00000000 08:05 1185764                    /usr/lib/x86_64-linux-gnu/libdrm_intel.so.1.0.0
7eff68ebe000-7eff690bd000 ---p 00020000 08:05 1185764                    /usr/lib/x86_64-linux-gnu/libdrm_intel.so.1.0.0
7eff690bd000-7eff690be000 r--p 0001f000 08:05 1185764                    /usr/lib/x86_64-linux-gnu/libdrm_intel.so.1.0.0
7eff690be000-7eff690bf000 rw-p 00020000 08:05 1185764                    /usr/lib/x86_64-linux-gnu/libdrm_intel.so.1.0.0
7eff690bf000-7eff69613000 r-xp 00000000 08:05 1311633                    /usr/lib/x86_64-linux-gnu/dri/i965_dri.so
7eff69613000-7eff69813000 ---p 00554000 08:05 1311633                    /usr/lib/x86_64-linux-gnu/dri/i965_dri.so
7eff69813000-7eff69834000 r--p 00554000 08:05 1311633                    /usr/lib/x86_64-linux-gnu/dri/i965_dri.so
7eff69834000-7eff6983b000 rw-p 00575000 08:05 1311633                    /usr/lib/x86_64-linux-gnu/dri/i965_dri.so
7eff6983b000-7eff69842000 rw-p 00000000 00:00 0 
7eff69842000-7eff69886000 r-xp 00000000 08:05 524292                     /lib/x86_64-linux-gnu/libdbus-1.so.3.7.6
7eff69886000-7eff69a85000 ---p 00044000 08:05 524292                     /lib/x86_64-linux-gnu/libdbus-1.so.3.7.6
7eff69a85000-7eff69a86000 r--p 00043000 08:05 524292                     /lib/x86_64-linux-gnu/libdbus-1.so.3.7.6
7eff69a86000-7eff69a87000 rw-p 00044000 08:05 524292                     /lib/x86_64-linux-gnu/libdbus-1.so.3.7.6
7eff69a87000-7eff69a8f000 r-xp 00000000 08:05 524367                     /lib/x86_64-linux-gnu/libnih-dbus.so.1.0.0
7eff69a8f000-7eff69c8f000 ---p 00008000 08:05 524367                     /lib/x86_64-linux-gnu/libnih-dbus.so.1.0.0
7eff69c8f000-7eff69c90000 r--p 00008000 08:05 524367                     /lib/x86_64-linux-gnu/libnih-dbus.so.1.0.0
7eff69c90000-7eff69c91000 rw-p 00009000 08:05 524367                     /lib/x86_64-linux-gnu/libnih-dbus.so.1.0.0
7eff69c91000-7eff69ca8000 r-xp 00000000 08:05 524369                     /lib/x86_64-linux-gnu/libnih.so.1.0.0
7eff69ca8000-7eff69ea7000 ---p 00017000 08:05 524369                     /lib/x86_64-linux-gnu/libnih.so.1.0.0
7eff69ea7000-7eff69ea8000 r--p 00016000 08:05 524369                     /lib/x86_64-linux-gnu/libnih.so.1.0.0
7eff69ea8000-7eff69ea9000 rw-p 00017000 08:05 524369                     /lib/x86_64-linux-gnu/libnih.so.1.0.0
7eff69ea9000-7eff69ec2000 r-xp 00000000 08:05 524302                     /lib/x86_64-linux-gnu/libcgmanager.so.0.0.0
7eff69ec2000-7eff6a0c1000 ---p 00019000 08:05 524302                     /lib/x86_64-linux-gnu/libcgmanager.so.0.0.0
7eff6a0c1000-7eff6a0c3000 r--p 00018000 08:05 524302                     /lib/x86_64-linux-gnu/libcgmanager.so.0.0.0
7eff6a0c3000-7eff6a0c4000 rw-p 0001a000 08:05 524302                     /lib/x86_64-linux-gnu/libcgmanager.so.0.0.0
7eff6a0c4000-7eff6a0d4000 r-xp 00000000 08:05 524473                     /lib/x86_64-linux-gnu/libudev.so.1.3.5
7eff6a0d4000-7eff6a2d3000 ---p 00010000 08:05 524473                     /lib/x86_64-linux-gnu/libudev.so.1.3.5
7eff6a2d3000-7eff6a2d4000 r--p 0000f000 08:05 524473                     /lib/x86_64-linux-gnu/libudev.so.1.3.5
7eff6a2d4000-7eff6a2d5000 rw-p 00010000 08:05 524473                     /lib/x86_64-linux-gnu/libudev.so.1.3.5
7eff6a2d5000-7eff6a2e0000 r-xp 00000000 08:05 1184048                    /usr/lib/x86_64-linux-gnu/libdrm.so.2.4.0
7eff6a2e0000-7eff6a4df000 ---p 0000b000 08:05 1184048                    /usr/lib/x86_64-linux-gnu/libdrm.so.2.4.0
7eff6a4df000-7eff6a4e0000 r--p 0000a000 08:05 1184048                    /usr/lib/x86_64-linux-gnu/libdrm.so.2.4.0
7eff6a4e0000-7eff6a4e1000 rw-p 0000b000 08:05 1184048                    /usr/lib/x86_64-linux-gnu/libdrm.so.2.4.0
7eff6a4e1000-7eff6a4e2000 r-xp 00000000 08:05 1185815                    /usr/lib/x86_64-linux-gnu/libxshmfence.so.1.0.0
7eff6a4e2000-7eff6a6e1000 ---p 00001000 08:05 1185815                    /usr/lib/x86_64-linux-gnu/libxshmfence.so.1.0.0
7eff6a6e1000-7eff6a6e2000 r--p 00000000 08:05 1185815                    /usr/lib/x86_64-linux-gnu/libxshmfence.so.1.0.0
7eff6a6e2000-7eff6a6e3000 rw-p 00001000 08:05 1185815                    /usr/lib/x86_64-linux-gnu/libxshmfence.so.1.0.0
7eff6a6e3000-7eff6a6e8000 r-xp 00000000 08:05 1185810                    /usr/lib/x86_64-linux-gnu/libxcb-sync.so.1.0.0
7eff6a6e8000-7eff6a8e7000 ---p 00005000 08:05 1185810                    /usr/lib/x86_64-linux-gnu/libxcb-sync.so.1.0.0
7eff6a8e7000-7eff6a8e8000 r--p 00004000 08:05 1185810                    /usr/lib/x86_64-linux-gnu/libxcb-sync.so.1.0.0
7eff6a8e8000-7eff6a8e9000 rw-p 00005000 08:05 1185810                    /usr/lib/x86_64-linux-gnu/libxcb-sync.so.1.0.0
7eff6a8e9000-7eff6a8eb000 r-xp 00000000 08:05 1185808                    /usr/lib/x86_64-linux-gnu/libxcb-present.so.0.0.0
7eff6a8eb000-7eff6aaea000 ---p 00002000 08:05 1185808                    /usr/lib/x86_64-linux-gnu/libxcb-present.so.0.0.0
7eff6aaea000-7eff6aaeb000 r--p 00001000 08:05 1185808                    /usr/lib/x86_64-linux-gnu/libxcb-present.so.0.0.0
7eff6aaeb000-7eff6aaec000 rw-p 00002000 08:05 1185808                    /usr/lib/x86_64-linux-gnu/libxcb-present.so.0.0.0
7eff6aaec000-7eff6aaee000 r-xp 00000000 08:05 1185804                    /usr/lib/x86_64-linux-gnu/libxcb-dri3.so.0.0.0
7eff6aaee000-7eff6aced000 ---p 00002000 08:05 1185804                    /usr/lib/x86_64-linux-gnu/libxcb-dri3.so.0.0.0
7eff6aced000-7eff6acee000 r--p 00001000 08:05 1185804                    /usr/lib/x86_64-linux-gnu/libxcb-dri3.so.0.0.0
7eff6acee000-7eff6acef000 rw-p 00002000 08:05 1185804                    /usr/lib/x86_64-linux-gnu/libxcb-dri3.so.0.0.0
7eff6acef000-7eff6acf2000 r-xp 00000000 08:05 1185781                    /usr/lib/x86_64-linux-gnu/libxcb-dri2.so.0.0.0
7eff6acf2000-7eff6aef2000 ---p 00003000 08:05 1185781                    /usr/lib/x86_64-linux-gnu/libxcb-dri2.so.0.0.0
7eff6aef2000-7eff6aef3000 r--p 00003000 08:05 1185781                    /usr/lib/x86_64-linux-gnu/libxcb-dri2.so.0.0.0
7eff6aef3000-7eff6aef4000 rw-p 00004000 08:05 1185781                    /usr/lib/x86_64-linux-gnu/libxcb-dri2.so.0.0.0
7eff6aef4000-7eff6af09000 r-xp 00000000 08:05 1185806                    /usr/lib/x86_64-linux-gnu/libxcb-glx.so.0.0.0
7eff6af09000-7eff6b108000 ---p 00015000 08:05 1185806                    /usr/lib/x86_64-linux-gnu/libxcb-glx.so.0.0.0
7eff6b108000-7eff6b10a000 r--p 00014000 08:05 1185806                    /usr/lib/x86_64-linux-gnu/libxcb-glx.so.0.0.0
7eff6b10a000-7eff6b10b000 rw-p 00016000 08:05 1185806                    /usr/lib/x86_64-linux-gnu/libxcb-glx.so.0.0.0
7eff6b10b000-7eff6b10c000 r-xp 00000000 08:05 1185787                    /usr/lib/x86_64-linux-gnu/libX11-xcb.so.1.0.0
7eff6b10c000-7eff6b30b000 ---p 00001000 08:05 1185787                    /usr/lib/x86_64-linux-gnu/libX11-xcb.so.1.0.0
7eff6b30b000-7eff6b30c000 r--p 00000000 08:05 1185787                    /usr/lib/x86_64-linux-gnu/libX11-xcb.so.1.0.0
7eff6b30c000-7eff6b30d000 rw-p 00001000 08:05 1185787                    /usr/lib/x86_64-linux-gnu/libX11-xcb.so.1.0.0
7eff6b30d000-7eff6b30f000 r-xp 00000000 08:05 1185812                    /usr/lib/x86_64-linux-gnu/libXdamage.so.1.1.0
7eff6b30f000-7eff6b50e000 ---p 00002000 08:05 1185812                    /usr/lib/x86_64-linux-gnu/libXdamage.so.1.1.0
7eff6b50e000-7eff6b50f000 r--p 00001000 08:05 1185812                    /usr/lib/x86_64-linux-gnu/libXdamage.so.1.1.0
7eff6b50f000-7eff6b510000 rw-p 00002000 08:05 1185812                    /usr/lib/x86_64-linux-gnu/libXdamage.so.1.1.0
7eff6b510000-7eff6b535000 r-xp 00000000 08:05 1181485                    /usr/lib/x86_64-linux-gnu/libglapi.so.0.0.0
7eff6b535000-7eff6b735000 ---p 00025000 08:05 1181485                    /usr/lib/x86_64-linux-gnu/libglapi.so.0.0.0
7eff6b735000-7eff6b738000 r--p 00025000 08:05 1181485                    /usr/lib/x86_64-linux-gnu/libglapi.so.0.0.0
7eff6b738000-7eff6b739000 rw-p 00028000 08:05 1181485                    /usr/lib/x86_64-linux-gnu/libglapi.so.0.0.0
7eff6b739000-7eff6b73a000 rw-p 00000000 00:00 0 
7eff6b73a000-7eff6b761000 r-xp 00000000 08:05 524403                     /lib/x86_64-linux-gnu/libexpat.so.1.6.0
7eff6b761000-7eff6b961000 ---p 00027000 08:05 524403                     /lib/x86_64-linux-gnu/libexpat.so.1.6.0
7eff6b961000-7eff6b963000 r--p 00027000 08:05 524403                     /lib/x86_64-linux-gnu/libexpat.so.1.6.0
7eff6b963000-7eff6b964000 rw-p 00029000 08:05 524403                     /lib/x86_64-linux-gnu/libexpat.so.1.6.0
7eff6b964000-7eff6b9f2000 r-xp 00000000 08:05 1446318                    /usr/lib/x86_64-linux-gnu/mesa/libGL.so.1.2.0
7eff6b9f2000-7eff6bbf1000 ---p 0008e000 08:05 1446318                    /usr/lib/x86_64-linux-gnu/mesa/libGL.so.1.2.0
7eff6bbf1000-7eff6bbf4000 r--p 0008d000 08:05 1446318                    /usr/lib/x86_64-linux-gnu/mesa/libGL.so.1.2.0
7eff6bbf4000-7eff6bbf5000 rw-p 00090000 08:05 1446318                    /usr/lib/x86_64-linux-gnu/mesa/libGL.so.1.2.0
7eff6bbf5000-7eff6bbf6000 rw-p 00000000 00:00 0 
7eff6bbf6000-7eff6bbfb000 r-xp 00000000 08:05 1185723                    /usr/lib/x86_64-linux-gnu/libXdmcp.so.6.0.0
7eff6bbfb000-7eff6bdfa000 ---p 00005000 08:05 1185723                    /usr/lib/x86_64-linux-gnu/libXdmcp.so.6.0.0
7eff6bdfa000-7eff6bdfb000 r--p 00004000 08:05 1185723                    /usr/lib/x86_64-linux-gnu/libXdmcp.so.6.0.0
7eff6bdfb000-7eff6bdfc000 rw-p 00005000 08:05 1185723                    /usr/lib/x86_64-linux-gnu/libXdmcp.so.6.0.0
7eff6bdfc000-7eff6bdfe000 r-xp 00000000 08:05 1185718                    /usr/lib/x86_64-linux-gnu/libXau.so.6.0.0
7eff6bdfe000-7eff6bffe000 ---p 00002000 08:05 1185718                    /usr/lib/x86_64-linux-gnu/libXau.so.6.0.0
7eff6bffe000-7eff6bfff000 r--p 00002000 08:05 1185718                    /usr/lib/x86_64-linux-gnu/libXau.so.6.0.0
7eff6bfff000-7eff6c000000 rw-p 00003000 08:05 1185718                    /usr/lib/x86_64-linux-gnu/libXau.so.6.0.0
7eff6c000000-7eff6c0d9000 rw-p 00000000 00:00 0 
7eff6c0d9000-7eff70000000 ---p 00000000 00:00 0 
7eff70000000-7eff70021000 rw-p 00000000 00:00 0 
7eff70021000-7eff74000000 ---p 00000000 00:00 0 
7eff74000000-7eff74021000 rw-p 00000000 00:00 0 
7eff74021000-7eff78000000 ---p 00000000 00:00 0 
7eff78000000-7eff780f9000 rw-p 00000000 00:00 0 
7eff780f9000-7eff7c000000 ---p 00000000 00:00 0 
7eff7c000000-7eff7c021000 rw-p 00000000 00:00 0 
7eff7c021000-7eff80000000 ---p 00000000 00:00 0 
7eff80000000-7eff80021000 rw-p 00000000 00:00 0 
7eff80021000-7eff84000000 ---p 00000000 00:00 0 
7eff84000000-7eff84021000 rw-p 00000000 00:00 0 
7eff84021000-7eff88000000 ---p 00000000 00:00 0 
7eff88044000-7eff88049000 r-xp 00000000 08:05 1185796                    /usr/lib/x86_64-linux-gnu/libXfixes.so.3.1.0
7eff88049000-7eff88248000 ---p 00005000 08:05 1185796                    /usr/lib/x86_64-linux-gnu/libXfixes.so.3.1.0
7eff88248000-7eff88249000 r--p 00004000 08:05 1185796                    /usr/lib/x86_64-linux-gnu/libXfixes.so.3.1.0
7eff88249000-7eff8824a000 rw-p 00005000 08:05 1185796                    /usr/lib/x86_64-linux-gnu/libXfixes.so.3.1.0
7eff8824a000-7eff88253000 r-xp 00000000 08:05 1185863                    /usr/lib/x86_64-linux-gnu/libXrender.so.1.3.0
7eff88253000-7eff88452000 ---p 00009000 08:05 1185863                    /usr/lib/x86_64-linux-gnu/libXrender.so.1.3.0
7eff88452000-7eff88453000 r--p 00008000 08:05 1185863                    /usr/lib/x86_64-linux-gnu/libXrender.so.1.3.0
7eff88453000-7eff88454000 rw-p 00009000 08:05 1185863                    /usr/lib/x86_64-linux-gnu/libXrender.so.1.3.0
7eff88454000-7eff88465000 r-xp 00000000 08:05 1185754                    /usr/lib/x86_64-linux-gnu/libXext.so.6.4.0
7eff88465000-7eff88664000 ---p 00011000 08:05 1185754                    /usr/lib/x86_64-linux-gnu/libXext.so.6.4.0
7eff88664000-7eff88665000 r--p 00010000 08:05 1185754                    /usr/lib/x86_64-linux-gnu/libXext.so.6.4.0
7eff88665000-7eff88666000 rw-p 00011000 08:05 1185754                    /usr/lib/x86_64-linux-gnu/libXext.so.6.4.0
7eff88666000-7eff88683000 r-xp 00000000 08:05 1185731                    /usr/lib/x86_64-linux-gnu/libxcb.so.1.1.0
7eff88683000-7eff88883000 ---p 0001d000 08:05 1185731                    /usr/lib/x86_64-linux-gnu/libxcb.so.1.1.0
7eff88883000-7eff88884000 r--p 0001d000 08:05 1185731                    /usr/lib/x86_64-linux-gnu/libxcb.so.1.1.0
7eff88884000-7eff88885000 rw-p 0001e000 08:05 1185731                    /usr/lib/x86_64-linux-gnu/libxcb.so.1.1.0
7eff88885000-7eff8888e000 r-xp 00000000 08:05 1188819                    /usr/lib/x86_64-linux-gnu/libXcursor.so.1.0.2
7eff8888e000-7eff88a8d000 ---p 00009000 08:05 1188819                    /usr/lib/x86_64-linux-gnu/libXcursor.so.1.0.2
7eff88a8d000-7eff88a8e000 r--p 00008000 08:05 1188819                    /usr/lib/x86_64-linux-gnu/libXcursor.so.1.0.2
7eff88a8e000-7eff88a8f000 rw-p 00009000 08:05 1188819                    /usr/lib/x86_64-linux-gnu/libXcursor.so.1.0.2
7eff88a8f000-7eff88a93000 r-xp 00000000 08:05 1185817                    /usr/lib/x86_64-linux-gnu/libXxf86vm.so.1.0.0
7eff88a93000-7eff88c93000 ---p 00004000 08:05 1185817                    /usr/lib/x86_64-linux-gnu/libXxf86vm.so.1.0.0
7eff88c93000-7eff88c94000 r--p 00004000 08:05 1185817                    /usr/lib/x86_64-linux-gnu/libXxf86vm.so.1.0.0
7eff88c94000-7eff88c95000 rw-p 00005000 08:05 1185817                    /usr/lib/x86_64-linux-gnu/libXxf86vm.so.1.0.0
7eff88c95000-7eff88ca4000 r-xp 00000000 08:05 1185857                    /usr/lib/x86_64-linux-gnu/libXi.so.6.1.0
7eff88ca4000-7eff88ea3000 ---p 0000f000 08:05 1185857                    /usr/lib/x86_64-linux-gnu/libXi.so.6.1.0
7eff88ea3000-7eff88ea4000 r--p 0000e000 08:05 1185857                    /usr/lib/x86_64-linux-gnu/libXi.so.6.1.0
7eff88ea4000-7eff88ea5000 rw-p 0000f000 08:05 1185857                    /usr/lib/x86_64-linux-gnu/libXi.so.6.1.0
7eff88ea5000-7eff88ea7000 r-xp 00000000 08:05 1185859                    /usr/lib/x86_64-linux-gnu/libXinerama.so.1.0.0
7eff88ea7000-7eff890a6000 ---p 00002000 08:05 1185859                    /usr/lib/x86_64-linux-gnu/libXinerama.so.1.0.0
7eff890a6000-7eff890a7000 r--p 00001000 08:05 1185859                    /usr/lib/x86_64-linux-gnu/libXinerama.so.1.0.0
7eff890a7000-7eff890a8000 rw-p 00002000 08:05 1185859                    /usr/lib/x86_64-linux-gnu/libXinerama.so.1.0.0
7eff890a8000-7eff890b1000 r-xp 00000000 08:05 1185865                    /usr/lib/x86_64-linux-gnu/libXrandr.so.2.2.0
7eff890b1000-7eff892b0000 ---p 00009000 08:05 1185865                    /usr/lib/x86_64-linux-gnu/libXrandr.so.2.2.0
7eff892b0000-7eff892b1000 r--p 00008000 08:05 1185865                    /usr/lib/x86_64-linux-gnu/libXrandr.so.2.2.0
7eff892b1000-7eff892b2000 rw-p 00009000 08:05 1185865                    /usr/lib/x86_64-linux-gnu/libXrandr.so.2.2.0
7eff892b2000-7eff893e2000 r-xp 00000000 08:05 1185745                    /usr/lib/x86_64-linux-gnu/libX11.so.6.3.0
7eff893e2000-7eff895e2000 ---p 00130000 08:05 1185745                    /usr/lib/x86_64-linux-gnu/libX11.so.6.3.0
7eff895e2000-7eff895e3000 r--p 00130000 08:05 1185745                    /usr/lib/x86_64-linux-gnu/libX11.so.6.3.0
7eff895e3000-7eff895e7000 rw-p 00131000 08:05 1185745                    /usr/lib/x86_64-linux-gnu/libX11.so.6.3.0
7eff895e7000-7eff895eb000 r-xp 00000000 08:05 655487                     /tmp/lwjgllahtelat/6f5f8e99/libglfw.so
7eff895eb000-7eff895ff000 r-xp 00000000 00:00 0 
7eff895ff000-7eff897fe000 ---p 00018000 08:05 655487                     /tmp/lwjgllahtelat/6f5f8e99/libglfw.so
7eff897fe000-7eff897ff000 rw-p 0000d000 08:05 655487                     /tmp/lwjgllahtelat/6f5f8e99/libglfw.so
7eff897ff000-7eff89a00000 rw-p 00000000 00:00 0 
7eff89ae7000-7eff89b18000 rw-p 00000000 00:00 0 
7eff89b25000-7eff89b35000 rw-s 00000000 00:05 490788                     /drm mm object (deleted)
7eff89b35000-7eff89bd5000 rw-s 1064a8000 00:06 10475                     /dev/dri/card0
7eff89bd5000-7eff89bfb000 rw-p 00000000 00:00 0 
7eff89bfb000-7eff89bfe000 r-xp 00000000 08:05 655486                     /tmp/lwjgllahtelat/6f5f8e99/libjemalloc.so
7eff89bfe000-7eff89c3a000 r-xp 00000000 00:00 0 
7eff89c3a000-7eff89e39000 ---p 0003f000 08:05 655486                     /tmp/lwjgllahtelat/6f5f8e99/libjemalloc.so
7eff89e39000-7eff89e3b000 r--p 0001c000 08:05 655486                     /tmp/lwjgllahtelat/6f5f8e99/libjemalloc.so
7eff89e3b000-7eff89e3c000 rw-p 0001e000 08:05 655486                     /tmp/lwjgllahtelat/6f5f8e99/libjemalloc.so
7eff89e3c000-7eff89e3d000 rw-p 00000000 00:00 0 
7eff89e3d000-7eff89e4a000 r-xp 00000000 08:05 655408                     /tmp/lwjgllahtelat/6f5f8e99/liblwjgl.so
7eff89e4a000-7eff89e9e000 r-xp 00000000 00:00 0 
7eff89e9e000-7eff8a09d000 ---p 00061000 08:05 655408                     /tmp/lwjgllahtelat/6f5f8e99/liblwjgl.so
7eff8a09d000-7eff8a09f000 rw-p 00033000 08:05 655408                     /tmp/lwjgllahtelat/6f5f8e99/liblwjgl.so
7eff8a09f000-7eff8a0a0000 rw-p 00000000 00:00 0 
7eff8a0a0000-7eff8a0bb000 r--s 001e6000 08:07 3146606                    /home/lahtelat/.m2/repository/org/lwjgl/lwjgl/3.0.0b/lwjgl-3.0.0b.jar
7eff8a0bb000-7eff8a0bc000 ---p 00000000 00:00 0 
7eff8a0bc000-7eff8a1bc000 rw-p 00000000 00:00 0                          [stack:14398]
7eff8a1bc000-7eff8a1bf000 ---p 00000000 00:00 0 
7eff8a1bf000-7eff8a2bd000 rw-p 00000000 00:00 0                          [stack:14397]
7eff8a2bd000-7eff8a2c0000 ---p 00000000 00:00 0 
7eff8a2c0000-7eff8a3be000 rw-p 00000000 00:00 0                          [stack:14396]
7eff8a3be000-7eff8a3c1000 ---p 00000000 00:00 0 
7eff8a3c1000-7eff8a4bf000 rw-p 00000000 00:00 0                          [stack:14395]
7eff8a4bf000-7eff8a4c2000 ---p 00000000 00:00 0 
7eff8a4c2000-7eff8a5c0000 rw-p 00000000 00:00 0                          [stack:14394]
7eff8a5c0000-7eff8aaeb000 r--p 00000000 08:05 1179799                    /usr/lib/locale/locale-archive
7eff8aaeb000-7eff8aaee000 ---p 00000000 00:00 0 
7eff8aaee000-7eff8abec000 rw-p 00000000 00:00 0                          [stack:14393]
7eff8abec000-7eff8abef000 ---p 00000000 00:00 0 
7eff8abef000-7eff8aced000 rw-p 00000000 00:00 0                          [stack:14392]
7eff8aced000-7eff8acee000 ---p 00000000 00:00 0 
7eff8acee000-7eff90000000 rw-p 00000000 00:00 0                          [stack:14391]
7eff90000000-7eff90021000 rw-p 00000000 00:00 0 
7eff90021000-7eff94000000 ---p 00000000 00:00 0 
7eff94000000-7eff94021000 rw-p 00000000 00:00 0 
7eff94021000-7eff98000000 ---p 00000000 00:00 0 
7eff98000000-7eff98021000 rw-p 00000000 00:00 0 
7eff98021000-7eff9c000000 ---p 00000000 00:00 0 
7eff9c000000-7eff9c021000 rw-p 00000000 00:00 0 
7eff9c021000-7effa0000000 ---p 00000000 00:00 0 
7effa0008000-7effa0009000 rw-p 00000000 00:00 0 
7effa0009000-7effa000b000 rwxp 00000000 00:00 0 
7effa000b000-7effa0013000 rw-s 00000000 00:05 490781                     /drm mm object (deleted)
7effa0013000-7effa0014000 rw-s 106548000 00:06 10475                     /dev/dri/card0
7effa0014000-7effa0015000 rw-s 1064a7000 00:06 10475                     /dev/dri/card0
7effa0015000-7effa007f000 rw-p 00000000 00:00 0 
7effa007f000-7effa0231000 r--s 01d2e000 08:05 1183336                    /usr/lib/jvm/java-7-openjdk-amd64/jre/lib/rt.jar
7effa0231000-7effa077e000 rw-p 00000000 00:00 0 
7effa077e000-7effa077f000 ---p 00000000 00:00 0 
7effa077f000-7effa087f000 rw-p 00000000 00:00 0                          [stack:14390]
7effa087f000-7effa0880000 ---p 00000000 00:00 0 
7effa0880000-7effa0980000 rw-p 00000000 00:00 0                          [stack:14389]
7effa0980000-7effa0981000 ---p 00000000 00:00 0 
7effa0981000-7effa0a81000 rw-p 00000000 00:00 0                          [stack:14388]
7effa0a81000-7effa0a82000 ---p 00000000 00:00 0 
7effa0a82000-7effa0b8d000 rw-p 00000000 00:00 0                          [stack:14387]
7effa0b8d000-7effa0bd5000 rw-p 00000000 00:00 0 
7effa0bd5000-7effa0be0000 rw-p 00000000 00:00 0 
7effa0be0000-7effa0c28000 rw-p 00000000 00:00 0 
7effa0c28000-7effa0c51000 rw-p 00000000 00:00 0 
7effa0c51000-7effa0eb7000 rw-p 00000000 00:00 0 
7effa0eb7000-7effa0ecc000 rw-p 00000000 00:00 0 
7effa0ecc000-7effa0fff000 rw-p 00000000 00:00 0 
7effa0fff000-7effa1000000 rw-p 00000000 00:00 0 
7effa1000000-7effa1270000 rwxp 00000000 00:00 0 
7effa1270000-7effa50b3000 rw-p 00000000 00:00 0 
7effa50b3000-7effa8000000 ---p 00000000 00:00 0 
7effa8000000-7effa804a000 rw-p 00000000 00:00 0 
7effa804a000-7effa82b1000 rw-p 00000000 00:00 0 
7effa82b1000-7effa82b9000 r-xp 00000000 08:05 1183349                    /usr/lib/jvm/java-7-openjdk-amd64/jre/lib/amd64/libzip.so
7effa82b9000-7effa84b8000 ---p 00008000 08:05 1183349                    /usr/lib/jvm/java-7-openjdk-amd64/jre/lib/amd64/libzip.so
7effa84b8000-7effa84b9000 r--p 00007000 08:05 1183349                    /usr/lib/jvm/java-7-openjdk-amd64/jre/lib/amd64/libzip.so
7effa84b9000-7effa84ba000 rw-p 00008000 08:05 1183349                    /usr/lib/jvm/java-7-openjdk-amd64/jre/lib/amd64/libzip.so
7effa84ba000-7effa84c5000 r-xp 00000000 08:05 528525                     /lib/x86_64-linux-gnu/libnss_files-2.19.so
7effa84c5000-7effa86c4000 ---p 0000b000 08:05 528525                     /lib/x86_64-linux-gnu/libnss_files-2.19.so
7effa86c4000-7effa86c5000 r--p 0000a000 08:05 528525                     /lib/x86_64-linux-gnu/libnss_files-2.19.so
7effa86c5000-7effa86c6000 rw-p 0000b000 08:05 528525                     /lib/x86_64-linux-gnu/libnss_files-2.19.so
7effa86c6000-7effa86d1000 r-xp 00000000 08:05 528545                     /lib/x86_64-linux-gnu/libnss_nis-2.19.so
7effa86d1000-7effa88d0000 ---p 0000b000 08:05 528545                     /lib/x86_64-linux-gnu/libnss_nis-2.19.so
7effa88d0000-7effa88d1000 r--p 0000a000 08:05 528545                     /lib/x86_64-linux-gnu/libnss_nis-2.19.so
7effa88d1000-7effa88d2000 rw-p 0000b000 08:05 528545                     /lib/x86_64-linux-gnu/libnss_nis-2.19.so
7effa88d2000-7effa88e9000 r-xp 00000000 08:05 528534                     /lib/x86_64-linux-gnu/libnsl-2.19.so
7effa88e9000-7effa8ae8000 ---p 00017000 08:05 528534                     /lib/x86_64-linux-gnu/libnsl-2.19.so
7effa8ae8000-7effa8ae9000 r--p 00016000 08:05 528534                     /lib/x86_64-linux-gnu/libnsl-2.19.so
7effa8ae9000-7effa8aea000 rw-p 00017000 08:05 528534                     /lib/x86_64-linux-gnu/libnsl-2.19.so
7effa8aea000-7effa8aec000 rw-p 00000000 00:00 0 
7effa8aec000-7effa8af5000 r-xp 00000000 08:05 528533                     /lib/x86_64-linux-gnu/libnss_compat-2.19.so
7effa8af5000-7effa8cf4000 ---p 00009000 08:05 528533                     /lib/x86_64-linux-gnu/libnss_compat-2.19.so
7effa8cf4000-7effa8cf5000 r--p 00008000 08:05 528533                     /lib/x86_64-linux-gnu/libnss_compat-2.19.so
7effa8cf5000-7effa8cf6000 rw-p 00009000 08:05 528533                     /lib/x86_64-linux-gnu/libnss_compat-2.19.so
7effa8cf6000-7effa8d21000 r-xp 00000000 08:05 1183357                    /usr/lib/jvm/java-7-openjdk-amd64/jre/lib/amd64/libjava.so
7effa8d21000-7effa8f21000 ---p 0002b000 08:05 1183357                    /usr/lib/jvm/java-7-openjdk-amd64/jre/lib/amd64/libjava.so
7effa8f21000-7effa8f22000 r--p 0002b000 08:05 1183357                    /usr/lib/jvm/java-7-openjdk-amd64/jre/lib/amd64/libjava.so
7effa8f22000-7effa8f24000 rw-p 0002c000 08:05 1183357                    /usr/lib/jvm/java-7-openjdk-amd64/jre/lib/amd64/libjava.so
7effa8f24000-7effa8f34000 r-xp 00000000 08:05 1183371                    /usr/lib/jvm/java-7-openjdk-amd64/jre/lib/amd64/libverify.so
7effa8f34000-7effa9133000 ---p 00010000 08:05 1183371                    /usr/lib/jvm/java-7-openjdk-amd64/jre/lib/amd64/libverify.so
7effa9133000-7effa9135000 r--p 0000f000 08:05 1183371                    /usr/lib/jvm/java-7-openjdk-amd64/jre/lib/amd64/libverify.so
7effa9135000-7effa9136000 rw-p 00011000 08:05 1183371                    /usr/lib/jvm/java-7-openjdk-amd64/jre/lib/amd64/libverify.so
7effa9136000-7effa913d000 r-xp 00000000 08:05 528542                     /lib/x86_64-linux-gnu/librt-2.19.so
7effa913d000-7effa933c000 ---p 00007000 08:05 528542                     /lib/x86_64-linux-gnu/librt-2.19.so
7effa933c000-7effa933d000 r--p 00006000 08:05 528542                     /lib/x86_64-linux-gnu/librt-2.19.so
7effa933d000-7effa933e000 rw-p 00007000 08:05 528542                     /lib/x86_64-linux-gnu/librt-2.19.so
7effa933e000-7effa9354000 r-xp 00000000 08:05 525956                     /lib/x86_64-linux-gnu/libgcc_s.so.1
7effa9354000-7effa9553000 ---p 00016000 08:05 525956                     /lib/x86_64-linux-gnu/libgcc_s.so.1
7effa9553000-7effa9554000 rw-p 00015000 08:05 525956                     /lib/x86_64-linux-gnu/libgcc_s.so.1
7effa9554000-7effa9659000 r-xp 00000000 08:05 528524                     /lib/x86_64-linux-gnu/libm-2.19.so
7effa9659000-7effa9858000 ---p 00105000 08:05 528524                     /lib/x86_64-linux-gnu/libm-2.19.so
7effa9858000-7effa9859000 r--p 00104000 08:05 528524                     /lib/x86_64-linux-gnu/libm-2.19.so
7effa9859000-7effa985a000 rw-p 00105000 08:05 528524                     /lib/x86_64-linux-gnu/libm-2.19.so
7effa985a000-7effa9940000 r-xp 00000000 08:05 1181532                    /usr/lib/x86_64-linux-gnu/libstdc++.so.6.0.19
7effa9940000-7effa9b3f000 ---p 000e6000 08:05 1181532                    /usr/lib/x86_64-linux-gnu/libstdc++.so.6.0.19
7effa9b3f000-7effa9b47000 r--p 000e5000 08:05 1181532                    /usr/lib/x86_64-linux-gnu/libstdc++.so.6.0.19
7effa9b47000-7effa9b49000 rw-p 000ed000 08:05 1181532                    /usr/lib/x86_64-linux-gnu/libstdc++.so.6.0.19
7effa9b49000-7effa9b5e000 rw-p 00000000 00:00 0 
7effa9b5e000-7effaa682000 r-xp 00000000 08:05 1183363                    /usr/lib/jvm/java-7-openjdk-amd64/jre/lib/amd64/server/libjvm.so
7effaa682000-7effaa882000 ---p 00b24000 08:05 1183363                    /usr/lib/jvm/java-7-openjdk-amd64/jre/lib/amd64/server/libjvm.so
7effaa882000-7effaa91c000 r--p 00b24000 08:05 1183363                    /usr/lib/jvm/java-7-openjdk-amd64/jre/lib/amd64/server/libjvm.so
7effaa91c000-7effaa93f000 rw-p 00bbe000 08:05 1183363                    /usr/lib/jvm/java-7-openjdk-amd64/jre/lib/amd64/server/libjvm.so
7effaa93f000-7effaa96d000 rw-p 00000000 00:00 0 
7effaa96d000-7effaa985000 r-xp 00000000 08:05 524534                     /lib/x86_64-linux-gnu/libz.so.1.2.8
7effaa985000-7effaab84000 ---p 00018000 08:05 524534                     /lib/x86_64-linux-gnu/libz.so.1.2.8
7effaab84000-7effaab85000 r--p 00017000 08:05 524534                     /lib/x86_64-linux-gnu/libz.so.1.2.8
7effaab85000-7effaab86000 rw-p 00018000 08:05 524534                     /lib/x86_64-linux-gnu/libz.so.1.2.8
7effaab86000-7effaab9f000 r-xp 00000000 08:05 528540                     /lib/x86_64-linux-gnu/libpthread-2.19.so
7effaab9f000-7effaad9e000 ---p 00019000 08:05 528540                     /lib/x86_64-linux-gnu/libpthread-2.19.so
7effaad9e000-7effaad9f000 r--p 00018000 08:05 528540                     /lib/x86_64-linux-gnu/libpthread-2.19.so
7effaad9f000-7effaada0000 rw-p 00019000 08:05 528540                     /lib/x86_64-linux-gnu/libpthread-2.19.so
7effaada0000-7effaada4000 rw-p 00000000 00:00 0 
7effaada4000-7effaada7000 r-xp 00000000 08:05 528528                     /lib/x86_64-linux-gnu/libdl-2.19.so
7effaada7000-7effaafa6000 ---p 00003000 08:05 528528                     /lib/x86_64-linux-gnu/libdl-2.19.so
7effaafa6000-7effaafa7000 r--p 00002000 08:05 528528                     /lib/x86_64-linux-gnu/libdl-2.19.so
7effaafa7000-7effaafa8000 rw-p 00003000 08:05 528528                     /lib/x86_64-linux-gnu/libdl-2.19.so
7effaafa8000-7effab163000 r-xp 00000000 08:05 528539                     /lib/x86_64-linux-gnu/libc-2.19.so
7effab163000-7effab362000 ---p 001bb000 08:05 528539                     /lib/x86_64-linux-gnu/libc-2.19.so
7effab362000-7effab366000 r--p 001ba000 08:05 528539                     /lib/x86_64-linux-gnu/libc-2.19.so
7effab366000-7effab368000 rw-p 001be000 08:05 528539                     /lib/x86_64-linux-gnu/libc-2.19.so
7effab368000-7effab36d000 rw-p 00000000 00:00 0 
7effab36d000-7effab37a000 r-xp 00000000 08:05 1183372                    /usr/lib/jvm/java-7-openjdk-amd64/jre/lib/amd64/jli/libjli.so
7effab37a000-7effab579000 ---p 0000d000 08:05 1183372                    /usr/lib/jvm/java-7-openjdk-amd64/jre/lib/amd64/jli/libjli.so
7effab579000-7effab57a000 r--p 0000c000 08:05 1183372                    /usr/lib/jvm/java-7-openjdk-amd64/jre/lib/amd64/jli/libjli.so
7effab57a000-7effab57b000 rw-p 0000d000 08:05 1183372                    /usr/lib/jvm/java-7-openjdk-amd64/jre/lib/amd64/jli/libjli.so
7effab57b000-7effab59e000 r-xp 00000000 08:05 528536                     /lib/x86_64-linux-gnu/ld-2.19.so
7effab59e000-7effab5a6000 rw-s 00000000 00:05 490768                     /drm mm object (deleted)
7effab5a6000-7effab5ad000 r--s 00000000 08:05 1182857                    /usr/lib/x86_64-linux-gnu/gconv/gconv-modules.cache
7effab5ad000-7effab5ae000 r--p 00000000 08:05 2097571                    /usr/share/locale-langpack/en_GB/LC_MESSAGES/libc.mo
7effab5ae000-7effab5b3000 r--s 0004e000 08:05 1183386                    /usr/lib/jvm/java-7-openjdk-amd64/jre/lib/jsse.jar
7effab5b3000-7effab5b4000 r--s 000f9000 08:07 3146689                    /home/lahtelat/.m2/repository/org/lwjgl/lwjgl-platform/3.0.0b/lwjgl-platform-3.0.0b-natives-linux.jar
7effab5b4000-7effab5b5000 r--s 00076000 08:07 3146688                    /home/lahtelat/.m2/repository/org/lwjgl/lwjgl-platform/3.0.0b/lwjgl-platform-3.0.0b-natives-osx.jar
7effab5b5000-7effab5b6000 r--s 00149000 08:07 3146687                    /home/lahtelat/.m2/repository/org/lwjgl/lwjgl-platform/3.0.0b/lwjgl-platform-3.0.0b-natives-windows.jar
7effab5b6000-7effab5b7000 r--s 0002c000 08:07 3277438                    /home/lahtelat/.m2/repository/org/joml/joml/1.6.8/joml-1.6.8.jar
7effab5b7000-7effab5b8000 r--s 00002000 08:05 1183331                    /usr/lib/jvm/java-7-openjdk-amd64/jre/lib/ext/dnsns.jar
7effab5b8000-7effab5c2000 rw-p 00000000 00:00 0 
7effab5c2000-7effab678000 rw-p 00000000 00:00 0 
7effab678000-7effab67b000 ---p 00000000 00:00 0 
7effab67b000-7effab77e000 rw-p 00000000 00:00 0                          [stack:14386]
7effab77e000-7effab782000 r--s 00085000 08:05 1183327                    /usr/lib/jvm/java-7-openjdk-amd64/jre/lib/ext/localedata.jar
7effab782000-7effab784000 r--s 00012000 08:05 1183326                    /usr/lib/jvm/java-7-openjdk-amd64/jre/lib/ext/zipfs.jar
7effab784000-7effab787000 r--s 0000f000 08:05 1183328                    /usr/lib/jvm/java-7-openjdk-amd64/jre/lib/ext/icedtea-sound.jar
7effab787000-7effab78b000 r--s 00034000 08:05 1183329                    /usr/lib/jvm/java-7-openjdk-amd64/jre/lib/ext/sunjce_provider.jar
7effab78b000-7effab78d000 r--s 00006000 08:05 2252021                    /usr/share/java/java-atk-wrapper.jar
7effab78d000-7effab791000 r--s 0003c000 08:05 1183330                    /usr/lib/jvm/java-7-openjdk-amd64/jre/lib/ext/sunpkcs11.jar
7effab791000-7effab799000 rw-s 00000000 08:05 655489                     /tmp/hsperfdata_lahtelat/14382
7effab799000-7effab79a000 rw-p 00000000 00:00 0 
7effab79a000-7effab79b000 r--p 00000000 00:00 0 
7effab79b000-7effab79d000 rw-p 00000000 00:00 0 
7effab79d000-7effab79e000 r--p 00022000 08:05 528536                     /lib/x86_64-linux-gnu/ld-2.19.so
7effab79e000-7effab79f000 rw-p 00023000 08:05 528536                     /lib/x86_64-linux-gnu/ld-2.19.so
7effab79f000-7effab7a0000 rw-p 00000000 00:00 0 
7ffcb1482000-7ffcb14a3000 rw-p 00000000 00:00 0                          [stack]
7ffcb158a000-7ffcb158c000 r--p 00000000 00:00 0                          [vvar]
7ffcb158c000-7ffcb158e000 r-xp 00000000 00:00 0                          [vdso]
ffffffffff600000-ffffffffff601000 r-xp 00000000 00:00 0                  [vsyscall]

VM Arguments:
java_command: com.goodgames.ponggame.Main
Launcher Type: SUN_STANDARD

Environment Variables:
JAVA_HOME=/usr/lib/jvm/default-java
PATH=/bin:/usr/local/sbin:/usr/local/bin:/usr/sbin:/usr/bin:/sbin:/bin:/usr/games:/usr/local/games
LD_LIBRARY_PATH=/usr/lib/jvm/default-java/jre/lib/amd64:/usr/lib/jvm/default-java/jre/lib/i386:
SHELL=/bin/bash
DISPLAY=:0

Signal Handlers:
SIGSEGV: [libjvm.so+0x9548f0], sa_mask[0]=0x7ffbfeff, sa_flags=0x10000004
SIGBUS: [libjvm.so+0x9548f0], sa_mask[0]=0x7ffbfeff, sa_flags=0x10000004
SIGFPE: [libjvm.so+0x7cb0b0], sa_mask[0]=0x7ffbfeff, sa_flags=0x10000004
SIGPIPE: [libjvm.so+0x7cb0b0], sa_mask[0]=0x7ffbfeff, sa_flags=0x10000004
SIGXFSZ: [libjvm.so+0x7cb0b0], sa_mask[0]=0x7ffbfeff, sa_flags=0x10000004
SIGILL: [libjvm.so+0x7cb0b0], sa_mask[0]=0x7ffbfeff, sa_flags=0x10000004
SIGUSR1: SIG_DFL, sa_mask[0]=0x00000000, sa_flags=0x00000000
SIGUSR2: [libjvm.so+0x7caf50], sa_mask[0]=0x00000004, sa_flags=0x10000004
SIGHUP: [libjvm.so+0x7cb130], sa_mask[0]=0x7ffbfeff, sa_flags=0x10000004
SIGINT: SIG_IGN, sa_mask[0]=0x00000000, sa_flags=0x00000000
SIGTERM: [libjvm.so+0x7cb130], sa_mask[0]=0x7ffbfeff, sa_flags=0x10000004
SIGQUIT: [libjvm.so+0x7cb130], sa_mask[0]=0x7ffbfeff, sa_flags=0x10000004
SIGTRAP: SIG_DFL, sa_mask[0]=0x00000000, sa_flags=0x00000000


---------------  S Y S T E M  ---------------

OS:Ubuntu 14.04 (trusty)
uname:Linux 3.19.0-47-generic #53~14.04.1-Ubuntu SMP Mon Jan 18 16:09:14 UTC 2016 x86_64
libc:glibc 2.19 NPTL 2.19 
rlimit: STACK 8192k, CORE 0k, NPROC 31353, NOFILE 4096, AS infinity
load average:0.94 1.93 2.08

/proc/meminfo:
MemTotal:        8048044 kB
MemFree:         4127708 kB
MemAvailable:    5149992 kB
Buffers:          259432 kB
Cached:          1296984 kB
SwapCached:        30560 kB
Active:          2623724 kB
Inactive:        1026100 kB
Active(anon):    1863816 kB
Inactive(anon):   667040 kB
Active(file):     759908 kB
Inactive(file):   359060 kB
Unevictable:          32 kB
Mlocked:              32 kB
SwapTotal:       4999164 kB
SwapFree:        4959568 kB
Dirty:               396 kB
Writeback:             0 kB
AnonPages:       2063264 kB
Mapped:           349452 kB
Shmem:            437448 kB
Slab:             179348 kB
SReclaimable:     144484 kB
SUnreclaim:        34864 kB
KernelStack:        8640 kB
PageTables:        33552 kB
NFS_Unstable:          0 kB
Bounce:                0 kB
WritebackTmp:          0 kB
CommitLimit:     9023184 kB
Committed_AS:    5540692 kB
VmallocTotal:   34359738367 kB
VmallocUsed:      561236 kB
VmallocChunk:   34359138684 kB
HardwareCorrupted:     0 kB
AnonHugePages:   1230848 kB
CmaTotal:              0 kB
CmaFree:               0 kB
HugePages_Total:       0
HugePages_Free:        0
HugePages_Rsvd:        0
HugePages_Surp:        0
Hugepagesize:       2048 kB
DirectMap4k:      103936 kB
DirectMap2M:     3962880 kB
DirectMap1G:     5242880 kB


CPU:total 4 (2 cores per cpu, 2 threads per core) family 6 model 61 stepping 4, cmov, cx8, fxsr, mmx, sse, sse2, sse3, ssse3, sse4.1, sse4.2, popcnt, avx, avx2, aes, erms, ht, tsc, tscinvbit

/proc/cpuinfo:
processor	: 0
vendor_id	: GenuineIntel
cpu family	: 6
model		: 61
model name	: Intel(R) Core(TM) i5-5300U CPU @ 2.30GHz
stepping	: 4
microcode	: 0x1f
cpu MHz		: 2700.253
cache size	: 3072 KB
physical id	: 0
siblings	: 4
core id		: 0
cpu cores	: 2
apicid		: 0
initial apicid	: 0
fpu		: yes
fpu_exception	: yes
cpuid level	: 20
wp		: yes
flags		: fpu vme de pse tsc msr pae mce cx8 apic sep mtrr pge mca cmov pat pse36 clflush dts acpi mmx fxsr sse sse2 ss ht tm pbe syscall nx pdpe1gb rdtscp lm constant_tsc arch_perfmon pebs bts rep_good nopl xtopology nonstop_tsc aperfmperf eagerfpu pni pclmulqdq dtes64 monitor ds_cpl vmx smx est tm2 ssse3 fma cx16 xtpr pdcm pcid sse4_1 sse4_2 x2apic movbe popcnt tsc_deadline_timer aes xsave avx f16c rdrand lahf_lm abm 3dnowprefetch ida arat epb pln pts dtherm tpr_shadow vnmi flexpriority ept vpid fsgsbase tsc_adjust bmi1 hle avx2 smep bmi2 erms invpcid rtm rdseed adx smap xsaveopt
bugs		:
bogomips	: 4589.46
clflush size	: 64
cache_alignment	: 64
address sizes	: 39 bits physical, 48 bits virtual
power management:

processor	: 1
vendor_id	: GenuineIntel
cpu family	: 6
model		: 61
model name	: Intel(R) Core(TM) i5-5300U CPU @ 2.30GHz
stepping	: 4
microcode	: 0x1f
cpu MHz		: 2699.984
cache size	: 3072 KB
physical id	: 0
siblings	: 4
core id		: 0
cpu cores	: 2
apicid		: 1
initial apicid	: 1
fpu		: yes
fpu_exception	: yes
cpuid level	: 20
wp		: yes
flags		: fpu vme de pse tsc msr pae mce cx8 apic sep mtrr pge mca cmov pat pse36 clflush dts acpi mmx fxsr sse sse2 ss ht tm pbe syscall nx pdpe1gb rdtscp lm constant_tsc arch_perfmon pebs bts rep_good nopl xtopology nonstop_tsc aperfmperf eagerfpu pni pclmulqdq dtes64 monitor ds_cpl vmx smx est tm2 ssse3 fma cx16 xtpr pdcm pcid sse4_1 sse4_2 x2apic movbe popcnt tsc_deadline_timer aes xsave avx f16c rdrand lahf_lm abm 3dnowprefetch ida arat epb pln pts dtherm tpr_shadow vnmi flexpriority ept vpid fsgsbase tsc_adjust bmi1 hle avx2 smep bmi2 erms invpcid rtm rdseed adx smap xsaveopt
bugs		:
bogomips	: 4589.46
clflush size	: 64
cache_alignment	: 64
address sizes	: 39 bits physical, 48 bits virtual
power management:

processor	: 2
vendor_id	: GenuineIntel
cpu family	: 6
model		: 61
model name	: Intel(R) Core(TM) i5-5300U CPU @ 2.30GHz
stepping	: 4
microcode	: 0x1f
cpu MHz		: 2836.816
cache size	: 3072 KB
physical id	: 0
siblings	: 4
core id		: 1
cpu cores	: 2
apicid		: 2
initial apicid	: 2
fpu		: yes
fpu_exception	: yes
cpuid level	: 20
wp		: yes
flags		: fpu vme de pse tsc msr pae mce cx8 apic sep mtrr pge mca cmov pat pse36 clflush dts acpi mmx fxsr sse sse2 ss ht tm pbe syscall nx pdpe1gb rdtscp lm constant_tsc arch_perfmon pebs bts rep_good nopl xtopology nonstop_tsc aperfmperf eagerfpu pni pclmulqdq dtes64 monitor ds_cpl vmx smx est tm2 ssse3 fma cx16 xtpr pdcm pcid sse4_1 sse4_2 x2apic movbe popcnt tsc_deadline_timer aes xsave avx f16c rdrand lahf_lm abm 3dnowprefetch ida arat epb pln pts dtherm tpr_shadow vnmi flexpriority ept vpid fsgsbase tsc_adjust bmi1 hle avx2 smep bmi2 erms invpcid rtm rdseed adx smap xsaveopt
bugs		:
bogomips	: 4589.46
clflush size	: 64
cache_alignment	: 64
address sizes	: 39 bits physical, 48 bits virtual
power management:

processor	: 3
vendor_id	: GenuineIntel
cpu family	: 6
model		: 61
model name	: Intel(R) Core(TM) i5-5300U CPU @ 2.30GHz
stepping	: 4
microcode	: 0x1f
cpu MHz		: 2828.820
cache size	: 3072 KB
physical id	: 0
siblings	: 4
core id		: 1
cpu cores	: 2
apicid		: 3
initial apicid	: 3
fpu		: yes
fpu_exception	: yes
cpuid level	: 20
wp		: yes
flags		: fpu vme de pse tsc msr pae mce cx8 apic sep mtrr pge mca cmov pat pse36 clflush dts acpi mmx fxsr sse sse2 ss ht tm pbe syscall nx pdpe1gb rdtscp lm constant_tsc arch_perfmon pebs bts rep_good nopl xtopology nonstop_tsc aperfmperf eagerfpu pni pclmulqdq dtes64 monitor ds_cpl vmx smx est tm2 ssse3 fma cx16 xtpr pdcm pcid sse4_1 sse4_2 x2apic movbe popcnt tsc_deadline_timer aes xsave avx f16c rdrand lahf_lm abm 3dnowprefetch ida arat epb pln pts dtherm tpr_shadow vnmi flexpriority ept vpid fsgsbase tsc_adjust bmi1 hle avx2 smep bmi2 erms invpcid rtm rdseed adx smap xsaveopt
bugs		:
bogomips	: 4589.46
clflush size	: 64
cache_alignment	: 64
address sizes	: 39 bits physical, 48 bits virtual
power management:



Memory: 4k page, physical 8048044k(4127708k free), swap 4999164k(4959568k free)

vm_info: OpenJDK 64-Bit Server VM (24.91-b01) for linux-amd64 JRE (1.7.0_91-b02), built on Nov 19 2015 06:14:37 by "buildd" with gcc 4.8.2

time: Mon Jan 25 01:20:18 2016
elapsed time: 1 seconds

