#
# A fatal error has been detected by the Java Runtime Environment:
#
#  SIGSEGV (0xb) at pc=0x00007f38577c01bd, pid=3547, tid=139879970211584
#
# JRE version: OpenJDK Runtime Environment (7.0_91-b02) (build 1.7.0_91-b02)
# Java VM: OpenJDK 64-Bit Server VM (24.91-b01 mixed mode linux-amd64 compressed oops)
# Derivative: IcedTea 2.6.3
# Distribution: Ubuntu 14.04 LTS, package 7u91-2.6.3-0ubuntu0.14.04.1
# Problematic frame:
# C  [libc.so.6+0x981bd]
#
# Failed to write core dump. Core dumps have been disabled. To enable core dumping, try "ulimit -c unlimited" before starting Java again
#
# If you would like to submit a bug report, please include
# instructions on how to reproduce the bug and visit:
#   http://icedtea.classpath.org/bugzilla
# The crash happened outside the Java Virtual Machine in native code.
# See problematic frame for where to report the bug.
#

---------------  T H R E A D  ---------------

Current thread (0x00007f385000a000):  JavaThread "main" [_thread_in_native, id=3551, stack(0x00007f3857df8000,0x00007f3857ef9000)]

siginfo:si_signo=SIGSEGV: si_errno=0, si_code=1 (SEGV_MAPERR), si_addr=0x0000000000000000

Registers:
RAX=0xffff80c7b99efff4, RBX=0x0000000000000000, RCX=0x0000000000000018, RDX=0x000000000000000c
RSP=0x00007f3857ef72e8, RBP=0x0000000000000023, RSI=0x0000000000000000, RDI=0x00007f3846610000
R8 =0x00007f3844151eb0, R9 =0x0000000000000024, R10=0x0000000000000000, R11=0x0000000000000246
R12=0x000000000000000c, R13=0x0000000000000060, R14=0x00007f3844151ea8, R15=0x000000000000000c
RIP=0x00007f38577c01bd, EFLAGS=0x0000000000010202, CSGSFS=0x0000000000000033, ERR=0x0000000000000004
  TRAPNO=0x000000000000000e

Top of Stack: (sp=0x00007f3857ef72e8)
0x00007f3857ef72e8:   00007f383debda0e 00007f384d00ecd8
0x00007f3857ef72f8:   000000244412e038 00007f38506a1e40
0x00007f3857ef7308:   00007f3844151eb0 00007f384412e038
0x00007f3857ef7318:   00007f3857ef7370 00007f3844151da8
0x00007f3857ef7328:   0000000000000000 0000000000000000
0x00007f3857ef7338:   00007f383debe2f4 00007f384d00ecd8
0x00007f3857ef7348:   00007f3800000001 0000002300000000
0x00007f3857ef7358:   0000000000000000 00007f38506a1c20
0x00007f3857ef7368:   0000002300000001 00007f3844151da8
0x00007f3857ef7378:   00007f3857ef7480 0000000000000003
0x00007f3857ef7388:   0000000100000001 00007f3857ef7400
0x00007f3857ef7398:   0000000000000001 00007f38506a1c20
0x00007f3857ef73a8:   0000000000000000 0000000000000000
0x00007f3857ef73b8:   0000000000000001 00007f384412e038
0x00007f3857ef73c8:   00007f383df6580c 0000000800000000
0x00007f3857ef73d8:   0000000700000000 0000000700000001
0x00007f3857ef73e8:   0000000000000320 00007f3800000258
0x00007f3857ef73f8:   00007f3800000001 0000000000000000
0x00007f3857ef7408:   00007f3800000000 000000013e32ece8
0x00007f3857ef7418:   00007f3800000001 0000000100000000
0x00007f3857ef7428:   00007f38506af910 00007f384412e038
0x00007f3857ef7438:   00007f38506af910 0000000000000001
0x00007f3857ef7448:   0000000000000320 0000000000000258
0x00007f3857ef7458:   00007f38506a1c20 00007f384412e038
0x00007f3857ef7468:   00007f383df1fd7c 00007f3800000001
0x00007f3857ef7478:   00007f3800000001 0000000000000320
0x00007f3857ef7488:   00007f384412e038 00007f3844153138
0x00007f3857ef7498:   0000000000000036 0000000000000078
0x00007f3857ef74a8:   00007f3857ef7600 00007f383e32ece8
0x00007f3857ef74b8:   00007f383df66c8c 0000032000000000
0x00007f3857ef74c8:   00007f384412e038 00007f3844153138
0x00007f3857ef74d8:   0000000000000036 00007f383e32ece8 

Instructions: (pc=0x00007f38577c01bd)
0x00007f38577c019d:   b7 44 16 fe 66 89 44 17 fe e9 63 fe ff ff 48 8d
0x00007f38577c01ad:   42 ff 90 0f b6 14 06 88 14 07 48 83 e8 01 eb f3
0x00007f38577c01bd:   48 8b 06 48 89 07 48 8b 44 16 f8 48 89 44 17 f8
0x00007f38577c01cd:   e9 3c fe ff ff 31 c0 eb 90 8b 06 89 07 8b 44 16 

Register to memory mapping:

RAX=0xffff80c7b99efff4 is an unknown value
RBX=0x0000000000000000 is an unknown value
RCX=0x0000000000000018 is an unknown value
RDX=0x000000000000000c is an unknown value
RSP=0x00007f3857ef72e8 is pointing into the stack for thread: 0x00007f385000a000
RBP=0x0000000000000023 is an unknown value
RSI=0x0000000000000000 is an unknown value
RDI=0x00007f3846610000 is an unknown value
R8 =0x00007f3844151eb0 is an unknown value
R9 =0x0000000000000024 is an unknown value
R10=0x0000000000000000 is an unknown value
R11=0x0000000000000246 is an unknown value
R12=0x000000000000000c is an unknown value
R13=0x0000000000000060 is an unknown value
R14=0x00007f3844151ea8 is an unknown value
R15=0x000000000000000c is an unknown value


Stack: [0x00007f3857df8000,0x00007f3857ef9000],  sp=0x00007f3857ef72e8,  free space=1020k
Native frames: (J=compiled Java code, j=interpreted, Vv=VM code, C=native code)
C  [libc.so.6+0x981bd]

Java frames: (J=compiled Java code, j=interpreted, Vv=VM code)
j  org.lwjgl.system.JNI.callIIIV(JIII)V+0
j  org.lwjgl.opengl.GL11.glDrawArrays(III)V+11
j  com.goodgames.ponggame.gameobjects.Bat.render()V+158
j  com.goodgames.ponggame.Game.render()V+4
j  com.goodgames.ponggame.GameWindow.render()V+17
j  com.goodgames.ponggame.GameWindow.run()V+15
j  com.goodgames.ponggame.GameWindow.startGame()V+19
j  com.goodgames.ponggame.Main.main([Ljava/lang/String;)V+7
v  ~StubRoutines::call_stub

---------------  P R O C E S S  ---------------

Java Threads: ( => current thread )
  0x00007f38500af800 JavaThread "Service Thread" daemon [_thread_blocked, id=3565, stack(0x00007f3846bc6000,0x00007f3846cc7000)]
  0x00007f38500ad000 JavaThread "C2 CompilerThread1" daemon [_thread_blocked, id=3564, stack(0x00007f3846cc7000,0x00007f3846dc8000)]
  0x00007f38500aa000 JavaThread "C2 CompilerThread0" daemon [_thread_blocked, id=3563, stack(0x00007f3846dc8000,0x00007f3846ec9000)]
  0x00007f38500a8000 JavaThread "Signal Dispatcher" daemon [_thread_blocked, id=3562, stack(0x00007f3846ec9000,0x00007f3846fca000)]
  0x00007f385007c000 JavaThread "Finalizer" daemon [_thread_blocked, id=3559, stack(0x00007f38474f5000,0x00007f38475f6000)]
  0x00007f385007a000 JavaThread "Reference Handler" daemon [_thread_blocked, id=3558, stack(0x00007f38475f6000,0x00007f38476f7000)]
=>0x00007f385000a000 JavaThread "main" [_thread_in_native, id=3551, stack(0x00007f3857df8000,0x00007f3857ef9000)]

Other Threads:
  0x00007f3850075800 VMThread [stack: 0x00007f38476f7000,0x00007f38477f8000] [id=3557]
  0x00007f38500ba000 WatcherThread [stack: 0x00007f3846ac5000,0x00007f3846bc6000] [id=3566]

VM state:not at safepoint (normal execution)

VM Mutex/Monitor currently owned by a thread: None

Heap
 PSYoungGen      total 36864K, used 13853K [0x00000007d7080000, 0x00000007d9980000, 0x0000000800000000)
  eden space 31744K, 43% used [0x00000007d7080000,0x00000007d7e07610,0x00000007d8f80000)
  from space 5120K, 0% used [0x00000007d9480000,0x00000007d9480000,0x00000007d9980000)
  to   space 5120K, 0% used [0x00000007d8f80000,0x00000007d8f80000,0x00000007d9480000)
 ParOldGen       total 83456K, used 0K [0x0000000785200000, 0x000000078a380000, 0x00000007d7080000)
  object space 83456K, 0% used [0x0000000785200000,0x0000000785200000,0x000000078a380000)
 PSPermGen       total 21504K, used 8854K [0x000000077ac00000, 0x000000077c100000, 0x0000000785200000)
  object space 21504K, 41% used [0x000000077ac00000,0x000000077b4a5a30,0x000000077c100000)

Card table byte_map: [0x00007f3854606000,0x00007f3854a31000] byte_map_base: 0x00007f3850a30000

Polling page: 0x00007f3857f1a000

Code Cache  [0x00007f384d000000, 0x00007f384d270000, 0x00007f3850000000)
 total_blobs=670 nmethods=29 adapters=595 free_code_cache=48484Kb largest_free_block=49645312

Compilation events (10 events):
Event: 1.214 Thread 0x00007f38500aa000   25             sun.net.www.ParseUtil::encodePath (336 bytes)
Event: 1.228 Thread 0x00007f38500aa000 nmethod 25 0x00007f384d098fd0 code [0x00007f384d0991a0, 0x00007f384d099a28]
Event: 1.229 Thread 0x00007f38500ad000   26             java.lang.String::length (6 bytes)
Event: 1.230 Thread 0x00007f38500ad000 nmethod 26 0x00007f384d095350 code [0x00007f384d095480, 0x00007f384d0954f8]
Event: 1.250 Thread 0x00007f38500ad000   27             java.lang.Math::min (11 bytes)
Event: 1.251 Thread 0x00007f38500ad000 nmethod 27 0x00007f384d08d510 code [0x00007f384d08d640, 0x00007f384d08d678]
Event: 1.337 Thread 0x00007f38500ad000   28 %           sun.net.www.ParseUtil::encodePath @ 29 (336 bytes)
Event: 1.353 Thread 0x00007f38500ad000 nmethod 28% 0x00007f384d09e4d0 code [0x00007f384d09e6a0, 0x00007f384d09ee28]
Event: 1.354 Thread 0x00007f38500aa000   29             sun.net.www.ParseUtil::encodePath (336 bytes)
Event: 1.372 Thread 0x00007f38500aa000 nmethod 29 0x00007f384d0a3c50 code [0x00007f384d0a3e00, 0x00007f384d0a47d8]

GC Heap History (0 events):
No events

Deoptimization events (3 events):
Event: 0.107 Thread 0x00007f385000a000 Uncommon trap: reason=unstable_if action=reinterpret pc=0x00007f384d062ff4 method=java.lang.String.indexOf([CII[CIII)I @ 134
Event: 0.124 Thread 0x00007f385000a000 Uncommon trap: reason=unstable_if action=reinterpret pc=0x00007f384d05fa80 method=java.lang.String.indexOf(II)I @ 49
Event: 1.305 Thread 0x00007f385000a000 Uncommon trap: reason=unstable_if action=reinterpret pc=0x00007f384d0998c4 method=sun.net.www.ParseUtil.encodePath(Ljava/lang/String;Z)Ljava/lang/String; @ 109

Internal exceptions (10 events):
Event: 1.389 Thread 0x00007f385000a000 Threw 0x00000007d7d174e8 at /build/openjdk-7-zaTxYK/openjdk-7-7u91-2.6.3/build/openjdk/hotspot/src/share/vm/prims/jvm.cpp:1322
Event: 1.395 Thread 0x00007f385000a000 Threw 0x00000007d7d2e1c0 at /build/openjdk-7-zaTxYK/openjdk-7-7u91-2.6.3/build/openjdk/hotspot/src/share/vm/prims/jvm.cpp:1322
Event: 1.402 Thread 0x00007f385000a000 Threw 0x00000007d7d51168 at /build/openjdk-7-zaTxYK/openjdk-7-7u91-2.6.3/build/openjdk/hotspot/src/share/vm/prims/jvm.cpp:1322
Event: 1.403 Thread 0x00007f385000a000 Threw 0x00000007d7d6ac80 at /build/openjdk-7-zaTxYK/openjdk-7-7u91-2.6.3/build/openjdk/hotspot/src/share/vm/prims/jvm.cpp:1322
Event: 1.403 Thread 0x00007f385000a000 Threw 0x00000007d7d6dd88 at /build/openjdk-7-zaTxYK/openjdk-7-7u91-2.6.3/build/openjdk/hotspot/src/share/vm/prims/jvm.cpp:1322
Event: 1.414 Thread 0x00007f385000a000 Threw 0x00000007d7d895c8 at /build/openjdk-7-zaTxYK/openjdk-7-7u91-2.6.3/build/openjdk/hotspot/src/share/vm/prims/jvm.cpp:1322
Event: 1.414 Thread 0x00007f385000a000 Threw 0x00000007d7d8da38 at /build/openjdk-7-zaTxYK/openjdk-7-7u91-2.6.3/build/openjdk/hotspot/src/share/vm/prims/jvm.cpp:1322
Event: 1.415 Thread 0x00007f385000a000 Threw 0x00000007d7d91470 at /build/openjdk-7-zaTxYK/openjdk-7-7u91-2.6.3/build/openjdk/hotspot/src/share/vm/prims/jvm.cpp:1322
Event: 1.420 Thread 0x00007f385000a000 Threw 0x00000007d7d9b710 at /build/openjdk-7-zaTxYK/openjdk-7-7u91-2.6.3/build/openjdk/hotspot/src/share/vm/prims/jvm.cpp:1322
Event: 1.420 Thread 0x00007f385000a000 Threw 0x00000007d7da0188 at /build/openjdk-7-zaTxYK/openjdk-7-7u91-2.6.3/build/openjdk/hotspot/src/share/vm/prims/jvm.cpp:1322

Events (10 events):
Event: 1.414 loading class 0x00007f385012d010
Event: 1.414 loading class 0x00007f385012d010 done
Event: 1.414 loading class 0x00007f3850f13370
Event: 1.414 loading class 0x00007f3850f13370 done
Event: 1.415 loading class 0x00007f3850f133b0
Event: 1.415 loading class 0x00007f3850f133b0 done
Event: 1.419 loading class 0x00007f3850e16f80
Event: 1.419 loading class 0x00007f3850e16f80 done
Event: 1.420 loading class 0x00007f38500fe050
Event: 1.420 loading class 0x00007f38500fe050 done


Dynamic libraries:
00400000-00401000 r-xp 00000000 08:05 1183315                            /usr/lib/jvm/java-7-openjdk-amd64/jre/bin/java
00600000-00601000 r--p 00000000 08:05 1183315                            /usr/lib/jvm/java-7-openjdk-amd64/jre/bin/java
00601000-00602000 rw-p 00001000 08:05 1183315                            /usr/lib/jvm/java-7-openjdk-amd64/jre/bin/java
01a1d000-01a3e000 rw-p 00000000 00:00 0                                  [heap]
77ac00000-77c100000 rw-p 00000000 00:00 0 
77c100000-785200000 rw-p 00000000 00:00 0 
785200000-78a380000 rw-p 00000000 00:00 0 
78a380000-7d7080000 rw-p 00000000 00:00 0 
7d7080000-7d9980000 rw-p 00000000 00:00 0 
7d9980000-800000000 rw-p 00000000 00:00 0 
7f380c000000-7f380c021000 rw-p 00000000 00:00 0 
7f380c021000-7f3810000000 ---p 00000000 00:00 0 
7f3810000000-7f3810021000 rw-p 00000000 00:00 0 
7f3810021000-7f3814000000 ---p 00000000 00:00 0 
7f3814000000-7f3814124000 rw-p 00000000 00:00 0 
7f3814124000-7f3818000000 ---p 00000000 00:00 0 
7f3818000000-7f38180a9000 rw-p 00000000 00:00 0 
7f38180a9000-7f381c000000 ---p 00000000 00:00 0 
7f381c000000-7f381c021000 rw-p 00000000 00:00 0 
7f381c021000-7f3820000000 ---p 00000000 00:00 0 
7f3820000000-7f3820021000 rw-p 00000000 00:00 0 
7f3820021000-7f3824000000 ---p 00000000 00:00 0 
7f3824000000-7f3824021000 rw-p 00000000 00:00 0 
7f3824021000-7f3828000000 ---p 00000000 00:00 0 
7f382a294000-7f382a2d1000 r-xp 00000000 08:05 528522                     /lib/x86_64-linux-gnu/libpcre.so.3.13.1
7f382a2d1000-7f382a4d0000 ---p 0003d000 08:05 528522                     /lib/x86_64-linux-gnu/libpcre.so.3.13.1
7f382a4d0000-7f382a4d1000 r--p 0003c000 08:05 528522                     /lib/x86_64-linux-gnu/libpcre.so.3.13.1
7f382a4d1000-7f382a4d2000 rw-p 0003d000 08:05 528522                     /lib/x86_64-linux-gnu/libpcre.so.3.13.1
7f382a4d2000-7f382a4d9000 r-xp 00000000 08:05 1179820                    /usr/lib/x86_64-linux-gnu/libffi.so.6.0.1
7f382a4d9000-7f382a6d8000 ---p 00007000 08:05 1179820                    /usr/lib/x86_64-linux-gnu/libffi.so.6.0.1
7f382a6d8000-7f382a6d9000 r--p 00006000 08:05 1179820                    /usr/lib/x86_64-linux-gnu/libffi.so.6.0.1
7f382a6d9000-7f382a6da000 rw-p 00007000 08:05 1179820                    /usr/lib/x86_64-linux-gnu/libffi.so.6.0.1
7f382a6da000-7f382a6f1000 r-xp 00000000 08:05 524388                     /lib/x86_64-linux-gnu/libresolv-2.19.so
7f382a6f1000-7f382a8f1000 ---p 00017000 08:05 524388                     /lib/x86_64-linux-gnu/libresolv-2.19.so
7f382a8f1000-7f382a8f2000 r--p 00017000 08:05 524388                     /lib/x86_64-linux-gnu/libresolv-2.19.so
7f382a8f2000-7f382a8f3000 rw-p 00018000 08:05 524388                     /lib/x86_64-linux-gnu/libresolv-2.19.so
7f382a8f3000-7f382a8f5000 rw-p 00000000 00:00 0 
7f382a8f5000-7f382a915000 r-xp 00000000 08:05 524308                     /lib/x86_64-linux-gnu/libselinux.so.1
7f382a915000-7f382ab14000 ---p 00020000 08:05 524308                     /lib/x86_64-linux-gnu/libselinux.so.1
7f382ab14000-7f382ab15000 r--p 0001f000 08:05 524308                     /lib/x86_64-linux-gnu/libselinux.so.1
7f382ab15000-7f382ab16000 rw-p 00020000 08:05 524308                     /lib/x86_64-linux-gnu/libselinux.so.1
7f382ab16000-7f382ab18000 rw-p 00000000 00:00 0 
7f382ab18000-7f382ab1b000 r-xp 00000000 08:05 1185438                    /usr/lib/x86_64-linux-gnu/libgmodule-2.0.so.0.4002.0
7f382ab1b000-7f382ad1a000 ---p 00003000 08:05 1185438                    /usr/lib/x86_64-linux-gnu/libgmodule-2.0.so.0.4002.0
7f382ad1a000-7f382ad1b000 r--p 00002000 08:05 1185438                    /usr/lib/x86_64-linux-gnu/libgmodule-2.0.so.0.4002.0
7f382ad1b000-7f382ad1c000 rw-p 00003000 08:05 1185438                    /usr/lib/x86_64-linux-gnu/libgmodule-2.0.so.0.4002.0
7f382ad1c000-7f382ae22000 r-xp 00000000 08:05 524681                     /lib/x86_64-linux-gnu/libglib-2.0.so.0.4002.0
7f382ae22000-7f382b021000 ---p 00106000 08:05 524681                     /lib/x86_64-linux-gnu/libglib-2.0.so.0.4002.0
7f382b021000-7f382b022000 r--p 00105000 08:05 524681                     /lib/x86_64-linux-gnu/libglib-2.0.so.0.4002.0
7f382b022000-7f382b023000 rw-p 00106000 08:05 524681                     /lib/x86_64-linux-gnu/libglib-2.0.so.0.4002.0
7f382b023000-7f382b024000 rw-p 00000000 00:00 0 
7f382b024000-7f382b073000 r-xp 00000000 08:05 1185440                    /usr/lib/x86_64-linux-gnu/libgobject-2.0.so.0.4002.0
7f382b073000-7f382b273000 ---p 0004f000 08:05 1185440                    /usr/lib/x86_64-linux-gnu/libgobject-2.0.so.0.4002.0
7f382b273000-7f382b274000 r--p 0004f000 08:05 1185440                    /usr/lib/x86_64-linux-gnu/libgobject-2.0.so.0.4002.0
7f382b274000-7f382b275000 rw-p 00050000 08:05 1185440                    /usr/lib/x86_64-linux-gnu/libgobject-2.0.so.0.4002.0
7f382b275000-7f382b3e1000 r-xp 00000000 08:05 1185447                    /usr/lib/x86_64-linux-gnu/libgio-2.0.so.0.4002.0
7f382b3e1000-7f382b5e0000 ---p 0016c000 08:05 1185447                    /usr/lib/x86_64-linux-gnu/libgio-2.0.so.0.4002.0
7f382b5e0000-7f382b5e4000 r--p 0016b000 08:05 1185447                    /usr/lib/x86_64-linux-gnu/libgio-2.0.so.0.4002.0
7f382b5e4000-7f382b5e6000 rw-p 0016f000 08:05 1185447                    /usr/lib/x86_64-linux-gnu/libgio-2.0.so.0.4002.0
7f382b5e6000-7f382b5e8000 rw-p 00000000 00:00 0 
7f382b5e8000-7f382b5ff000 r-xp 00000000 08:05 1183375                    /usr/lib/jvm/java-7-openjdk-amd64/jre/lib/amd64/libnet.so
7f382b5ff000-7f382b7fe000 ---p 00017000 08:05 1183375                    /usr/lib/jvm/java-7-openjdk-amd64/jre/lib/amd64/libnet.so
7f382b7fe000-7f382b7ff000 r--p 00016000 08:05 1183375                    /usr/lib/jvm/java-7-openjdk-amd64/jre/lib/amd64/libnet.so
7f382b7ff000-7f382b800000 rw-p 00017000 08:05 1183375                    /usr/lib/jvm/java-7-openjdk-amd64/jre/lib/amd64/libnet.so
7f382b800000-7f382ba00000 rw-p 00000000 00:00 0 
7f382bac7000-7f3830000000 rw-p 00000000 00:00 0 
7f3830000000-7f3830021000 rw-p 00000000 00:00 0 
7f3830021000-7f3834000000 ---p 00000000 00:00 0 
7f3834000000-7f3834021000 rw-p 00000000 00:00 0 
7f3834021000-7f3838000000 ---p 00000000 00:00 0 
7f3838000000-7f3838021000 rw-p 00000000 00:00 0 
7f3838021000-7f383c000000 ---p 00000000 00:00 0 
7f383c022000-7f383c032000 r-xp 00000000 08:05 1183344                    /usr/lib/jvm/java-7-openjdk-amd64/jre/lib/amd64/libnio.so
7f383c032000-7f383c232000 ---p 00010000 08:05 1183344                    /usr/lib/jvm/java-7-openjdk-amd64/jre/lib/amd64/libnio.so
7f383c232000-7f383c233000 r--p 00010000 08:05 1183344                    /usr/lib/jvm/java-7-openjdk-amd64/jre/lib/amd64/libnio.so
7f383c233000-7f383c234000 rw-p 00011000 08:05 1183344                    /usr/lib/jvm/java-7-openjdk-amd64/jre/lib/amd64/libnio.so
7f383c234000-7f383d139000 rw-p 00000000 00:00 0 
7f383d139000-7f383d170000 r-xp 00000000 08:05 1185873                    /usr/lib/x86_64-linux-gnu/libtxc_dxtn_s2tc.so.0.0.0
7f383d170000-7f383d36f000 ---p 00037000 08:05 1185873                    /usr/lib/x86_64-linux-gnu/libtxc_dxtn_s2tc.so.0.0.0
7f383d36f000-7f383d370000 r--p 00036000 08:05 1185873                    /usr/lib/x86_64-linux-gnu/libtxc_dxtn_s2tc.so.0.0.0
7f383d370000-7f383d371000 rw-p 00037000 08:05 1185873                    /usr/lib/x86_64-linux-gnu/libtxc_dxtn_s2tc.so.0.0.0
7f383d371000-7f383d379000 r-xp 00000000 08:05 1185761                    /usr/lib/x86_64-linux-gnu/libpciaccess.so.0.11.1
7f383d379000-7f383d578000 ---p 00008000 08:05 1185761                    /usr/lib/x86_64-linux-gnu/libpciaccess.so.0.11.1
7f383d578000-7f383d579000 r--p 00007000 08:05 1185761                    /usr/lib/x86_64-linux-gnu/libpciaccess.so.0.11.1
7f383d579000-7f383d57a000 rw-p 00008000 08:05 1185761                    /usr/lib/x86_64-linux-gnu/libpciaccess.so.0.11.1
7f383d57a000-7f383d586000 r-xp 00000000 08:05 1185770                    /usr/lib/x86_64-linux-gnu/libdrm_radeon.so.1.0.1
7f383d586000-7f383d785000 ---p 0000c000 08:05 1185770                    /usr/lib/x86_64-linux-gnu/libdrm_radeon.so.1.0.1
7f383d785000-7f383d786000 r--p 0000b000 08:05 1185770                    /usr/lib/x86_64-linux-gnu/libdrm_radeon.so.1.0.1
7f383d786000-7f383d787000 rw-p 0000c000 08:05 1185770                    /usr/lib/x86_64-linux-gnu/libdrm_radeon.so.1.0.1
7f383d787000-7f383d78d000 r-xp 00000000 08:05 1185768                    /usr/lib/x86_64-linux-gnu/libdrm_nouveau.so.2.0.0
7f383d78d000-7f383d98c000 ---p 00006000 08:05 1185768                    /usr/lib/x86_64-linux-gnu/libdrm_nouveau.so.2.0.0
7f383d98c000-7f383d98d000 r--p 00005000 08:05 1185768                    /usr/lib/x86_64-linux-gnu/libdrm_nouveau.so.2.0.0
7f383d98d000-7f383d98e000 rw-p 00006000 08:05 1185768                    /usr/lib/x86_64-linux-gnu/libdrm_nouveau.so.2.0.0
7f383d98e000-7f383d9ae000 r-xp 00000000 08:05 1185764                    /usr/lib/x86_64-linux-gnu/libdrm_intel.so.1.0.0
7f383d9ae000-7f383dbad000 ---p 00020000 08:05 1185764                    /usr/lib/x86_64-linux-gnu/libdrm_intel.so.1.0.0
7f383dbad000-7f383dbae000 r--p 0001f000 08:05 1185764                    /usr/lib/x86_64-linux-gnu/libdrm_intel.so.1.0.0
7f383dbae000-7f383dbaf000 rw-p 00020000 08:05 1185764                    /usr/lib/x86_64-linux-gnu/libdrm_intel.so.1.0.0
7f383dbaf000-7f383e103000 r-xp 00000000 08:05 1311633                    /usr/lib/x86_64-linux-gnu/dri/i965_dri.so
7f383e103000-7f383e303000 ---p 00554000 08:05 1311633                    /usr/lib/x86_64-linux-gnu/dri/i965_dri.so
7f383e303000-7f383e324000 r--p 00554000 08:05 1311633                    /usr/lib/x86_64-linux-gnu/dri/i965_dri.so
7f383e324000-7f383e32b000 rw-p 00575000 08:05 1311633                    /usr/lib/x86_64-linux-gnu/dri/i965_dri.so
7f383e32b000-7f383e332000 rw-p 00000000 00:00 0 
7f383e332000-7f383e376000 r-xp 00000000 08:05 524292                     /lib/x86_64-linux-gnu/libdbus-1.so.3.7.6
7f383e376000-7f383e575000 ---p 00044000 08:05 524292                     /lib/x86_64-linux-gnu/libdbus-1.so.3.7.6
7f383e575000-7f383e576000 r--p 00043000 08:05 524292                     /lib/x86_64-linux-gnu/libdbus-1.so.3.7.6
7f383e576000-7f383e577000 rw-p 00044000 08:05 524292                     /lib/x86_64-linux-gnu/libdbus-1.so.3.7.6
7f383e577000-7f383e57f000 r-xp 00000000 08:05 524367                     /lib/x86_64-linux-gnu/libnih-dbus.so.1.0.0
7f383e57f000-7f383e77f000 ---p 00008000 08:05 524367                     /lib/x86_64-linux-gnu/libnih-dbus.so.1.0.0
7f383e77f000-7f383e780000 r--p 00008000 08:05 524367                     /lib/x86_64-linux-gnu/libnih-dbus.so.1.0.0
7f383e780000-7f383e781000 rw-p 00009000 08:05 524367                     /lib/x86_64-linux-gnu/libnih-dbus.so.1.0.0
7f383e781000-7f383e798000 r-xp 00000000 08:05 524369                     /lib/x86_64-linux-gnu/libnih.so.1.0.0
7f383e798000-7f383e997000 ---p 00017000 08:05 524369                     /lib/x86_64-linux-gnu/libnih.so.1.0.0
7f383e997000-7f383e998000 r--p 00016000 08:05 524369                     /lib/x86_64-linux-gnu/libnih.so.1.0.0
7f383e998000-7f383e999000 rw-p 00017000 08:05 524369                     /lib/x86_64-linux-gnu/libnih.so.1.0.0
7f383e999000-7f383e9b2000 r-xp 00000000 08:05 524302                     /lib/x86_64-linux-gnu/libcgmanager.so.0.0.0
7f383e9b2000-7f383ebb1000 ---p 00019000 08:05 524302                     /lib/x86_64-linux-gnu/libcgmanager.so.0.0.0
7f383ebb1000-7f383ebb3000 r--p 00018000 08:05 524302                     /lib/x86_64-linux-gnu/libcgmanager.so.0.0.0
7f383ebb3000-7f383ebb4000 rw-p 0001a000 08:05 524302                     /lib/x86_64-linux-gnu/libcgmanager.so.0.0.0
7f383ebb4000-7f383ebc4000 r-xp 00000000 08:05 524473                     /lib/x86_64-linux-gnu/libudev.so.1.3.5
7f383ebc4000-7f383edc3000 ---p 00010000 08:05 524473                     /lib/x86_64-linux-gnu/libudev.so.1.3.5
7f383edc3000-7f383edc4000 r--p 0000f000 08:05 524473                     /lib/x86_64-linux-gnu/libudev.so.1.3.5
7f383edc4000-7f383edc5000 rw-p 00010000 08:05 524473                     /lib/x86_64-linux-gnu/libudev.so.1.3.5
7f383edc5000-7f383edd0000 r-xp 00000000 08:05 1184048                    /usr/lib/x86_64-linux-gnu/libdrm.so.2.4.0
7f383edd0000-7f383efcf000 ---p 0000b000 08:05 1184048                    /usr/lib/x86_64-linux-gnu/libdrm.so.2.4.0
7f383efcf000-7f383efd0000 r--p 0000a000 08:05 1184048                    /usr/lib/x86_64-linux-gnu/libdrm.so.2.4.0
7f383efd0000-7f383efd1000 rw-p 0000b000 08:05 1184048                    /usr/lib/x86_64-linux-gnu/libdrm.so.2.4.0
7f383efd1000-7f383efd2000 r-xp 00000000 08:05 1185815                    /usr/lib/x86_64-linux-gnu/libxshmfence.so.1.0.0
7f383efd2000-7f383f1d1000 ---p 00001000 08:05 1185815                    /usr/lib/x86_64-linux-gnu/libxshmfence.so.1.0.0
7f383f1d1000-7f383f1d2000 r--p 00000000 08:05 1185815                    /usr/lib/x86_64-linux-gnu/libxshmfence.so.1.0.0
7f383f1d2000-7f383f1d3000 rw-p 00001000 08:05 1185815                    /usr/lib/x86_64-linux-gnu/libxshmfence.so.1.0.0
7f383f1d3000-7f383f1d8000 r-xp 00000000 08:05 1185810                    /usr/lib/x86_64-linux-gnu/libxcb-sync.so.1.0.0
7f383f1d8000-7f383f3d7000 ---p 00005000 08:05 1185810                    /usr/lib/x86_64-linux-gnu/libxcb-sync.so.1.0.0
7f383f3d7000-7f383f3d8000 r--p 00004000 08:05 1185810                    /usr/lib/x86_64-linux-gnu/libxcb-sync.so.1.0.0
7f383f3d8000-7f383f3d9000 rw-p 00005000 08:05 1185810                    /usr/lib/x86_64-linux-gnu/libxcb-sync.so.1.0.0
7f383f3d9000-7f383f3db000 r-xp 00000000 08:05 1185808                    /usr/lib/x86_64-linux-gnu/libxcb-present.so.0.0.0
7f383f3db000-7f383f5da000 ---p 00002000 08:05 1185808                    /usr/lib/x86_64-linux-gnu/libxcb-present.so.0.0.0
7f383f5da000-7f383f5db000 r--p 00001000 08:05 1185808                    /usr/lib/x86_64-linux-gnu/libxcb-present.so.0.0.0
7f383f5db000-7f383f5dc000 rw-p 00002000 08:05 1185808                    /usr/lib/x86_64-linux-gnu/libxcb-present.so.0.0.0
7f383f5dc000-7f383f5de000 r-xp 00000000 08:05 1185804                    /usr/lib/x86_64-linux-gnu/libxcb-dri3.so.0.0.0
7f383f5de000-7f383f7dd000 ---p 00002000 08:05 1185804                    /usr/lib/x86_64-linux-gnu/libxcb-dri3.so.0.0.0
7f383f7dd000-7f383f7de000 r--p 00001000 08:05 1185804                    /usr/lib/x86_64-linux-gnu/libxcb-dri3.so.0.0.0
7f383f7de000-7f383f7df000 rw-p 00002000 08:05 1185804                    /usr/lib/x86_64-linux-gnu/libxcb-dri3.so.0.0.0
7f383f7df000-7f383f7e2000 r-xp 00000000 08:05 1185781                    /usr/lib/x86_64-linux-gnu/libxcb-dri2.so.0.0.0
7f383f7e2000-7f383f9e2000 ---p 00003000 08:05 1185781                    /usr/lib/x86_64-linux-gnu/libxcb-dri2.so.0.0.0
7f383f9e2000-7f383f9e3000 r--p 00003000 08:05 1185781                    /usr/lib/x86_64-linux-gnu/libxcb-dri2.so.0.0.0
7f383f9e3000-7f383f9e4000 rw-p 00004000 08:05 1185781                    /usr/lib/x86_64-linux-gnu/libxcb-dri2.so.0.0.0
7f383f9e4000-7f383f9f9000 r-xp 00000000 08:05 1185806                    /usr/lib/x86_64-linux-gnu/libxcb-glx.so.0.0.0
7f383f9f9000-7f383fbf8000 ---p 00015000 08:05 1185806                    /usr/lib/x86_64-linux-gnu/libxcb-glx.so.0.0.0
7f383fbf8000-7f383fbfa000 r--p 00014000 08:05 1185806                    /usr/lib/x86_64-linux-gnu/libxcb-glx.so.0.0.0
7f383fbfa000-7f383fbfb000 rw-p 00016000 08:05 1185806                    /usr/lib/x86_64-linux-gnu/libxcb-glx.so.0.0.0
7f383fbfb000-7f383fbfc000 r-xp 00000000 08:05 1185787                    /usr/lib/x86_64-linux-gnu/libX11-xcb.so.1.0.0
7f383fbfc000-7f383fdfb000 ---p 00001000 08:05 1185787                    /usr/lib/x86_64-linux-gnu/libX11-xcb.so.1.0.0
7f383fdfb000-7f383fdfc000 r--p 00000000 08:05 1185787                    /usr/lib/x86_64-linux-gnu/libX11-xcb.so.1.0.0
7f383fdfc000-7f383fdfd000 rw-p 00001000 08:05 1185787                    /usr/lib/x86_64-linux-gnu/libX11-xcb.so.1.0.0
7f383fdfd000-7f383fdff000 r-xp 00000000 08:05 1185812                    /usr/lib/x86_64-linux-gnu/libXdamage.so.1.1.0
7f383fdff000-7f383fffe000 ---p 00002000 08:05 1185812                    /usr/lib/x86_64-linux-gnu/libXdamage.so.1.1.0
7f383fffe000-7f383ffff000 r--p 00001000 08:05 1185812                    /usr/lib/x86_64-linux-gnu/libXdamage.so.1.1.0
7f383ffff000-7f3840000000 rw-p 00002000 08:05 1185812                    /usr/lib/x86_64-linux-gnu/libXdamage.so.1.1.0
7f3840000000-7f3840021000 rw-p 00000000 00:00 0 
7f3840021000-7f3844000000 ---p 00000000 00:00 0 
7f384405d000-7f384408e000 rw-p 00000000 00:00 0 
7f384408e000-7f384412e000 rw-s 1032c5000 00:06 10475                     /dev/dri/card0
7f384412e000-7f3844154000 rw-p 00000000 00:00 0 
7f3844154000-7f3844179000 r-xp 00000000 08:05 1181485                    /usr/lib/x86_64-linux-gnu/libglapi.so.0.0.0
7f3844179000-7f3844379000 ---p 00025000 08:05 1181485                    /usr/lib/x86_64-linux-gnu/libglapi.so.0.0.0
7f3844379000-7f384437c000 r--p 00025000 08:05 1181485                    /usr/lib/x86_64-linux-gnu/libglapi.so.0.0.0
7f384437c000-7f384437d000 rw-p 00028000 08:05 1181485                    /usr/lib/x86_64-linux-gnu/libglapi.so.0.0.0
7f384437d000-7f384437e000 rw-p 00000000 00:00 0 
7f384437e000-7f38443a5000 r-xp 00000000 08:05 524403                     /lib/x86_64-linux-gnu/libexpat.so.1.6.0
7f38443a5000-7f38445a5000 ---p 00027000 08:05 524403                     /lib/x86_64-linux-gnu/libexpat.so.1.6.0
7f38445a5000-7f38445a7000 r--p 00027000 08:05 524403                     /lib/x86_64-linux-gnu/libexpat.so.1.6.0
7f38445a7000-7f38445a8000 rw-p 00029000 08:05 524403                     /lib/x86_64-linux-gnu/libexpat.so.1.6.0
7f38445a8000-7f3844636000 r-xp 00000000 08:05 1446318                    /usr/lib/x86_64-linux-gnu/mesa/libGL.so.1.2.0
7f3844636000-7f3844835000 ---p 0008e000 08:05 1446318                    /usr/lib/x86_64-linux-gnu/mesa/libGL.so.1.2.0
7f3844835000-7f3844838000 r--p 0008d000 08:05 1446318                    /usr/lib/x86_64-linux-gnu/mesa/libGL.so.1.2.0
7f3844838000-7f3844839000 rw-p 00090000 08:05 1446318                    /usr/lib/x86_64-linux-gnu/mesa/libGL.so.1.2.0
7f3844839000-7f384483a000 rw-p 00000000 00:00 0 
7f384483a000-7f384483f000 r-xp 00000000 08:05 1185723                    /usr/lib/x86_64-linux-gnu/libXdmcp.so.6.0.0
7f384483f000-7f3844a3e000 ---p 00005000 08:05 1185723                    /usr/lib/x86_64-linux-gnu/libXdmcp.so.6.0.0
7f3844a3e000-7f3844a3f000 r--p 00004000 08:05 1185723                    /usr/lib/x86_64-linux-gnu/libXdmcp.so.6.0.0
7f3844a3f000-7f3844a40000 rw-p 00005000 08:05 1185723                    /usr/lib/x86_64-linux-gnu/libXdmcp.so.6.0.0
7f3844a40000-7f3844a42000 r-xp 00000000 08:05 1185718                    /usr/lib/x86_64-linux-gnu/libXau.so.6.0.0
7f3844a42000-7f3844c42000 ---p 00002000 08:05 1185718                    /usr/lib/x86_64-linux-gnu/libXau.so.6.0.0
7f3844c42000-7f3844c43000 r--p 00002000 08:05 1185718                    /usr/lib/x86_64-linux-gnu/libXau.so.6.0.0
7f3844c43000-7f3844c44000 rw-p 00003000 08:05 1185718                    /usr/lib/x86_64-linux-gnu/libXau.so.6.0.0
7f3844c44000-7f3844c49000 r-xp 00000000 08:05 1185796                    /usr/lib/x86_64-linux-gnu/libXfixes.so.3.1.0
7f3844c49000-7f3844e48000 ---p 00005000 08:05 1185796                    /usr/lib/x86_64-linux-gnu/libXfixes.so.3.1.0
7f3844e48000-7f3844e49000 r--p 00004000 08:05 1185796                    /usr/lib/x86_64-linux-gnu/libXfixes.so.3.1.0
7f3844e49000-7f3844e4a000 rw-p 00005000 08:05 1185796                    /usr/lib/x86_64-linux-gnu/libXfixes.so.3.1.0
7f3844e4a000-7f3844e53000 r-xp 00000000 08:05 1185863                    /usr/lib/x86_64-linux-gnu/libXrender.so.1.3.0
7f3844e53000-7f3845052000 ---p 00009000 08:05 1185863                    /usr/lib/x86_64-linux-gnu/libXrender.so.1.3.0
7f3845052000-7f3845053000 r--p 00008000 08:05 1185863                    /usr/lib/x86_64-linux-gnu/libXrender.so.1.3.0
7f3845053000-7f3845054000 rw-p 00009000 08:05 1185863                    /usr/lib/x86_64-linux-gnu/libXrender.so.1.3.0
7f3845054000-7f3845065000 r-xp 00000000 08:05 1185754                    /usr/lib/x86_64-linux-gnu/libXext.so.6.4.0
7f3845065000-7f3845264000 ---p 00011000 08:05 1185754                    /usr/lib/x86_64-linux-gnu/libXext.so.6.4.0
7f3845264000-7f3845265000 r--p 00010000 08:05 1185754                    /usr/lib/x86_64-linux-gnu/libXext.so.6.4.0
7f3845265000-7f3845266000 rw-p 00011000 08:05 1185754                    /usr/lib/x86_64-linux-gnu/libXext.so.6.4.0
7f3845266000-7f3845283000 r-xp 00000000 08:05 1185731                    /usr/lib/x86_64-linux-gnu/libxcb.so.1.1.0
7f3845283000-7f3845483000 ---p 0001d000 08:05 1185731                    /usr/lib/x86_64-linux-gnu/libxcb.so.1.1.0
7f3845483000-7f3845484000 r--p 0001d000 08:05 1185731                    /usr/lib/x86_64-linux-gnu/libxcb.so.1.1.0
7f3845484000-7f3845485000 rw-p 0001e000 08:05 1185731                    /usr/lib/x86_64-linux-gnu/libxcb.so.1.1.0
7f3845485000-7f384548e000 r-xp 00000000 08:05 1188819                    /usr/lib/x86_64-linux-gnu/libXcursor.so.1.0.2
7f384548e000-7f384568d000 ---p 00009000 08:05 1188819                    /usr/lib/x86_64-linux-gnu/libXcursor.so.1.0.2
7f384568d000-7f384568e000 r--p 00008000 08:05 1188819                    /usr/lib/x86_64-linux-gnu/libXcursor.so.1.0.2
7f384568e000-7f384568f000 rw-p 00009000 08:05 1188819                    /usr/lib/x86_64-linux-gnu/libXcursor.so.1.0.2
7f384568f000-7f3845693000 r-xp 00000000 08:05 1185817                    /usr/lib/x86_64-linux-gnu/libXxf86vm.so.1.0.0
7f3845693000-7f3845893000 ---p 00004000 08:05 1185817                    /usr/lib/x86_64-linux-gnu/libXxf86vm.so.1.0.0
7f3845893000-7f3845894000 r--p 00004000 08:05 1185817                    /usr/lib/x86_64-linux-gnu/libXxf86vm.so.1.0.0
7f3845894000-7f3845895000 rw-p 00005000 08:05 1185817                    /usr/lib/x86_64-linux-gnu/libXxf86vm.so.1.0.0
7f3845895000-7f38458a4000 r-xp 00000000 08:05 1185857                    /usr/lib/x86_64-linux-gnu/libXi.so.6.1.0
7f38458a4000-7f3845aa3000 ---p 0000f000 08:05 1185857                    /usr/lib/x86_64-linux-gnu/libXi.so.6.1.0
7f3845aa3000-7f3845aa4000 r--p 0000e000 08:05 1185857                    /usr/lib/x86_64-linux-gnu/libXi.so.6.1.0
7f3845aa4000-7f3845aa5000 rw-p 0000f000 08:05 1185857                    /usr/lib/x86_64-linux-gnu/libXi.so.6.1.0
7f3845aa5000-7f3845aa7000 r-xp 00000000 08:05 1185859                    /usr/lib/x86_64-linux-gnu/libXinerama.so.1.0.0
7f3845aa7000-7f3845ca6000 ---p 00002000 08:05 1185859                    /usr/lib/x86_64-linux-gnu/libXinerama.so.1.0.0
7f3845ca6000-7f3845ca7000 r--p 00001000 08:05 1185859                    /usr/lib/x86_64-linux-gnu/libXinerama.so.1.0.0
7f3845ca7000-7f3845ca8000 rw-p 00002000 08:05 1185859                    /usr/lib/x86_64-linux-gnu/libXinerama.so.1.0.0
7f3845ca8000-7f3845cb1000 r-xp 00000000 08:05 1185865                    /usr/lib/x86_64-linux-gnu/libXrandr.so.2.2.0
7f3845cb1000-7f3845eb0000 ---p 00009000 08:05 1185865                    /usr/lib/x86_64-linux-gnu/libXrandr.so.2.2.0
7f3845eb0000-7f3845eb1000 r--p 00008000 08:05 1185865                    /usr/lib/x86_64-linux-gnu/libXrandr.so.2.2.0
7f3845eb1000-7f3845eb2000 rw-p 00009000 08:05 1185865                    /usr/lib/x86_64-linux-gnu/libXrandr.so.2.2.0
7f3845eb2000-7f3845fe2000 r-xp 00000000 08:05 1185745                    /usr/lib/x86_64-linux-gnu/libX11.so.6.3.0
7f3845fe2000-7f38461e2000 ---p 00130000 08:05 1185745                    /usr/lib/x86_64-linux-gnu/libX11.so.6.3.0
7f38461e2000-7f38461e3000 r--p 00130000 08:05 1185745                    /usr/lib/x86_64-linux-gnu/libX11.so.6.3.0
7f38461e3000-7f38461e7000 rw-p 00131000 08:05 1185745                    /usr/lib/x86_64-linux-gnu/libX11.so.6.3.0
7f38461e7000-7f38461eb000 r-xp 00000000 08:05 655487                     /tmp/lwjgllahtelat/6f5f8e99/libglfw.so
7f38461eb000-7f38461ff000 r-xp 00000000 00:00 0 
7f38461ff000-7f38463fe000 ---p 00018000 08:05 655487                     /tmp/lwjgllahtelat/6f5f8e99/libglfw.so
7f38463fe000-7f38463ff000 rw-p 0000d000 08:05 655487                     /tmp/lwjgllahtelat/6f5f8e99/libglfw.so
7f38463ff000-7f3846600000 rw-p 00000000 00:00 0 
7f3846610000-7f3846620000 rw-s 00000000 00:05 423120                     /drm mm object (deleted)
7f3846620000-7f3846623000 r-xp 00000000 08:05 655486                     /tmp/lwjgllahtelat/6f5f8e99/libjemalloc.so
7f3846623000-7f384665f000 r-xp 00000000 00:00 0 
7f384665f000-7f384685e000 ---p 0003f000 08:05 655486                     /tmp/lwjgllahtelat/6f5f8e99/libjemalloc.so
7f384685e000-7f3846860000 r--p 0001c000 08:05 655486                     /tmp/lwjgllahtelat/6f5f8e99/libjemalloc.so
7f3846860000-7f3846861000 rw-p 0001e000 08:05 655486                     /tmp/lwjgllahtelat/6f5f8e99/libjemalloc.so
7f3846861000-7f3846862000 rw-p 00000000 00:00 0 
7f3846862000-7f384686f000 r-xp 00000000 08:05 655408                     /tmp/lwjgllahtelat/6f5f8e99/liblwjgl.so
7f384686f000-7f38468c3000 r-xp 00000000 00:00 0 
7f38468c3000-7f3846ac2000 ---p 00061000 08:05 655408                     /tmp/lwjgllahtelat/6f5f8e99/liblwjgl.so
7f3846ac2000-7f3846ac4000 rw-p 00033000 08:05 655408                     /tmp/lwjgllahtelat/6f5f8e99/liblwjgl.so
7f3846ac4000-7f3846ac5000 rw-p 00000000 00:00 0 
7f3846ac5000-7f3846ac6000 ---p 00000000 00:00 0 
7f3846ac6000-7f3846bc6000 rw-p 00000000 00:00 0                          [stack:3566]
7f3846bc6000-7f3846bc9000 ---p 00000000 00:00 0 
7f3846bc9000-7f3846cc7000 rw-p 00000000 00:00 0                          [stack:3565]
7f3846cc7000-7f3846cca000 ---p 00000000 00:00 0 
7f3846cca000-7f3846dc8000 rw-p 00000000 00:00 0                          [stack:3564]
7f3846dc8000-7f3846dcb000 ---p 00000000 00:00 0 
7f3846dcb000-7f3846ec9000 rw-p 00000000 00:00 0                          [stack:3563]
7f3846ec9000-7f3846ecc000 ---p 00000000 00:00 0 
7f3846ecc000-7f3846fca000 rw-p 00000000 00:00 0                          [stack:3562]
7f3846fca000-7f38474f5000 r--p 00000000 08:05 1179799                    /usr/lib/locale/locale-archive
7f38474f5000-7f38474f8000 ---p 00000000 00:00 0 
7f38474f8000-7f38475f6000 rw-p 00000000 00:00 0                          [stack:3559]
7f38475f6000-7f38475f9000 ---p 00000000 00:00 0 
7f38475f9000-7f38476f7000 rw-p 00000000 00:00 0                          [stack:3558]
7f38476f7000-7f38476f8000 ---p 00000000 00:00 0 
7f38476f8000-7f3848000000 rw-p 00000000 00:00 0                          [stack:3557]
7f3848000000-7f3848021000 rw-p 00000000 00:00 0 
7f3848021000-7f384c000000 ---p 00000000 00:00 0 
7f384c003000-7f384c00b000 rw-s 00000000 00:05 421631                     /drm mm object (deleted)
7f384c00b000-7f384c800000 rw-p 00000000 00:00 0 
7f384c800000-7f384c9b2000 r--s 01d2e000 08:05 1183336                    /usr/lib/jvm/java-7-openjdk-amd64/jre/lib/rt.jar
7f384c9b2000-7f384ceff000 rw-p 00000000 00:00 0 
7f384ceff000-7f384cf00000 ---p 00000000 00:00 0 
7f384cf00000-7f384d000000 rw-p 00000000 00:00 0                          [stack:3555]
7f384d000000-7f384d270000 rwxp 00000000 00:00 0 
7f384d270000-7f38510c4000 rw-p 00000000 00:00 0 
7f38510c4000-7f3854000000 ---p 00000000 00:00 0 
7f3854000000-7f3854001000 rw-p 00000000 00:00 0 
7f3854001000-7f3854003000 rwxp 00000000 00:00 0 
7f3854003000-7f3854004000 rw-s 103365000 00:06 10475                     /dev/dri/card0
7f3854004000-7f3854005000 rw-s 1032c4000 00:06 10475                     /dev/dri/card0
7f3854005000-7f3854020000 r--s 001e6000 08:07 3146606                    /home/lahtelat/.m2/repository/org/lwjgl/lwjgl/3.0.0b/lwjgl-3.0.0b.jar
7f3854020000-7f3854021000 ---p 00000000 00:00 0 
7f3854021000-7f3854121000 rw-p 00000000 00:00 0                          [stack:3554]
7f3854121000-7f3854122000 ---p 00000000 00:00 0 
7f3854122000-7f3854222000 rw-p 00000000 00:00 0                          [stack:3553]
7f3854222000-7f3854223000 ---p 00000000 00:00 0 
7f3854223000-7f385432e000 rw-p 00000000 00:00 0                          [stack:3552]
7f385432e000-7f3854376000 rw-p 00000000 00:00 0 
7f3854376000-7f385439f000 rw-p 00000000 00:00 0 
7f385439f000-7f3854606000 rw-p 00000000 00:00 0 
7f3854606000-7f3854611000 rw-p 00000000 00:00 0 
7f3854611000-7f3854659000 rw-p 00000000 00:00 0 
7f3854659000-7f3854682000 rw-p 00000000 00:00 0 
7f3854682000-7f38548e8000 rw-p 00000000 00:00 0 
7f38548e8000-7f38548fd000 rw-p 00000000 00:00 0 
7f38548fd000-7f3854a30000 rw-p 00000000 00:00 0 
7f3854a30000-7f3854a31000 rw-p 00000000 00:00 0 
7f3854a31000-7f3854a39000 r-xp 00000000 08:05 1183349                    /usr/lib/jvm/java-7-openjdk-amd64/jre/lib/amd64/libzip.so
7f3854a39000-7f3854c38000 ---p 00008000 08:05 1183349                    /usr/lib/jvm/java-7-openjdk-amd64/jre/lib/amd64/libzip.so
7f3854c38000-7f3854c39000 r--p 00007000 08:05 1183349                    /usr/lib/jvm/java-7-openjdk-amd64/jre/lib/amd64/libzip.so
7f3854c39000-7f3854c3a000 rw-p 00008000 08:05 1183349                    /usr/lib/jvm/java-7-openjdk-amd64/jre/lib/amd64/libzip.so
7f3854c3a000-7f3854c45000 r-xp 00000000 08:05 528525                     /lib/x86_64-linux-gnu/libnss_files-2.19.so
7f3854c45000-7f3854e44000 ---p 0000b000 08:05 528525                     /lib/x86_64-linux-gnu/libnss_files-2.19.so
7f3854e44000-7f3854e45000 r--p 0000a000 08:05 528525                     /lib/x86_64-linux-gnu/libnss_files-2.19.so
7f3854e45000-7f3854e46000 rw-p 0000b000 08:05 528525                     /lib/x86_64-linux-gnu/libnss_files-2.19.so
7f3854e46000-7f3854e51000 r-xp 00000000 08:05 528545                     /lib/x86_64-linux-gnu/libnss_nis-2.19.so
7f3854e51000-7f3855050000 ---p 0000b000 08:05 528545                     /lib/x86_64-linux-gnu/libnss_nis-2.19.so
7f3855050000-7f3855051000 r--p 0000a000 08:05 528545                     /lib/x86_64-linux-gnu/libnss_nis-2.19.so
7f3855051000-7f3855052000 rw-p 0000b000 08:05 528545                     /lib/x86_64-linux-gnu/libnss_nis-2.19.so
7f3855052000-7f3855069000 r-xp 00000000 08:05 528534                     /lib/x86_64-linux-gnu/libnsl-2.19.so
7f3855069000-7f3855268000 ---p 00017000 08:05 528534                     /lib/x86_64-linux-gnu/libnsl-2.19.so
7f3855268000-7f3855269000 r--p 00016000 08:05 528534                     /lib/x86_64-linux-gnu/libnsl-2.19.so
7f3855269000-7f385526a000 rw-p 00017000 08:05 528534                     /lib/x86_64-linux-gnu/libnsl-2.19.so
7f385526a000-7f385526c000 rw-p 00000000 00:00 0 
7f385526c000-7f3855275000 r-xp 00000000 08:05 528533                     /lib/x86_64-linux-gnu/libnss_compat-2.19.so
7f3855275000-7f3855474000 ---p 00009000 08:05 528533                     /lib/x86_64-linux-gnu/libnss_compat-2.19.so
7f3855474000-7f3855475000 r--p 00008000 08:05 528533                     /lib/x86_64-linux-gnu/libnss_compat-2.19.so
7f3855475000-7f3855476000 rw-p 00009000 08:05 528533                     /lib/x86_64-linux-gnu/libnss_compat-2.19.so
7f3855476000-7f38554a1000 r-xp 00000000 08:05 1183357                    /usr/lib/jvm/java-7-openjdk-amd64/jre/lib/amd64/libjava.so
7f38554a1000-7f38556a1000 ---p 0002b000 08:05 1183357                    /usr/lib/jvm/java-7-openjdk-amd64/jre/lib/amd64/libjava.so
7f38556a1000-7f38556a2000 r--p 0002b000 08:05 1183357                    /usr/lib/jvm/java-7-openjdk-amd64/jre/lib/amd64/libjava.so
7f38556a2000-7f38556a4000 rw-p 0002c000 08:05 1183357                    /usr/lib/jvm/java-7-openjdk-amd64/jre/lib/amd64/libjava.so
7f38556a4000-7f38556b4000 r-xp 00000000 08:05 1183371                    /usr/lib/jvm/java-7-openjdk-amd64/jre/lib/amd64/libverify.so
7f38556b4000-7f38558b3000 ---p 00010000 08:05 1183371                    /usr/lib/jvm/java-7-openjdk-amd64/jre/lib/amd64/libverify.so
7f38558b3000-7f38558b5000 r--p 0000f000 08:05 1183371                    /usr/lib/jvm/java-7-openjdk-amd64/jre/lib/amd64/libverify.so
7f38558b5000-7f38558b6000 rw-p 00011000 08:05 1183371                    /usr/lib/jvm/java-7-openjdk-amd64/jre/lib/amd64/libverify.so
7f38558b6000-7f38558bd000 r-xp 00000000 08:05 528542                     /lib/x86_64-linux-gnu/librt-2.19.so
7f38558bd000-7f3855abc000 ---p 00007000 08:05 528542                     /lib/x86_64-linux-gnu/librt-2.19.so
7f3855abc000-7f3855abd000 r--p 00006000 08:05 528542                     /lib/x86_64-linux-gnu/librt-2.19.so
7f3855abd000-7f3855abe000 rw-p 00007000 08:05 528542                     /lib/x86_64-linux-gnu/librt-2.19.so
7f3855abe000-7f3855ad4000 r-xp 00000000 08:05 525956                     /lib/x86_64-linux-gnu/libgcc_s.so.1
7f3855ad4000-7f3855cd3000 ---p 00016000 08:05 525956                     /lib/x86_64-linux-gnu/libgcc_s.so.1
7f3855cd3000-7f3855cd4000 rw-p 00015000 08:05 525956                     /lib/x86_64-linux-gnu/libgcc_s.so.1
7f3855cd4000-7f3855dd9000 r-xp 00000000 08:05 528524                     /lib/x86_64-linux-gnu/libm-2.19.so
7f3855dd9000-7f3855fd8000 ---p 00105000 08:05 528524                     /lib/x86_64-linux-gnu/libm-2.19.so
7f3855fd8000-7f3855fd9000 r--p 00104000 08:05 528524                     /lib/x86_64-linux-gnu/libm-2.19.so
7f3855fd9000-7f3855fda000 rw-p 00105000 08:05 528524                     /lib/x86_64-linux-gnu/libm-2.19.so
7f3855fda000-7f38560c0000 r-xp 00000000 08:05 1181532                    /usr/lib/x86_64-linux-gnu/libstdc++.so.6.0.19
7f38560c0000-7f38562bf000 ---p 000e6000 08:05 1181532                    /usr/lib/x86_64-linux-gnu/libstdc++.so.6.0.19
7f38562bf000-7f38562c7000 r--p 000e5000 08:05 1181532                    /usr/lib/x86_64-linux-gnu/libstdc++.so.6.0.19
7f38562c7000-7f38562c9000 rw-p 000ed000 08:05 1181532                    /usr/lib/x86_64-linux-gnu/libstdc++.so.6.0.19
7f38562c9000-7f38562de000 rw-p 00000000 00:00 0 
7f38562de000-7f3856e02000 r-xp 00000000 08:05 1183363                    /usr/lib/jvm/java-7-openjdk-amd64/jre/lib/amd64/server/libjvm.so
7f3856e02000-7f3857002000 ---p 00b24000 08:05 1183363                    /usr/lib/jvm/java-7-openjdk-amd64/jre/lib/amd64/server/libjvm.so
7f3857002000-7f385709c000 r--p 00b24000 08:05 1183363                    /usr/lib/jvm/java-7-openjdk-amd64/jre/lib/amd64/server/libjvm.so
7f385709c000-7f38570bf000 rw-p 00bbe000 08:05 1183363                    /usr/lib/jvm/java-7-openjdk-amd64/jre/lib/amd64/server/libjvm.so
7f38570bf000-7f38570ed000 rw-p 00000000 00:00 0 
7f38570ed000-7f3857105000 r-xp 00000000 08:05 524534                     /lib/x86_64-linux-gnu/libz.so.1.2.8
7f3857105000-7f3857304000 ---p 00018000 08:05 524534                     /lib/x86_64-linux-gnu/libz.so.1.2.8
7f3857304000-7f3857305000 r--p 00017000 08:05 524534                     /lib/x86_64-linux-gnu/libz.so.1.2.8
7f3857305000-7f3857306000 rw-p 00018000 08:05 524534                     /lib/x86_64-linux-gnu/libz.so.1.2.8
7f3857306000-7f385731f000 r-xp 00000000 08:05 528540                     /lib/x86_64-linux-gnu/libpthread-2.19.so
7f385731f000-7f385751e000 ---p 00019000 08:05 528540                     /lib/x86_64-linux-gnu/libpthread-2.19.so
7f385751e000-7f385751f000 r--p 00018000 08:05 528540                     /lib/x86_64-linux-gnu/libpthread-2.19.so
7f385751f000-7f3857520000 rw-p 00019000 08:05 528540                     /lib/x86_64-linux-gnu/libpthread-2.19.so
7f3857520000-7f3857524000 rw-p 00000000 00:00 0 
7f3857524000-7f3857527000 r-xp 00000000 08:05 528528                     /lib/x86_64-linux-gnu/libdl-2.19.so
7f3857527000-7f3857726000 ---p 00003000 08:05 528528                     /lib/x86_64-linux-gnu/libdl-2.19.so
7f3857726000-7f3857727000 r--p 00002000 08:05 528528                     /lib/x86_64-linux-gnu/libdl-2.19.so
7f3857727000-7f3857728000 rw-p 00003000 08:05 528528                     /lib/x86_64-linux-gnu/libdl-2.19.so
7f3857728000-7f38578e3000 r-xp 00000000 08:05 528539                     /lib/x86_64-linux-gnu/libc-2.19.so
7f38578e3000-7f3857ae2000 ---p 001bb000 08:05 528539                     /lib/x86_64-linux-gnu/libc-2.19.so
7f3857ae2000-7f3857ae6000 r--p 001ba000 08:05 528539                     /lib/x86_64-linux-gnu/libc-2.19.so
7f3857ae6000-7f3857ae8000 rw-p 001be000 08:05 528539                     /lib/x86_64-linux-gnu/libc-2.19.so
7f3857ae8000-7f3857aed000 rw-p 00000000 00:00 0 
7f3857aed000-7f3857afa000 r-xp 00000000 08:05 1183372                    /usr/lib/jvm/java-7-openjdk-amd64/jre/lib/amd64/jli/libjli.so
7f3857afa000-7f3857cf9000 ---p 0000d000 08:05 1183372                    /usr/lib/jvm/java-7-openjdk-amd64/jre/lib/amd64/jli/libjli.so
7f3857cf9000-7f3857cfa000 r--p 0000c000 08:05 1183372                    /usr/lib/jvm/java-7-openjdk-amd64/jre/lib/amd64/jli/libjli.so
7f3857cfa000-7f3857cfb000 rw-p 0000d000 08:05 1183372                    /usr/lib/jvm/java-7-openjdk-amd64/jre/lib/amd64/jli/libjli.so
7f3857cfb000-7f3857d1e000 r-xp 00000000 08:05 528536                     /lib/x86_64-linux-gnu/ld-2.19.so
7f3857d1e000-7f3857d26000 rw-s 00000000 00:05 421618                     /drm mm object (deleted)
7f3857d26000-7f3857d2d000 r--s 00000000 08:05 1182857                    /usr/lib/x86_64-linux-gnu/gconv/gconv-modules.cache
7f3857d2d000-7f3857d2e000 r--p 00000000 08:05 2097571                    /usr/share/locale-langpack/en_GB/LC_MESSAGES/libc.mo
7f3857d2e000-7f3857d33000 r--s 0004e000 08:05 1183386                    /usr/lib/jvm/java-7-openjdk-amd64/jre/lib/jsse.jar
7f3857d33000-7f3857d34000 r--s 000f9000 08:07 3146689                    /home/lahtelat/.m2/repository/org/lwjgl/lwjgl-platform/3.0.0b/lwjgl-platform-3.0.0b-natives-linux.jar
7f3857d34000-7f3857d35000 r--s 00076000 08:07 3146688                    /home/lahtelat/.m2/repository/org/lwjgl/lwjgl-platform/3.0.0b/lwjgl-platform-3.0.0b-natives-osx.jar
7f3857d35000-7f3857d36000 r--s 00149000 08:07 3146687                    /home/lahtelat/.m2/repository/org/lwjgl/lwjgl-platform/3.0.0b/lwjgl-platform-3.0.0b-natives-windows.jar
7f3857d36000-7f3857d37000 r--s 0002c000 08:07 3277438                    /home/lahtelat/.m2/repository/org/joml/joml/1.6.8/joml-1.6.8.jar
7f3857d37000-7f3857d38000 r--s 00002000 08:05 1183331                    /usr/lib/jvm/java-7-openjdk-amd64/jre/lib/ext/dnsns.jar
7f3857d38000-7f3857d42000 rw-p 00000000 00:00 0 
7f3857d42000-7f3857df8000 rw-p 00000000 00:00 0 
7f3857df8000-7f3857dfb000 ---p 00000000 00:00 0 
7f3857dfb000-7f3857efe000 rw-p 00000000 00:00 0                          [stack:3551]
7f3857efe000-7f3857f02000 r--s 00085000 08:05 1183327                    /usr/lib/jvm/java-7-openjdk-amd64/jre/lib/ext/localedata.jar
7f3857f02000-7f3857f04000 r--s 00012000 08:05 1183326                    /usr/lib/jvm/java-7-openjdk-amd64/jre/lib/ext/zipfs.jar
7f3857f04000-7f3857f07000 r--s 0000f000 08:05 1183328                    /usr/lib/jvm/java-7-openjdk-amd64/jre/lib/ext/icedtea-sound.jar
7f3857f07000-7f3857f0b000 r--s 00034000 08:05 1183329                    /usr/lib/jvm/java-7-openjdk-amd64/jre/lib/ext/sunjce_provider.jar
7f3857f0b000-7f3857f0d000 r--s 00006000 08:05 2252021                    /usr/share/java/java-atk-wrapper.jar
7f3857f0d000-7f3857f11000 r--s 0003c000 08:05 1183330                    /usr/lib/jvm/java-7-openjdk-amd64/jre/lib/ext/sunpkcs11.jar
7f3857f11000-7f3857f19000 rw-s 00000000 08:05 655489                     /tmp/hsperfdata_lahtelat/3547
7f3857f19000-7f3857f1a000 rw-p 00000000 00:00 0 
7f3857f1a000-7f3857f1b000 r--p 00000000 00:00 0 
7f3857f1b000-7f3857f1d000 rw-p 00000000 00:00 0 
7f3857f1d000-7f3857f1e000 r--p 00022000 08:05 528536                     /lib/x86_64-linux-gnu/ld-2.19.so
7f3857f1e000-7f3857f1f000 rw-p 00023000 08:05 528536                     /lib/x86_64-linux-gnu/ld-2.19.so
7f3857f1f000-7f3857f20000 rw-p 00000000 00:00 0 
7ffee43e6000-7ffee4407000 rw-p 00000000 00:00 0                          [stack]
7ffee456d000-7ffee456f000 r--p 00000000 00:00 0                          [vvar]
7ffee456f000-7ffee4571000 r-xp 00000000 00:00 0                          [vdso]
ffffffffff600000-ffffffffff601000 r-xp 00000000 00:00 0                  [vsyscall]

VM Arguments:
java_command: com.goodgames.ponggame.Main
Launcher Type: SUN_STANDARD

Environment Variables:
JAVA_HOME=/usr/lib/jvm/default-java
PATH=/bin:/usr/local/sbin:/usr/local/bin:/usr/sbin:/usr/bin:/sbin:/bin:/usr/games:/usr/local/games
LD_LIBRARY_PATH=/usr/lib/jvm/default-java/jre/lib/amd64:/usr/lib/jvm/default-java/jre/lib/i386:
SHELL=/bin/bash
DISPLAY=:0

Signal Handlers:
SIGSEGV: [libjvm.so+0x9548f0], sa_mask[0]=0x7ffbfeff, sa_flags=0x10000004
SIGBUS: [libjvm.so+0x9548f0], sa_mask[0]=0x7ffbfeff, sa_flags=0x10000004
SIGFPE: [libjvm.so+0x7cb0b0], sa_mask[0]=0x7ffbfeff, sa_flags=0x10000004
SIGPIPE: [libjvm.so+0x7cb0b0], sa_mask[0]=0x7ffbfeff, sa_flags=0x10000004
SIGXFSZ: [libjvm.so+0x7cb0b0], sa_mask[0]=0x7ffbfeff, sa_flags=0x10000004
SIGILL: [libjvm.so+0x7cb0b0], sa_mask[0]=0x7ffbfeff, sa_flags=0x10000004
SIGUSR1: SIG_DFL, sa_mask[0]=0x00000000, sa_flags=0x00000000
SIGUSR2: [libjvm.so+0x7caf50], sa_mask[0]=0x00000004, sa_flags=0x10000004
SIGHUP: [libjvm.so+0x7cb130], sa_mask[0]=0x7ffbfeff, sa_flags=0x10000004
SIGINT: SIG_IGN, sa_mask[0]=0x00000000, sa_flags=0x00000000
SIGTERM: [libjvm.so+0x7cb130], sa_mask[0]=0x7ffbfeff, sa_flags=0x10000004
SIGQUIT: [libjvm.so+0x7cb130], sa_mask[0]=0x7ffbfeff, sa_flags=0x10000004
SIGTRAP: SIG_DFL, sa_mask[0]=0x00000000, sa_flags=0x00000000


---------------  S Y S T E M  ---------------

OS:Ubuntu 14.04 (trusty)
uname:Linux 3.19.0-47-generic #53~14.04.1-Ubuntu SMP Mon Jan 18 16:09:14 UTC 2016 x86_64
libc:glibc 2.19 NPTL 2.19 
rlimit: STACK 8192k, CORE 0k, NPROC 31353, NOFILE 4096, AS infinity
load average:0.67 0.48 0.35

/proc/meminfo:
MemTotal:        8048044 kB
MemFree:         4071932 kB
MemAvailable:    5071092 kB
Buffers:          245700 kB
Cached:          1243912 kB
SwapCached:        30560 kB
Active:          2726108 kB
Inactive:         981320 kB
Active(anon):    1987980 kB
Inactive(anon):   622992 kB
Active(file):     738128 kB
Inactive(file):   358328 kB
Unevictable:          32 kB
Mlocked:              32 kB
SwapTotal:       4999164 kB
SwapFree:        4959568 kB
Dirty:               880 kB
Writeback:             0 kB
AnonPages:       2187392 kB
Mapped:           330852 kB
Shmem:            393148 kB
Slab:             177772 kB
SReclaimable:     143264 kB
SUnreclaim:        34508 kB
KernelStack:        8848 kB
PageTables:        33676 kB
NFS_Unstable:          0 kB
Bounce:                0 kB
WritebackTmp:          0 kB
CommitLimit:     9023184 kB
Committed_AS:    5641736 kB
VmallocTotal:   34359738367 kB
VmallocUsed:      561236 kB
VmallocChunk:   34359060348 kB
HardwareCorrupted:     0 kB
AnonHugePages:   1378304 kB
CmaTotal:              0 kB
CmaFree:               0 kB
HugePages_Total:       0
HugePages_Free:        0
HugePages_Rsvd:        0
HugePages_Surp:        0
Hugepagesize:       2048 kB
DirectMap4k:      103936 kB
DirectMap2M:     3962880 kB
DirectMap1G:     5242880 kB


CPU:total 4 (2 cores per cpu, 2 threads per core) family 6 model 61 stepping 4, cmov, cx8, fxsr, mmx, sse, sse2, sse3, ssse3, sse4.1, sse4.2, popcnt, avx, avx2, aes, erms, ht, tsc, tscinvbit

/proc/cpuinfo:
processor	: 0
vendor_id	: GenuineIntel
cpu family	: 6
model		: 61
model name	: Intel(R) Core(TM) i5-5300U CPU @ 2.30GHz
stepping	: 4
microcode	: 0x1f
cpu MHz		: 2699.984
cache size	: 3072 KB
physical id	: 0
siblings	: 4
core id		: 0
cpu cores	: 2
apicid		: 0
initial apicid	: 0
fpu		: yes
fpu_exception	: yes
cpuid level	: 20
wp		: yes
flags		: fpu vme de pse tsc msr pae mce cx8 apic sep mtrr pge mca cmov pat pse36 clflush dts acpi mmx fxsr sse sse2 ss ht tm pbe syscall nx pdpe1gb rdtscp lm constant_tsc arch_perfmon pebs bts rep_good nopl xtopology nonstop_tsc aperfmperf eagerfpu pni pclmulqdq dtes64 monitor ds_cpl vmx smx est tm2 ssse3 fma cx16 xtpr pdcm pcid sse4_1 sse4_2 x2apic movbe popcnt tsc_deadline_timer aes xsave avx f16c rdrand lahf_lm abm 3dnowprefetch ida arat epb pln pts dtherm tpr_shadow vnmi flexpriority ept vpid fsgsbase tsc_adjust bmi1 hle avx2 smep bmi2 erms invpcid rtm rdseed adx smap xsaveopt
bugs		:
bogomips	: 4589.46
clflush size	: 64
cache_alignment	: 64
address sizes	: 39 bits physical, 48 bits virtual
power management:

processor	: 1
vendor_id	: GenuineIntel
cpu family	: 6
model		: 61
model name	: Intel(R) Core(TM) i5-5300U CPU @ 2.30GHz
stepping	: 4
microcode	: 0x1f
cpu MHz		: 2699.984
cache size	: 3072 KB
physical id	: 0
siblings	: 4
core id		: 0
cpu cores	: 2
apicid		: 1
initial apicid	: 1
fpu		: yes
fpu_exception	: yes
cpuid level	: 20
wp		: yes
flags		: fpu vme de pse tsc msr pae mce cx8 apic sep mtrr pge mca cmov pat pse36 clflush dts acpi mmx fxsr sse sse2 ss ht tm pbe syscall nx pdpe1gb rdtscp lm constant_tsc arch_perfmon pebs bts rep_good nopl xtopology nonstop_tsc aperfmperf eagerfpu pni pclmulqdq dtes64 monitor ds_cpl vmx smx est tm2 ssse3 fma cx16 xtpr pdcm pcid sse4_1 sse4_2 x2apic movbe popcnt tsc_deadline_timer aes xsave avx f16c rdrand lahf_lm abm 3dnowprefetch ida arat epb pln pts dtherm tpr_shadow vnmi flexpriority ept vpid fsgsbase tsc_adjust bmi1 hle avx2 smep bmi2 erms invpcid rtm rdseed adx smap xsaveopt
bugs		:
bogomips	: 4589.46
clflush size	: 64
cache_alignment	: 64
address sizes	: 39 bits physical, 48 bits virtual
power management:

processor	: 2
vendor_id	: GenuineIntel
cpu family	: 6
model		: 61
model name	: Intel(R) Core(TM) i5-5300U CPU @ 2.30GHz
stepping	: 4
microcode	: 0x1f
cpu MHz		: 2701.871
cache size	: 3072 KB
physical id	: 0
siblings	: 4
core id		: 1
cpu cores	: 2
apicid		: 2
initial apicid	: 2
fpu		: yes
fpu_exception	: yes
cpuid level	: 20
wp		: yes
flags		: fpu vme de pse tsc msr pae mce cx8 apic sep mtrr pge mca cmov pat pse36 clflush dts acpi mmx fxsr sse sse2 ss ht tm pbe syscall nx pdpe1gb rdtscp lm constant_tsc arch_perfmon pebs bts rep_good nopl xtopology nonstop_tsc aperfmperf eagerfpu pni pclmulqdq dtes64 monitor ds_cpl vmx smx est tm2 ssse3 fma cx16 xtpr pdcm pcid sse4_1 sse4_2 x2apic movbe popcnt tsc_deadline_timer aes xsave avx f16c rdrand lahf_lm abm 3dnowprefetch ida arat epb pln pts dtherm tpr_shadow vnmi flexpriority ept vpid fsgsbase tsc_adjust bmi1 hle avx2 smep bmi2 erms invpcid rtm rdseed adx smap xsaveopt
bugs		:
bogomips	: 4589.46
clflush size	: 64
cache_alignment	: 64
address sizes	: 39 bits physical, 48 bits virtual
power management:

processor	: 3
vendor_id	: GenuineIntel
cpu family	: 6
model		: 61
model name	: Intel(R) Core(TM) i5-5300U CPU @ 2.30GHz
stepping	: 4
microcode	: 0x1f
cpu MHz		: 2704.117
cache size	: 3072 KB
physical id	: 0
siblings	: 4
core id		: 1
cpu cores	: 2
apicid		: 3
initial apicid	: 3
fpu		: yes
fpu_exception	: yes
cpuid level	: 20
wp		: yes
flags		: fpu vme de pse tsc msr pae mce cx8 apic sep mtrr pge mca cmov pat pse36 clflush dts acpi mmx fxsr sse sse2 ss ht tm pbe syscall nx pdpe1gb rdtscp lm constant_tsc arch_perfmon pebs bts rep_good nopl xtopology nonstop_tsc aperfmperf eagerfpu pni pclmulqdq dtes64 monitor ds_cpl vmx smx est tm2 ssse3 fma cx16 xtpr pdcm pcid sse4_1 sse4_2 x2apic movbe popcnt tsc_deadline_timer aes xsave avx f16c rdrand lahf_lm abm 3dnowprefetch ida arat epb pln pts dtherm tpr_shadow vnmi flexpriority ept vpid fsgsbase tsc_adjust bmi1 hle avx2 smep bmi2 erms invpcid rtm rdseed adx smap xsaveopt
bugs		:
bogomips	: 4589.46
clflush size	: 64
cache_alignment	: 64
address sizes	: 39 bits physical, 48 bits virtual
power management:



Memory: 4k page, physical 8048044k(4074684k free), swap 4999164k(4959568k free)

vm_info: OpenJDK 64-Bit Server VM (24.91-b01) for linux-amd64 JRE (1.7.0_91-b02), built on Nov 19 2015 06:14:37 by "buildd" with gcc 4.8.2

time: Sun Jan 24 23:50:42 2016
elapsed time: 1 seconds

